[ 2019-07-24T11:02:59+08:00 ] 111.196.62.66 /
INFO: [ app_init ] --START--
INFO: Run Behavior\BuildLiteBehavior [ RunTime:0.000000s ]
INFO: [ app_init ] --END-- [ RunTime:0.015625s ]
INFO: [ app_begin ] --START--
INFO: Run Behavior\ReadHtmlCacheBehavior [ RunTime:0.015625s ]
INFO: [ app_begin ] --END-- [ RunTime:0.015625s ]
SQL: SHOW COLUMNS FROM `dd_paper` [ RunTime:0.0000s ]
NOTIC: [8] Undefined variable: where D:\wwwroot\ys8888cn\wwwroot\Application\Home\Controller\IndexController.class.php 第 7 行.
SQL: SELECT COUNT(*) AS tp_count FROM `dd_paper` LIMIT 1   [ RunTime:0.0000s ]
SQL: SELECT * FROM `dd_paper` WHERE ( store_cate=2 ) ORDER BY id desc LIMIT 0,9   [ RunTime:0.1875s ]
SQL: SHOW COLUMNS FROM `dd_product_cate` [ RunTime:0.0000s ]
SQL: SELECT `name` FROM `dd_product_cate` WHERE `id` = 2 LIMIT 1   [ RunTime:0.0000s ]
SQL: SELECT `name` FROM `dd_product_cate` WHERE `id` = 2 LIMIT 1   [ RunTime:0.0000s ]
SQL: SELECT `name` FROM `dd_product_cate` WHERE `id` = 2 LIMIT 1   [ RunTime:0.0156s ]
SQL: SELECT `name` FROM `dd_product_cate` WHERE `id` = 2 LIMIT 1   [ RunTime:0.0000s ]
SQL: SELECT `name` FROM `dd_product_cate` WHERE `id` = 2 LIMIT 1   [ RunTime:0.0000s ]
SQL: SELECT * FROM `dd_paper` WHERE ( store_cate=3 ) ORDER BY id desc LIMIT 0,9   [ RunTime:0.0000s ]
SQL: SELECT `name` FROM `dd_product_cate` WHERE `id` = 3 LIMIT 1   [ RunTime:0.0000s ]
SQL: SELECT `name` FROM `dd_product_cate` WHERE `id` = 3 LIMIT 1   [ RunTime:0.0000s ]
SQL: SELECT `name` FROM `dd_product_cate` WHERE `id` = 3 LIMIT 1   [ RunTime:0.0000s ]
SQL: SELECT `name` FROM `dd_product_cate` WHERE `id` = 3 LIMIT 1   [ RunTime:0.0000s ]
SQL: SELECT * FROM `dd_paper` WHERE ( store_cate=13 ) ORDER BY id desc LIMIT 0,9   [ RunTime:0.0000s ]
SQL: SELECT `name` FROM `dd_product_cate` WHERE `id` = 3 LIMIT 1   [ RunTime:0.0000s ]
SQL: SELECT `name` FROM `dd_product_cate` WHERE `id` = 3 LIMIT 1   [ RunTime:0.0000s ]
SQL: SELECT `name` FROM `dd_product_cate` WHERE `id` = 3 LIMIT 1   [ RunTime:0.0000s ]
SQL: SELECT `name` FROM `dd_product_cate` WHERE `id` = 3 LIMIT 1   [ RunTime:0.0000s ]
SQL: SELECT * FROM `dd_paper` WHERE ( `store_cate` >= '5' AND `store_cate` <= '9'  ) ORDER BY id desc LIMIT 0,9   [ RunTime:0.0000s ]
SQL: SELECT `name` FROM `dd_product_cate` WHERE `id` = 9 LIMIT 1   [ RunTime:0.0000s ]
SQL: SELECT `name` FROM `dd_product_cate` WHERE `id` = 9 LIMIT 1   [ RunTime:0.0000s ]
SQL: SELECT `name` FROM `dd_product_cate` WHERE `id` = 9 LIMIT 1   [ RunTime:0.0000s ]
SQL: SELECT `name` FROM `dd_product_cate` WHERE `id` = 6 LIMIT 1   [ RunTime:0.0000s ]
SQL: SELECT `name` FROM `dd_product_cate` WHERE `id` = 6 LIMIT 1   [ RunTime:0.0000s ]
SQL: SELECT `name` FROM `dd_product_cate` WHERE `id` = 6 LIMIT 1   [ RunTime:0.0000s ]
SQL: SELECT `name` FROM `dd_product_cate` WHERE `id` = 8 LIMIT 1   [ RunTime:0.0000s ]
SQL: SELECT `name` FROM `dd_product_cate` WHERE `id` = 8 LIMIT 1   [ RunTime:0.0000s ]
SQL: SELECT `name` FROM `dd_product_cate` WHERE `id` = 8 LIMIT 1   [ RunTime:0.0000s ]
INFO: [ view_parse ] --START--
INFO: [ template_filter ] --START--
INFO: Run Behavior\ContentReplaceBehavior [ RunTime:0.000000s ]
INFO: [ template_filter ] --END-- [ RunTime:0.000000s ]
INFO: Run Behavior\ParseTemplateBehavior [ RunTime:0.390625s ]
INFO: [ view_parse ] --END-- [ RunTime:0.390625s ]
INFO: [ view_filter ] --START--
INFO: Run Behavior\WriteHtmlCacheBehavior [ RunTime:0.031250s ]
INFO: [ view_filter ] --END-- [ RunTime:0.031250s ]
INFO: [ app_end ] --START--
INFO: Run Behavior\ShowPageTraceBehavior [ RunTime:0.000000s ]
INFO: [ app_end ] --END-- [ RunTime:0.000000s ]

[ 2019-07-24T11:03:00+08:00 ] 111.196.62.66 /
INFO: [ app_init ] --START--
INFO: Run Behavior\BuildLiteBehavior [ RunTime:0.000000s ]
INFO: [ app_init ] --END-- [ RunTime:0.000000s ]
INFO: [ app_begin ] --START--
INFO: Run Behavior\ReadHtmlCacheBehavior [ RunTime:0.000000s ]
INFO: [ app_begin ] --END-- [ RunTime:0.000000s ]
SQL: SHOW COLUMNS FROM `dd_paper` [ RunTime:0.0000s ]
NOTIC: [8] Undefined variable: where D:\wwwroot\ys8888cn\wwwroot\Application\Home\Controller\IndexController.class.php 第 7 行.
SQL: SELECT COUNT(*) AS tp_count FROM `dd_paper` LIMIT 1   [ RunTime:0.0000s ]
SQL: SELECT * FROM `dd_paper` WHERE ( store_cate=2 ) ORDER BY id desc LIMIT 0,9   [ RunTime:0.0000s ]
SQL: SHOW COLUMNS FROM `dd_product_cate` [ RunTime:0.0000s ]
SQL: SELECT `name` FROM `dd_product_cate` WHERE `id` = 2 LIMIT 1   [ RunTime:0.0156s ]
SQL: SELECT `name` FROM `dd_product_cate` WHERE `id` = 2 LIMIT 1   [ RunTime:0.0000s ]
SQL: SELECT `name` FROM `dd_product_cate` WHERE `id` = 2 LIMIT 1   [ RunTime:0.0000s ]
SQL: SELECT `name` FROM `dd_product_cate` WHERE `id` = 2 LIMIT 1   [ RunTime:0.0000s ]
SQL: SELECT `name` FROM `dd_product_cate` WHERE `id` = 2 LIMIT 1   [ RunTime:0.0000s ]
SQL: SELECT * FROM `dd_paper` WHERE ( store_cate=3 ) ORDER BY id desc LIMIT 0,9   [ RunTime:0.0000s ]
SQL: SELECT `name` FROM `dd_product_cate` WHERE `id` = 3 LIMIT 1   [ RunTime:0.0000s ]
SQL: SELECT `name` FROM `dd_product_cate` WHERE `id` = 3 LIMIT 1   [ RunTime:0.0000s ]
SQL: SELECT `name` FROM `dd_product_cate` WHERE `id` = 3 LIMIT 1   [ RunTime:0.0000s ]
SQL: SELECT `name` FROM `dd_product_cate` WHERE `id` = 3 LIMIT 1   [ RunTime:0.0000s ]
SQL: SELECT * FROM `dd_paper` WHERE ( store_cate=13 ) ORDER BY id desc LIMIT 0,9   [ RunTime:0.0000s ]
SQL: SELECT `name` FROM `dd_product_cate` WHERE `id` = 3 LIMIT 1   [ RunTime:0.0000s ]
SQL: SELECT `name` FROM `dd_product_cate` WHERE `id` = 3 LIMIT 1   [ RunTime:0.0000s ]
SQL: SELECT `name` FROM `dd_product_cate` WHERE `id` = 3 LIMIT 1   [ RunTime:0.0000s ]
SQL: SELECT `name` FROM `dd_product_cate` WHERE `id` = 3 LIMIT 1   [ RunTime:0.0000s ]
SQL: SELECT * FROM `dd_paper` WHERE ( `store_cate` >= '5' AND `store_cate` <= '9'  ) ORDER BY id desc LIMIT 0,9   [ RunTime:0.0156s ]
SQL: SELECT `name` FROM `dd_product_cate` WHERE `id` = 9 LIMIT 1   [ RunTime:0.0000s ]
SQL: SELECT `name` FROM `dd_product_cate` WHERE `id` = 9 LIMIT 1   [ RunTime:0.0000s ]
SQL: SELECT `name` FROM `dd_product_cate` WHERE `id` = 9 LIMIT 1   [ RunTime:0.0000s ]
SQL: SELECT `name` FROM `dd_product_cate` WHERE `id` = 6 LIMIT 1   [ RunTime:0.0000s ]
SQL: SELECT `name` FROM `dd_product_cate` WHERE `id` = 6 LIMIT 1   [ RunTime:0.0000s ]
SQL: SELECT `name` FROM `dd_product_cate` WHERE `id` = 6 LIMIT 1   [ RunTime:0.0000s ]
SQL: SELECT `name` FROM `dd_product_cate` WHERE `id` = 8 LIMIT 1   [ RunTime:0.0000s ]
SQL: SELECT `name` FROM `dd_product_cate` WHERE `id` = 8 LIMIT 1   [ RunTime:0.0000s ]
SQL: SELECT `name` FROM `dd_product_cate` WHERE `id` = 8 LIMIT 1   [ RunTime:0.0000s ]
INFO: [ view_parse ] --START--
INFO: [ template_filter ] --START--
INFO: Run Behavior\ContentReplaceBehavior [ RunTime:0.000000s ]
INFO: [ template_filter ] --END-- [ RunTime:0.000000s ]
INFO: Run Behavior\ParseTemplateBehavior [ RunTime:0.328125s ]
INFO: [ view_parse ] --END-- [ RunTime:0.328125s ]
INFO: [ view_filter ] --START--
INFO: Run Behavior\WriteHtmlCacheBehavior [ RunTime:0.000000s ]
INFO: [ view_filter ] --END-- [ RunTime:0.000000s ]
INFO: [ app_end ] --START--
INFO: Run Behavior\ShowPageTraceBehavior [ RunTime:0.000000s ]
INFO: [ app_end ] --END-- [ RunTime:0.000000s ]

[ 2019-07-24T11:53:16+08:00 ] 14.127.249.90 /
INFO: [ app_init ] --START--
INFO: Run Behavior\BuildLiteBehavior [ RunTime:0.000000s ]
INFO: [ app_init ] --END-- [ RunTime:0.000000s ]
INFO: [ app_begin ] --START--
INFO: Run Behavior\ReadHtmlCacheBehavior [ RunTime:0.000000s ]
INFO: [ app_begin ] --END-- [ RunTime:0.000000s ]
SQL: SHOW COLUMNS FROM `dd_paper` [ RunTime:0.0000s ]
NOTIC: [8] Undefined variable: where D:\wwwroot\ys8888cn\wwwroot\Application\Home\Controller\IndexController.class.php 第 7 行.
SQL: SELECT COUNT(*) AS tp_count FROM `dd_paper` LIMIT 1   [ RunTime:0.0000s ]
SQL: SELECT * FROM `dd_paper` WHERE ( store_cate=2 ) ORDER BY id desc LIMIT 0,9   [ RunTime:0.0000s ]
SQL: SHOW COLUMNS FROM `dd_product_cate` [ RunTime:0.0000s ]
SQL: SELECT `name` FROM `dd_product_cate` WHERE `id` = 2 LIMIT 1   [ RunTime:0.0156s ]
SQL: SELECT `name` FROM `dd_product_cate` WHERE `id` = 2 LIMIT 1   [ RunTime:0.0000s ]
SQL: SELECT `name` FROM `dd_product_cate` WHERE `id` = 2 LIMIT 1   [ RunTime:0.0000s ]
SQL: SELECT `name` FROM `dd_product_cate` WHERE `id` = 2 LIMIT 1   [ RunTime:0.0000s ]
SQL: SELECT `name` FROM `dd_product_cate` WHERE `id` = 2 LIMIT 1   [ RunTime:0.0000s ]
SQL: SELECT * FROM `dd_paper` WHERE ( store_cate=3 ) ORDER BY id desc LIMIT 0,9   [ RunTime:0.0000s ]
SQL: SELECT `name` FROM `dd_product_cate` WHERE `id` = 3 LIMIT 1   [ RunTime:0.0000s ]
SQL: SELECT `name` FROM `dd_product_cate` WHERE `id` = 3 LIMIT 1   [ RunTime:0.0000s ]
SQL: SELECT `name` FROM `dd_product_cate` WHERE `id` = 3 LIMIT 1   [ RunTime:0.0000s ]
SQL: SELECT `name` FROM `dd_product_cate` WHERE `id` = 3 LIMIT 1   [ RunTime:0.0000s ]
SQL: SELECT * FROM `dd_paper` WHERE ( store_cate=13 ) ORDER BY id desc LIMIT 0,9   [ RunTime:0.0000s ]
SQL: SELECT `name` FROM `dd_product_cate` WHERE `id` = 3 LIMIT 1   [ RunTime:0.0156s ]
SQL: SELECT `name` FROM `dd_product_cate` WHERE `id` = 3 LIMIT 1   [ RunTime:0.0000s ]
SQL: SELECT `name` FROM `dd_product_cate` WHERE `id` = 3 LIMIT 1   [ RunTime:0.0000s ]
SQL: SELECT `name` FROM `dd_product_cate` WHERE `id` = 3 LIMIT 1   [ RunTime:0.0000s ]
SQL: SELECT * FROM `dd_paper` WHERE ( `store_cate` >= '5' AND `store_cate` <= '9'  ) ORDER BY id desc LIMIT 0,9   [ RunTime:0.0156s ]
SQL: SELECT `name` FROM `dd_product_cate` WHERE `id` = 9 LIMIT 1   [ RunTime:0.0000s ]
SQL: SELECT `name` FROM `dd_product_cate` WHERE `id` = 9 LIMIT 1   [ RunTime:0.0000s ]
SQL: SELECT `name` FROM `dd_product_cate` WHERE `id` = 9 LIMIT 1   [ RunTime:0.0000s ]
SQL: SELECT `name` FROM `dd_product_cate` WHERE `id` = 6 LIMIT 1   [ RunTime:0.0000s ]
SQL: SELECT `name` FROM `dd_product_cate` WHERE `id` = 6 LIMIT 1   [ RunTime:0.0000s ]
SQL: SELECT `name` FROM `dd_product_cate` WHERE `id` = 6 LIMIT 1   [ RunTime:0.0000s ]
SQL: SELECT `name` FROM `dd_product_cate` WHERE `id` = 8 LIMIT 1   [ RunTime:0.0000s ]
SQL: SELECT `name` FROM `dd_product_cate` WHERE `id` = 8 LIMIT 1   [ RunTime:0.0000s ]
SQL: SELECT `name` FROM `dd_product_cate` WHERE `id` = 8 LIMIT 1   [ RunTime:0.0156s ]
INFO: [ view_parse ] --START--
INFO: [ template_filter ] --START--
INFO: Run Behavior\ContentReplaceBehavior [ RunTime:0.000000s ]
INFO: [ template_filter ] --END-- [ RunTime:0.000000s ]
INFO: Run Behavior\ParseTemplateBehavior [ RunTime:0.406250s ]
INFO: [ view_parse ] --END-- [ RunTime:0.406250s ]
INFO: [ view_filter ] --START--
INFO: Run Behavior\WriteHtmlCacheBehavior [ RunTime:0.000000s ]
INFO: [ view_filter ] --END-- [ RunTime:0.000000s ]
INFO: [ app_end ] --START--
INFO: Run Behavior\ShowPageTraceBehavior [ RunTime:0.000000s ]
INFO: [ app_end ] --END-- [ RunTime:0.000000s ]

[ 2019-07-24T11:53:19+08:00 ] 14.127.249.90 /
INFO: [ app_init ] --START--
INFO: Run Behavior\BuildLiteBehavior [ RunTime:0.000000s ]
INFO: [ app_init ] --END-- [ RunTime:0.000000s ]
INFO: [ app_begin ] --START--
INFO: Run Behavior\ReadHtmlCacheBehavior [ RunTime:0.000000s ]
INFO: [ app_begin ] --END-- [ RunTime:0.000000s ]
SQL: SHOW COLUMNS FROM `dd_paper` [ RunTime:0.0000s ]
NOTIC: [8] Undefined variable: where D:\wwwroot\ys8888cn\wwwroot\Application\Home\Controller\IndexController.class.php 第 7 行.
SQL: SELECT COUNT(*) AS tp_count FROM `dd_paper` LIMIT 1   [ RunTime:0.0000s ]
SQL: SELECT * FROM `dd_paper` WHERE ( store_cate=2 ) ORDER BY id desc LIMIT 0,9   [ RunTime:0.0000s ]
SQL: SHOW COLUMNS FROM `dd_product_cate` [ RunTime:0.0000s ]
SQL: SELECT `name` FROM `dd_product_cate` WHERE `id` = 2 LIMIT 1   [ RunTime:0.0000s ]
SQL: SELECT `name` FROM `dd_product_cate` WHERE `id` = 2 LIMIT 1   [ RunTime:0.0000s ]
SQL: SELECT `name` FROM `dd_product_cate` WHERE `id` = 2 LIMIT 1   [ RunTime:0.0000s ]
SQL: SELECT `name` FROM `dd_product_cate` WHERE `id` = 2 LIMIT 1   [ RunTime:0.0000s ]
SQL: SELECT `name` FROM `dd_product_cate` WHERE `id` = 2 LIMIT 1   [ RunTime:0.0000s ]
SQL: SELECT * FROM `dd_paper` WHERE ( store_cate=3 ) ORDER BY id desc LIMIT 0,9   [ RunTime:0.0156s ]
SQL: SELECT `name` FROM `dd_product_cate` WHERE `id` = 3 LIMIT 1   [ RunTime:0.0000s ]
SQL: SELECT `name` FROM `dd_product_cate` WHERE `id` = 3 LIMIT 1   [ RunTime:0.0000s ]
SQL: SELECT `name` FROM `dd_product_cate` WHERE `id` = 3 LIMIT 1   [ RunTime:0.0000s ]
SQL: SELECT `name` FROM `dd_product_cate` WHERE `id` = 3 LIMIT 1   [ RunTime:0.0000s ]
SQL: SELECT * FROM `dd_paper` WHERE ( store_cate=13 ) ORDER BY id desc LIMIT 0,9   [ RunTime:0.0156s ]
SQL: SELECT `name` FROM `dd_product_cate` WHERE `id` = 3 LIMIT 1   [ RunTime:0.0000s ]
SQL: SELECT `name` FROM `dd_product_cate` WHERE `id` = 3 LIMIT 1   [ RunTime:0.0000s ]
SQL: SELECT `name` FROM `dd_product_cate` WHERE `id` = 3 LIMIT 1   [ RunTime:0.0000s ]
SQL: SELECT `name` FROM `dd_product_cate` WHERE `id` = 3 LIMIT 1   [ RunTime:0.0000s ]
SQL: SELECT * FROM `dd_paper` WHERE ( `store_cate` >= '5' AND `store_cate` <= '9'  ) ORDER BY id desc LIMIT 0,9   [ RunTime:0.0000s ]
SQL: SELECT `name` FROM `dd_product_cate` WHERE `id` = 9 LIMIT 1   [ RunTime:0.0000s ]
SQL: SELECT `name` FROM `dd_product_cate` WHERE `id` = 9 LIMIT 1   [ RunTime:0.0000s ]
SQL: SELECT `name` FROM `dd_product_cate` WHERE `id` = 9 LIMIT 1   [ RunTime:0.0000s ]
SQL: SELECT `name` FROM `dd_product_cate` WHERE `id` = 6 LIMIT 1   [ RunTime:0.0000s ]
SQL: SELECT `name` FROM `dd_product_cate` WHERE `id` = 6 LIMIT 1   [ RunTime:0.0156s ]
SQL: SELECT `name` FROM `dd_product_cate` WHERE `id` = 6 LIMIT 1   [ RunTime:0.0000s ]
SQL: SELECT `name` FROM `dd_product_cate` WHERE `id` = 8 LIMIT 1   [ RunTime:0.0000s ]
SQL: SELECT `name` FROM `dd_product_cate` WHERE `id` = 8 LIMIT 1   [ RunTime:0.0000s ]
SQL: SELECT `name` FROM `dd_product_cate` WHERE `id` = 8 LIMIT 1   [ RunTime:0.0000s ]
INFO: [ view_parse ] --START--
INFO: [ template_filter ] --START--
INFO: Run Behavior\ContentReplaceBehavior [ RunTime:0.000000s ]
INFO: [ template_filter ] --END-- [ RunTime:0.000000s ]
INFO: Run Behavior\ParseTemplateBehavior [ RunTime:0.312500s ]
INFO: [ view_parse ] --END-- [ RunTime:0.312500s ]
INFO: [ view_filter ] --START--
INFO: Run Behavior\WriteHtmlCacheBehavior [ RunTime:0.000000s ]
INFO: [ view_filter ] --END-- [ RunTime:0.000000s ]
INFO: [ app_end ] --START--
INFO: Run Behavior\ShowPageTraceBehavior [ RunTime:0.015625s ]
INFO: [ app_end ] --END-- [ RunTime:0.015625s ]

[ 2019-07-24T13:05:31+08:00 ] 103.21.140.200 /
INFO: [ app_init ] --START--
INFO: Run Behavior\BuildLiteBehavior [ RunTime:0.000000s ]
INFO: [ app_init ] --END-- [ RunTime:0.000000s ]
INFO: [ app_begin ] --START--
INFO: Run Behavior\ReadHtmlCacheBehavior [ RunTime:0.000000s ]
INFO: [ app_begin ] --END-- [ RunTime:0.000000s ]
SQL: SHOW COLUMNS FROM `dd_paper` [ RunTime:0.0000s ]
NOTIC: [8] Undefined variable: where D:\wwwroot\ys8888cn\wwwroot\Application\Home\Controller\IndexController.class.php 第 7 行.
SQL: SELECT COUNT(*) AS tp_count FROM `dd_paper` LIMIT 1   [ RunTime:0.0000s ]
SQL: SELECT * FROM `dd_paper` WHERE ( store_cate=2 ) ORDER BY id desc LIMIT 0,9   [ RunTime:0.0000s ]
SQL: SHOW COLUMNS FROM `dd_product_cate` [ RunTime:0.0000s ]
SQL: SELECT `name` FROM `dd_product_cate` WHERE `id` = 2 LIMIT 1   [ RunTime:0.0000s ]
SQL: SELECT `name` FROM `dd_product_cate` WHERE `id` = 2 LIMIT 1   [ RunTime:0.0000s ]
SQL: SELECT `name` FROM `dd_product_cate` WHERE `id` = 2 LIMIT 1   [ RunTime:0.0000s ]
SQL: SELECT `name` FROM `dd_product_cate` WHERE `id` = 2 LIMIT 1   [ RunTime:0.0000s ]
SQL: SELECT `name` FROM `dd_product_cate` WHERE `id` = 2 LIMIT 1   [ RunTime:0.0156s ]
SQL: SELECT * FROM `dd_paper` WHERE ( store_cate=3 ) ORDER BY id desc LIMIT 0,9   [ RunTime:0.0156s ]
SQL: SELECT `name` FROM `dd_product_cate` WHERE `id` = 3 LIMIT 1   [ RunTime:0.0000s ]
SQL: SELECT `name` FROM `dd_product_cate` WHERE `id` = 3 LIMIT 1   [ RunTime:0.0000s ]
SQL: SELECT `name` FROM `dd_product_cate` WHERE `id` = 3 LIMIT 1   [ RunTime:0.0000s ]
SQL: SELECT `name` FROM `dd_product_cate` WHERE `id` = 3 LIMIT 1   [ RunTime:0.0000s ]
SQL: SELECT * FROM `dd_paper` WHERE ( store_cate=13 ) ORDER BY id desc LIMIT 0,9   [ RunTime:0.0000s ]
SQL: SELECT `name` FROM `dd_product_cate` WHERE `id` = 3 LIMIT 1   [ RunTime:0.0000s ]
SQL: SELECT `name` FROM `dd_product_cate` WHERE `id` = 3 LIMIT 1   [ RunTime:0.0000s ]
SQL: SELECT `name` FROM `dd_product_cate` WHERE `id` = 3 LIMIT 1   [ RunTime:0.0000s ]
SQL: SELECT `name` FROM `dd_product_cate` WHERE `id` = 3 LIMIT 1   [ RunTime:0.0000s ]
SQL: SELECT * FROM `dd_paper` WHERE ( `store_cate` >= '5' AND `store_cate` <= '9'  ) ORDER BY id desc LIMIT 0,9   [ RunTime:0.0156s ]
SQL: SELECT `name` FROM `dd_product_cate` WHERE `id` = 9 LIMIT 1   [ RunTime:0.0000s ]
SQL: SELECT `name` FROM `dd_product_cate` WHERE `id` = 9 LIMIT 1   [ RunTime:0.0000s ]
SQL: SELECT `name` FROM `dd_product_cate` WHERE `id` = 9 LIMIT 1   [ RunTime:0.0000s ]
SQL: SELECT `name` FROM `dd_product_cate` WHERE `id` = 6 LIMIT 1   [ RunTime:0.0000s ]
SQL: SELECT `name` FROM `dd_product_cate` WHERE `id` = 6 LIMIT 1   [ RunTime:0.0000s ]
SQL: SELECT `name` FROM `dd_product_cate` WHERE `id` = 6 LIMIT 1   [ RunTime:0.0000s ]
SQL: SELECT `name` FROM `dd_product_cate` WHERE `id` = 8 LIMIT 1   [ RunTime:0.0000s ]
SQL: SELECT `name` FROM `dd_product_cate` WHERE `id` = 8 LIMIT 1   [ RunTime:0.0000s ]
SQL: SELECT `name` FROM `dd_product_cate` WHERE `id` = 8 LIMIT 1   [ RunTime:0.0000s ]
INFO: [ view_parse ] --START--
INFO: [ template_filter ] --START--
INFO: Run Behavior\ContentReplaceBehavior [ RunTime:0.000000s ]
INFO: [ template_filter ] --END-- [ RunTime:0.000000s ]
INFO: Run Behavior\ParseTemplateBehavior [ RunTime:0.375000s ]
INFO: [ view_parse ] --END-- [ RunTime:0.375000s ]
INFO: [ view_filter ] --START--
INFO: Run Behavior\WriteHtmlCacheBehavior [ RunTime:0.000000s ]
INFO: [ view_filter ] --END-- [ RunTime:0.000000s ]
INFO: [ app_end ] --START--
INFO: Run Behavior\ShowPageTraceBehavior [ RunTime:0.000000s ]
INFO: [ app_end ] --END-- [ RunTime:0.000000s ]

[ 2019-07-24T13:05:32+08:00 ] 103.21.140.200 /index.php
INFO: [ app_init ] --START--
INFO: Run Behavior\BuildLiteBehavior [ RunTime:0.000000s ]
INFO: [ app_init ] --END-- [ RunTime:0.000000s ]
INFO: [ app_begin ] --START--
INFO: Run Behavior\ReadHtmlCacheBehavior [ RunTime:0.000000s ]
INFO: [ app_begin ] --END-- [ RunTime:0.000000s ]
SQL: SHOW COLUMNS FROM `dd_paper` [ RunTime:0.0000s ]
NOTIC: [8] Undefined variable: where D:\wwwroot\ys8888cn\wwwroot\Application\Home\Controller\IndexController.class.php 第 7 行.
SQL: SELECT COUNT(*) AS tp_count FROM `dd_paper` LIMIT 1   [ RunTime:0.0000s ]
SQL: SELECT * FROM `dd_paper` WHERE ( store_cate=2 ) ORDER BY id desc LIMIT 0,9   [ RunTime:0.0156s ]
SQL: SHOW COLUMNS FROM `dd_product_cate` [ RunTime:0.0000s ]
SQL: SELECT `name` FROM `dd_product_cate` WHERE `id` = 2 LIMIT 1   [ RunTime:0.0156s ]
SQL: SELECT `name` FROM `dd_product_cate` WHERE `id` = 2 LIMIT 1   [ RunTime:0.0000s ]
SQL: SELECT `name` FROM `dd_product_cate` WHERE `id` = 2 LIMIT 1   [ RunTime:0.0000s ]
SQL: SELECT `name` FROM `dd_product_cate` WHERE `id` = 2 LIMIT 1   [ RunTime:0.0000s ]
SQL: SELECT `name` FROM `dd_product_cate` WHERE `id` = 2 LIMIT 1   [ RunTime:0.0000s ]
SQL: SELECT * FROM `dd_paper` WHERE ( store_cate=3 ) ORDER BY id desc LIMIT 0,9   [ RunTime:0.0000s ]
SQL: SELECT `name` FROM `dd_product_cate` WHERE `id` = 3 LIMIT 1   [ RunTime:0.0000s ]
SQL: SELECT `name` FROM `dd_product_cate` WHERE `id` = 3 LIMIT 1   [ RunTime:0.0000s ]
SQL: SELECT `name` FROM `dd_product_cate` WHERE `id` = 3 LIMIT 1   [ RunTime:0.0000s ]
SQL: SELECT `name` FROM `dd_product_cate` WHERE `id` = 3 LIMIT 1   [ RunTime:0.0000s ]
SQL: SELECT * FROM `dd_paper` WHERE ( store_cate=13 ) ORDER BY id desc LIMIT 0,9   [ RunTime:0.0000s ]
SQL: SELECT `name` FROM `dd_product_cate` WHERE `id` = 3 LIMIT 1   [ RunTime:0.0000s ]
SQL: SELECT `name` FROM `dd_product_cate` WHERE `id` = 3 LIMIT 1   [ RunTime:0.0000s ]
SQL: SELECT `name` FROM `dd_product_cate` WHERE `id` = 3 LIMIT 1   [ RunTime:0.0000s ]
SQL: SELECT `name` FROM `dd_product_cate` WHERE `id` = 3 LIMIT 1   [ RunTime:0.0000s ]
SQL: SELECT * FROM `dd_paper` WHERE ( `store_cate` >= '5' AND `store_cate` <= '9'  ) ORDER BY id desc LIMIT 0,9   [ RunTime:0.0000s ]
SQL: SELECT `name` FROM `dd_product_cate` WHERE `id` = 9 LIMIT 1   [ RunTime:0.0000s ]
SQL: SELECT `name` FROM `dd_product_cate` WHERE `id` = 9 LIMIT 1   [ RunTime:0.0000s ]
SQL: SELECT `name` FROM `dd_product_cate` WHERE `id` = 9 LIMIT 1   [ RunTime:0.0156s ]
SQL: SELECT `name` FROM `dd_product_cate` WHERE `id` = 6 LIMIT 1   [ RunTime:0.0000s ]
SQL: SELECT `name` FROM `dd_product_cate` WHERE `id` = 6 LIMIT 1   [ RunTime:0.0000s ]
SQL: SELECT `name` FROM `dd_product_cate` WHERE `id` = 6 LIMIT 1   [ RunTime:0.0000s ]
SQL: SELECT `name` FROM `dd_product_cate` WHERE `id` = 8 LIMIT 1   [ RunTime:0.0156s ]
SQL: SELECT `name` FROM `dd_product_cate` WHERE `id` = 8 LIMIT 1   [ RunTime:0.0000s ]
SQL: SELECT `name` FROM `dd_product_cate` WHERE `id` = 8 LIMIT 1   [ RunTime:0.0000s ]
INFO: [ view_parse ] --START--
INFO: [ template_filter ] --START--
INFO: Run Behavior\ContentReplaceBehavior [ RunTime:0.000000s ]
INFO: [ template_filter ] --END-- [ RunTime:0.000000s ]
INFO: Run Behavior\ParseTemplateBehavior [ RunTime:0.312500s ]
INFO: [ view_parse ] --END-- [ RunTime:0.312500s ]
INFO: [ view_filter ] --START--
INFO: Run Behavior\WriteHtmlCacheBehavior [ RunTime:0.000000s ]
INFO: [ view_filter ] --END-- [ RunTime:0.000000s ]
INFO: [ app_end ] --START--
INFO: Run Behavior\ShowPageTraceBehavior [ RunTime:0.000000s ]
INFO: [ app_end ] --END-- [ RunTime:0.000000s ]

[ 2019-07-24T14:27:47+08:00 ] 14.127.249.90 /
INFO: [ app_init ] --START--
INFO: Run Behavior\BuildLiteBehavior [ RunTime:0.000000s ]
INFO: [ app_init ] --END-- [ RunTime:0.000000s ]
INFO: [ app_begin ] --START--
INFO: Run Behavior\ReadHtmlCacheBehavior [ RunTime:0.000000s ]
INFO: [ app_begin ] --END-- [ RunTime:0.015625s ]
SQL: SHOW COLUMNS FROM `dd_paper` [ RunTime:0.0000s ]
NOTIC: [8] Undefined variable: where D:\wwwroot\ys8888cn\wwwroot\Application\Home\Controller\IndexController.class.php 第 7 行.
SQL: SELECT COUNT(*) AS tp_count FROM `dd_paper` LIMIT 1   [ RunTime:0.0000s ]
SQL: SELECT * FROM `dd_paper` WHERE ( store_cate=2 ) ORDER BY id desc LIMIT 0,9   [ RunTime:0.0000s ]
SQL: SHOW COLUMNS FROM `dd_product_cate` [ RunTime:0.0000s ]
SQL: SELECT `name` FROM `dd_product_cate` WHERE `id` = 2 LIMIT 1   [ RunTime:0.0000s ]
SQL: SELECT `name` FROM `dd_product_cate` WHERE `id` = 2 LIMIT 1   [ RunTime:0.0000s ]
SQL: SELECT `name` FROM `dd_product_cate` WHERE `id` = 2 LIMIT 1   [ RunTime:0.0000s ]
SQL: SELECT `name` FROM `dd_product_cate` WHERE `id` = 2 LIMIT 1   [ RunTime:0.0000s ]
SQL: SELECT `name` FROM `dd_product_cate` WHERE `id` = 2 LIMIT 1   [ RunTime:0.0000s ]
SQL: SELECT * FROM `dd_paper` WHERE ( store_cate=3 ) ORDER BY id desc LIMIT 0,9   [ RunTime:0.0156s ]
SQL: SELECT `name` FROM `dd_product_cate` WHERE `id` = 3 LIMIT 1   [ RunTime:0.0000s ]
SQL: SELECT `name` FROM `dd_product_cate` WHERE `id` = 3 LIMIT 1   [ RunTime:0.0000s ]
SQL: SELECT `name` FROM `dd_product_cate` WHERE `id` = 3 LIMIT 1   [ RunTime:0.0000s ]
SQL: SELECT `name` FROM `dd_product_cate` WHERE `id` = 3 LIMIT 1   [ RunTime:0.0000s ]
SQL: SELECT * FROM `dd_paper` WHERE ( store_cate=13 ) ORDER BY id desc LIMIT 0,9   [ RunTime:0.0000s ]
SQL: SELECT `name` FROM `dd_product_cate` WHERE `id` = 3 LIMIT 1   [ RunTime:0.0000s ]
SQL: SELECT `name` FROM `dd_product_cate` WHERE `id` = 3 LIMIT 1   [ RunTime:0.0000s ]
SQL: SELECT `name` FROM `dd_product_cate` WHERE `id` = 3 LIMIT 1   [ RunTime:0.0000s ]
SQL: SELECT `name` FROM `dd_product_cate` WHERE `id` = 3 LIMIT 1   [ RunTime:0.0000s ]
SQL: SELECT * FROM `dd_paper` WHERE ( `store_cate` >= '5' AND `store_cate` <= '9'  ) ORDER BY id desc LIMIT 0,9   [ RunTime:0.0156s ]
SQL: SELECT `name` FROM `dd_product_cate` WHERE `id` = 9 LIMIT 1   [ RunTime:0.0000s ]
SQL: SELECT `name` FROM `dd_product_cate` WHERE `id` = 9 LIMIT 1   [ RunTime:0.0000s ]
SQL: SELECT `name` FROM `dd_product_cate` WHERE `id` = 9 LIMIT 1   [ RunTime:0.0000s ]
SQL: SELECT `name` FROM `dd_product_cate` WHERE `id` = 6 LIMIT 1   [ RunTime:0.0000s ]
SQL: SELECT `name` FROM `dd_product_cate` WHERE `id` = 6 LIMIT 1   [ RunTime:0.0000s ]
SQL: SELECT `name` FROM `dd_product_cate` WHERE `id` = 6 LIMIT 1   [ RunTime:0.0000s ]
SQL: SELECT `name` FROM `dd_product_cate` WHERE `id` = 8 LIMIT 1   [ RunTime:0.0000s ]
SQL: SELECT `name` FROM `dd_product_cate` WHERE `id` = 8 LIMIT 1   [ RunTime:0.0000s ]
SQL: SELECT `name` FROM `dd_product_cate` WHERE `id` = 8 LIMIT 1   [ RunTime:0.0000s ]
INFO: [ view_parse ] --START--
INFO: [ template_filter ] --START--
INFO: Run Behavior\ContentReplaceBehavior [ RunTime:0.000000s ]
INFO: [ template_filter ] --END-- [ RunTime:0.000000s ]
INFO: Run Behavior\ParseTemplateBehavior [ RunTime:0.343750s ]
INFO: [ view_parse ] --END-- [ RunTime:0.343750s ]
INFO: [ view_filter ] --START--
INFO: Run Behavior\WriteHtmlCacheBehavior [ RunTime:0.000000s ]
INFO: [ view_filter ] --END-- [ RunTime:0.000000s ]
INFO: [ app_end ] --START--
INFO: Run Behavior\ShowPageTraceBehavior [ RunTime:0.000000s ]
INFO: [ app_end ] --END-- [ RunTime:0.000000s ]

[ 2019-07-24T23:42:18+08:00 ] 183.165.30.91 /
INFO: [ app_init ] --START--
INFO: Run Behavior\BuildLiteBehavior [ RunTime:0.000000s ]
INFO: [ app_init ] --END-- [ RunTime:0.000000s ]
INFO: [ app_begin ] --START--
INFO: Run Behavior\ReadHtmlCacheBehavior [ RunTime:0.015625s ]
INFO: [ app_begin ] --END-- [ RunTime:0.015625s ]
SQL: SHOW COLUMNS FROM `dd_paper` [ RunTime:0.0156s ]
NOTIC: [8] Undefined variable: where D:\wwwroot\ys8888cn\wwwroot\Application\Home\Controller\IndexController.class.php 第 7 行.
SQL: SELECT COUNT(*) AS tp_count FROM `dd_paper` LIMIT 1   [ RunTime:0.0000s ]
SQL: SELECT * FROM `dd_paper` WHERE ( store_cate=2 ) ORDER BY id desc LIMIT 0,9   [ RunTime:0.0000s ]
SQL: SHOW COLUMNS FROM `dd_product_cate` [ RunTime:0.0000s ]
SQL: SELECT `name` FROM `dd_product_cate` WHERE `id` = 2 LIMIT 1   [ RunTime:0.0000s ]
SQL: SELECT `name` FROM `dd_product_cate` WHERE `id` = 2 LIMIT 1   [ RunTime:0.0000s ]
SQL: SELECT `name` FROM `dd_product_cate` WHERE `id` = 2 LIMIT 1   [ RunTime:0.0000s ]
SQL: SELECT `name` FROM `dd_product_cate` WHERE `id` = 2 LIMIT 1   [ RunTime:0.0000s ]
SQL: SELECT `name` FROM `dd_product_cate` WHERE `id` = 2 LIMIT 1   [ RunTime:0.0000s ]
SQL: SELECT * FROM `dd_paper` WHERE ( store_cate=3 ) ORDER BY id desc LIMIT 0,9   [ RunTime:0.0000s ]
SQL: SELECT `name` FROM `dd_product_cate` WHERE `id` = 3 LIMIT 1   [ RunTime:0.0000s ]
SQL: SELECT `name` FROM `dd_product_cate` WHERE `id` = 3 LIMIT 1   [ RunTime:0.0000s ]
SQL: SELECT `name` FROM `dd_product_cate` WHERE `id` = 3 LIMIT 1   [ RunTime:0.0000s ]
SQL: SELECT `name` FROM `dd_product_cate` WHERE `id` = 3 LIMIT 1   [ RunTime:0.0000s ]
SQL: SELECT * FROM `dd_paper` WHERE ( store_cate=13 ) ORDER BY id desc LIMIT 0,9   [ RunTime:0.0156s ]
SQL: SELECT `name` FROM `dd_product_cate` WHERE `id` = 3 LIMIT 1   [ RunTime:0.0000s ]
SQL: SELECT `name` FROM `dd_product_cate` WHERE `id` = 3 LIMIT 1   [ RunTime:0.0000s ]
SQL: SELECT `name` FROM `dd_product_cate` WHERE `id` = 3 LIMIT 1   [ RunTime:0.0000s ]
SQL: SELECT `name` FROM `dd_product_cate` WHERE `id` = 3 LIMIT 1   [ RunTime:0.0000s ]
SQL: SELECT * FROM `dd_paper` WHERE ( `store_cate` >= '5' AND `store_cate` <= '9'  ) ORDER BY id desc LIMIT 0,9   [ RunTime:0.0000s ]
SQL: SELECT `name` FROM `dd_product_cate` WHERE `id` = 9 LIMIT 1   [ RunTime:0.0000s ]
SQL: SELECT `name` FROM `dd_product_cate` WHERE `id` = 9 LIMIT 1   [ RunTime:0.0000s ]
SQL: SELECT `name` FROM `dd_product_cate` WHERE `id` = 9 LIMIT 1   [ RunTime:0.0000s ]
SQL: SELECT `name` FROM `dd_product_cate` WHERE `id` = 6 LIMIT 1   [ RunTime:0.0000s ]
SQL: SELECT `name` FROM `dd_product_cate` WHERE `id` = 6 LIMIT 1   [ RunTime:0.0000s ]
SQL: SELECT `name` FROM `dd_product_cate` WHERE `id` = 6 LIMIT 1   [ RunTime:0.0000s ]
SQL: SELECT `name` FROM `dd_product_cate` WHERE `id` = 8 LIMIT 1   [ RunTime:0.0000s ]
SQL: SELECT `name` FROM `dd_product_cate` WHERE `id` = 8 LIMIT 1   [ RunTime:0.0000s ]
SQL: SELECT `name` FROM `dd_product_cate` WHERE `id` = 8 LIMIT 1   [ RunTime:0.0000s ]
INFO: [ view_parse ] --START--
INFO: [ template_filter ] --START--
INFO: Run Behavior\ContentReplaceBehavior [ RunTime:0.000000s ]
INFO: [ template_filter ] --END-- [ RunTime:0.000000s ]
INFO: Run Behavior\ParseTemplateBehavior [ RunTime:0.390625s ]
INFO: [ view_parse ] --END-- [ RunTime:0.390625s ]
INFO: [ view_filter ] --START--
INFO: Run Behavior\WriteHtmlCacheBehavior [ RunTime:0.015625s ]
INFO: [ view_filter ] --END-- [ RunTime:0.015625s ]
INFO: [ app_end ] --START--
INFO: Run Behavior\ShowPageTraceBehavior [ RunTime:0.078125s ]
INFO: [ app_end ] --END-- [ RunTime:0.078125s ]

[ 2019-07-24T23:42:27+08:00 ] 183.165.30.91 /
INFO: [ app_init ] --START--
INFO: Run Behavior\BuildLiteBehavior [ RunTime:0.000000s ]
INFO: [ app_init ] --END-- [ RunTime:0.015625s ]
INFO: [ app_begin ] --START--
INFO: Run Behavior\ReadHtmlCacheBehavior [ RunTime:0.000000s ]
INFO: [ app_begin ] --END-- [ RunTime:0.000000s ]
SQL: SHOW COLUMNS FROM `dd_paper` [ RunTime:0.0156s ]
NOTIC: [8] Undefined variable: where D:\wwwroot\ys8888cn\wwwroot\Application\Home\Controller\IndexController.class.php 第 7 行.
SQL: SELECT COUNT(*) AS tp_count FROM `dd_paper` LIMIT 1   [ RunTime:0.0469s ]
SQL: SELECT * FROM `dd_paper` WHERE ( store_cate=2 ) ORDER BY id desc LIMIT 0,9   [ RunTime:0.0469s ]
SQL: SHOW COLUMNS FROM `dd_product_cate` [ RunTime:0.0000s ]
SQL: SELECT `name` FROM `dd_product_cate` WHERE `id` = 2 LIMIT 1   [ RunTime:0.0000s ]
SQL: SELECT `name` FROM `dd_product_cate` WHERE `id` = 2 LIMIT 1   [ RunTime:0.0000s ]
SQL: SELECT `name` FROM `dd_product_cate` WHERE `id` = 2 LIMIT 1   [ RunTime:0.0000s ]
SQL: SELECT `name` FROM `dd_product_cate` WHERE `id` = 2 LIMIT 1   [ RunTime:0.0000s ]
SQL: SELECT `name` FROM `dd_product_cate` WHERE `id` = 2 LIMIT 1   [ RunTime:0.0000s ]
SQL: SELECT * FROM `dd_paper` WHERE ( store_cate=3 ) ORDER BY id desc LIMIT 0,9   [ RunTime:0.0313s ]
SQL: SELECT `name` FROM `dd_product_cate` WHERE `id` = 3 LIMIT 1   [ RunTime:0.0000s ]
SQL: SELECT `name` FROM `dd_product_cate` WHERE `id` = 3 LIMIT 1   [ RunTime:0.0000s ]
SQL: SELECT `name` FROM `dd_product_cate` WHERE `id` = 3 LIMIT 1   [ RunTime:0.0000s ]
SQL: SELECT `name` FROM `dd_product_cate` WHERE `id` = 3 LIMIT 1   [ RunTime:0.0000s ]
SQL: SELECT * FROM `dd_paper` WHERE ( store_cate=13 ) ORDER BY id desc LIMIT 0,9   [ RunTime:0.0156s ]
SQL: SELECT `name` FROM `dd_product_cate` WHERE `id` = 3 LIMIT 1   [ RunTime:0.0000s ]
SQL: SELECT `name` FROM `dd_product_cate` WHERE `id` = 3 LIMIT 1   [ RunTime:0.0000s ]
SQL: SELECT `name` FROM `dd_product_cate` WHERE `id` = 3 LIMIT 1   [ RunTime:0.0000s ]
SQL: SELECT `name` FROM `dd_product_cate` WHERE `id` = 3 LIMIT 1   [ RunTime:0.0000s ]
SQL: SELECT * FROM `dd_paper` WHERE ( `store_cate` >= '5' AND `store_cate` <= '9'  ) ORDER BY id desc LIMIT 0,9   [ RunTime:0.0000s ]
SQL: SELECT `name` FROM `dd_product_cate` WHERE `id` = 9 LIMIT 1   [ RunTime:0.0000s ]
SQL: SELECT `name` FROM `dd_product_cate` WHERE `id` = 9 LIMIT 1   [ RunTime:0.0000s ]
SQL: SELECT `name` FROM `dd_product_cate` WHERE `id` = 9 LIMIT 1   [ RunTime:0.0000s ]
SQL: SELECT `name` FROM `dd_product_cate` WHERE `id` = 6 LIMIT 1   [ RunTime:0.0000s ]
SQL: SELECT `name` FROM `dd_product_cate` WHERE `id` = 6 LIMIT 1   [ RunTime:0.0156s ]
SQL: SELECT `name` FROM `dd_product_cate` WHERE `id` = 6 LIMIT 1   [ RunTime:0.0000s ]
SQL: SELECT `name` FROM `dd_product_cate` WHERE `id` = 8 LIMIT 1   [ RunTime:0.0000s ]
SQL: SELECT `name` FROM `dd_product_cate` WHERE `id` = 8 LIMIT 1   [ RunTime:0.0000s ]
SQL: SELECT `name` FROM `dd_product_cate` WHERE `id` = 8 LIMIT 1   [ RunTime:0.0000s ]
INFO: [ view_parse ] --START--
INFO: [ template_filter ] --START--
INFO: Run Behavior\ContentReplaceBehavior [ RunTime:0.000000s ]
INFO: [ template_filter ] --END-- [ RunTime:0.000000s ]
INFO: Run Behavior\ParseTemplateBehavior [ RunTime:0.375000s ]
INFO: [ view_parse ] --END-- [ RunTime:0.375000s ]
INFO: [ view_filter ] --START--
INFO: Run Behavior\WriteHtmlCacheBehavior [ RunTime:0.000000s ]
INFO: [ view_filter ] --END-- [ RunTime:0.000000s ]
INFO: [ app_end ] --START--
INFO: Run Behavior\ShowPageTraceBehavior [ RunTime:0.000000s ]
INFO: [ app_end ] --END-- [ RunTime:0.000000s ]

[ 2019-07-24T23:42:37+08:00 ] 183.165.30.91 /
INFO: [ app_init ] --START--
INFO: Run Behavior\BuildLiteBehavior [ RunTime:0.000000s ]
INFO: [ app_init ] --END-- [ RunTime:0.000000s ]
INFO: [ app_begin ] --START--
INFO: Run Behavior\ReadHtmlCacheBehavior [ RunTime:0.000000s ]
INFO: [ app_begin ] --END-- [ RunTime:0.000000s ]
SQL: SHOW COLUMNS FROM `dd_paper` [ RunTime:0.0000s ]
NOTIC: [8] Undefined variable: where D:\wwwroot\ys8888cn\wwwroot\Application\Home\Controller\IndexController.class.php 第 7 行.
SQL: SELECT COUNT(*) AS tp_count FROM `dd_paper` LIMIT 1   [ RunTime:0.0000s ]
SQL: SELECT * FROM `dd_paper` WHERE ( store_cate=2 ) ORDER BY id desc LIMIT 0,9   [ RunTime:0.0000s ]
SQL: SHOW COLUMNS FROM `dd_product_cate` [ RunTime:0.0156s ]
SQL: SELECT `name` FROM `dd_product_cate` WHERE `id` = 2 LIMIT 1   [ RunTime:0.0000s ]
SQL: SELECT `name` FROM `dd_product_cate` WHERE `id` = 2 LIMIT 1   [ RunTime:0.0156s ]
SQL: SELECT `name` FROM `dd_product_cate` WHERE `id` = 2 LIMIT 1   [ RunTime:0.0000s ]
SQL: SELECT `name` FROM `dd_product_cate` WHERE `id` = 2 LIMIT 1   [ RunTime:0.0000s ]
SQL: SELECT `name` FROM `dd_product_cate` WHERE `id` = 2 LIMIT 1   [ RunTime:0.0000s ]
SQL: SELECT * FROM `dd_paper` WHERE ( store_cate=3 ) ORDER BY id desc LIMIT 0,9   [ RunTime:0.0000s ]
SQL: SELECT `name` FROM `dd_product_cate` WHERE `id` = 3 LIMIT 1   [ RunTime:0.0000s ]
SQL: SELECT `name` FROM `dd_product_cate` WHERE `id` = 3 LIMIT 1   [ RunTime:0.0000s ]
SQL: SELECT `name` FROM `dd_product_cate` WHERE `id` = 3 LIMIT 1   [ RunTime:0.0000s ]
SQL: SELECT `name` FROM `dd_product_cate` WHERE `id` = 3 LIMIT 1   [ RunTime:0.0000s ]
SQL: SELECT * FROM `dd_paper` WHERE ( store_cate=13 ) ORDER BY id desc LIMIT 0,9   [ RunTime:0.0000s ]
SQL: SELECT `name` FROM `dd_product_cate` WHERE `id` = 3 LIMIT 1   [ RunTime:0.0000s ]
SQL: SELECT `name` FROM `dd_product_cate` WHERE `id` = 3 LIMIT 1   [ RunTime:0.0000s ]
SQL: SELECT `name` FROM `dd_product_cate` WHERE `id` = 3 LIMIT 1   [ RunTime:0.0000s ]
SQL: SELECT `name` FROM `dd_product_cate` WHERE `id` = 3 LIMIT 1   [ RunTime:0.0000s ]
SQL: SELECT * FROM `dd_paper` WHERE ( `store_cate` >= '5' AND `store_cate` <= '9'  ) ORDER BY id desc LIMIT 0,9   [ RunTime:0.0156s ]
SQL: SELECT `name` FROM `dd_product_cate` WHERE `id` = 9 LIMIT 1   [ RunTime:0.0000s ]
SQL: SELECT `name` FROM `dd_product_cate` WHERE `id` = 9 LIMIT 1   [ RunTime:0.0000s ]
SQL: SELECT `name` FROM `dd_product_cate` WHERE `id` = 9 LIMIT 1   [ RunTime:0.0000s ]
SQL: SELECT `name` FROM `dd_product_cate` WHERE `id` = 6 LIMIT 1   [ RunTime:0.0000s ]
SQL: SELECT `name` FROM `dd_product_cate` WHERE `id` = 6 LIMIT 1   [ RunTime:0.0000s ]
SQL: SELECT `name` FROM `dd_product_cate` WHERE `id` = 6 LIMIT 1   [ RunTime:0.0000s ]
SQL: SELECT `name` FROM `dd_product_cate` WHERE `id` = 8 LIMIT 1   [ RunTime:0.0000s ]
SQL: SELECT `name` FROM `dd_product_cate` WHERE `id` = 8 LIMIT 1   [ RunTime:0.0000s ]
SQL: SELECT `name` FROM `dd_product_cate` WHERE `id` = 8 LIMIT 1   [ RunTime:0.0000s ]
INFO: [ view_parse ] --START--
INFO: [ template_filter ] --START--
INFO: Run Behavior\ContentReplaceBehavior [ RunTime:0.000000s ]
INFO: [ template_filter ] --END-- [ RunTime:0.000000s ]
INFO: Run Behavior\ParseTemplateBehavior [ RunTime:0.453125s ]
INFO: [ view_parse ] --END-- [ RunTime:0.453125s ]
INFO: [ view_filter ] --START--
INFO: Run Behavior\WriteHtmlCacheBehavior [ RunTime:0.000000s ]
INFO: [ view_filter ] --END-- [ RunTime:0.000000s ]
INFO: [ app_end ] --START--
INFO: Run Behavior\ShowPageTraceBehavior [ RunTime:0.000000s ]
INFO: [ app_end ] --END-- [ RunTime:0.000000s ]

