[ 2019-08-03T08:55:02+08:00 ] ::1 /newsapxl/index.php?m=&c=Product&a=airpump
INFO: [ app_init ] --START--
INFO: Run Behavior\BuildLiteBehavior [ RunTime:0.000000s ]
INFO: [ app_init ] --END-- [ RunTime:0.002000s ]
INFO: [ app_begin ] --START--
INFO: Run Behavior\ReadHtmlCacheBehavior [ RunTime:0.003000s ]
INFO: [ app_begin ] --END-- [ RunTime:0.004000s ]
SQL: SHOW COLUMNS FROM `dd_paper` [ RunTime:0.0360s ]
NOTIC: [8] Undefined variable: where D:\install\phpstudy\WWW\newsapxl\Application\Home\Controller\ProductController.class.php 第 8 行.
SQL: SELECT COUNT(*) AS tp_count FROM `dd_paper` LIMIT 1   [ RunTime:0.0340s ]
SQL: SELECT * FROM `dd_paper` WHERE ( store_cate=2 or store_cate=3 ) ORDER BY id desc LIMIT 0,9   [ RunTime:0.1260s ]
SQL: SHOW COLUMNS FROM `dd_product_cate` [ RunTime:0.0310s ]
SQL: SELECT `name` FROM `dd_product_cate` WHERE `id` = 3 LIMIT 1   [ RunTime:0.0360s ]
SQL: SELECT `name` FROM `dd_product_cate` WHERE `id` = 3 LIMIT 1   [ RunTime:0.0350s ]
SQL: SELECT `name` FROM `dd_product_cate` WHERE `id` = 3 LIMIT 1   [ RunTime:0.0380s ]
SQL: SELECT `name` FROM `dd_product_cate` WHERE `id` = 2 LIMIT 1   [ RunTime:0.0420s ]
SQL: SELECT `name` FROM `dd_product_cate` WHERE `id` = 2 LIMIT 1   [ RunTime:0.0350s ]
SQL: SELECT `name` FROM `dd_product_cate` WHERE `id` = 3 LIMIT 1   [ RunTime:0.0310s ]
SQL: SELECT `name` FROM `dd_product_cate` WHERE `id` = 2 LIMIT 1   [ RunTime:0.0330s ]
SQL: SELECT `name` FROM `dd_product_cate` WHERE `id` = 2 LIMIT 1   [ RunTime:0.0290s ]
SQL: SELECT `name` FROM `dd_product_cate` WHERE `id` = 2 LIMIT 1   [ RunTime:0.0340s ]
INFO: [ view_parse ] --START--
INFO: [ template_filter ] --START--
INFO: Run Behavior\ContentReplaceBehavior [ RunTime:0.001000s ]
INFO: [ template_filter ] --END-- [ RunTime:0.001000s ]
INFO: Run Behavior\ParseTemplateBehavior [ RunTime:0.078005s ]
INFO: [ view_parse ] --END-- [ RunTime:0.078005s ]
INFO: [ view_filter ] --START--
INFO: Run Behavior\WriteHtmlCacheBehavior [ RunTime:0.002000s ]
INFO: [ view_filter ] --END-- [ RunTime:0.002000s ]
INFO: [ app_end ] --START--
INFO: Run Behavior\ShowPageTraceBehavior [ RunTime:0.002000s ]
INFO: [ app_end ] --END-- [ RunTime:0.002000s ]

[ 2019-08-03T09:20:59+08:00 ] ::1 /newsapxl/index.php?m=&c=Product&a=airpump
INFO: [ app_init ] --START--
INFO: Run Behavior\BuildLiteBehavior [ RunTime:0.000000s ]
INFO: [ app_init ] --END-- [ RunTime:0.001000s ]
INFO: [ app_begin ] --START--
INFO: Run Behavior\ReadHtmlCacheBehavior [ RunTime:0.002000s ]
INFO: [ app_begin ] --END-- [ RunTime:0.002000s ]
SQL: SHOW COLUMNS FROM `dd_paper` [ RunTime:0.0350s ]
NOTIC: [8] Undefined variable: where D:\install\phpstudy\WWW\newsapxl\Application\Home\Controller\ProductController.class.php 第 8 行.
SQL: SELECT COUNT(*) AS tp_count FROM `dd_paper` LIMIT 1   [ RunTime:0.0320s ]
SQL: SELECT * FROM `dd_paper` WHERE ( store_cate=2 or store_cate=3 ) ORDER BY id desc LIMIT 0,9   [ RunTime:0.1450s ]
SQL: SHOW COLUMNS FROM `dd_product_cate` [ RunTime:0.0350s ]
SQL: SELECT `name` FROM `dd_product_cate` WHERE `id` = 3 LIMIT 1   [ RunTime:0.0350s ]
SQL: SELECT `name` FROM `dd_product_cate` WHERE `id` = 3 LIMIT 1   [ RunTime:0.0420s ]
SQL: SELECT `name` FROM `dd_product_cate` WHERE `id` = 3 LIMIT 1   [ RunTime:0.0330s ]
SQL: SELECT `name` FROM `dd_product_cate` WHERE `id` = 2 LIMIT 1   [ RunTime:0.0310s ]
SQL: SELECT `name` FROM `dd_product_cate` WHERE `id` = 2 LIMIT 1   [ RunTime:0.0310s ]
SQL: SELECT `name` FROM `dd_product_cate` WHERE `id` = 3 LIMIT 1   [ RunTime:0.0320s ]
SQL: SELECT `name` FROM `dd_product_cate` WHERE `id` = 2 LIMIT 1   [ RunTime:0.0330s ]
SQL: SELECT `name` FROM `dd_product_cate` WHERE `id` = 2 LIMIT 1   [ RunTime:0.0320s ]
SQL: SELECT `name` FROM `dd_product_cate` WHERE `id` = 2 LIMIT 1   [ RunTime:0.0410s ]
INFO: [ view_parse ] --START--
INFO: [ template_filter ] --START--
INFO: Run Behavior\ContentReplaceBehavior [ RunTime:0.001000s ]
INFO: [ template_filter ] --END-- [ RunTime:0.001000s ]
INFO: Run Behavior\ParseTemplateBehavior [ RunTime:0.068003s ]
INFO: [ view_parse ] --END-- [ RunTime:0.068003s ]
INFO: [ view_filter ] --START--
INFO: Run Behavior\WriteHtmlCacheBehavior [ RunTime:0.002001s ]
INFO: [ view_filter ] --END-- [ RunTime:0.002001s ]
INFO: [ app_end ] --START--
INFO: Run Behavior\ShowPageTraceBehavior [ RunTime:0.002000s ]
INFO: [ app_end ] --END-- [ RunTime:0.002000s ]

[ 2019-08-03T09:22:09+08:00 ] ::1 /newsapxl/index.php?m=&c=Index&a=index
INFO: [ app_init ] --START--
INFO: Run Behavior\BuildLiteBehavior [ RunTime:0.000000s ]
INFO: [ app_init ] --END-- [ RunTime:0.002000s ]
INFO: [ app_begin ] --START--
INFO: Run Behavior\ReadHtmlCacheBehavior [ RunTime:0.002000s ]
INFO: [ app_begin ] --END-- [ RunTime:0.002000s ]
SQL: SHOW COLUMNS FROM `dd_paper` [ RunTime:0.0330s ]
NOTIC: [8] Undefined variable: where D:\install\phpstudy\WWW\newsapxl\Application\Home\Controller\IndexController.class.php 第 7 行.
SQL: SELECT COUNT(*) AS tp_count FROM `dd_paper` LIMIT 1   [ RunTime:0.0310s ]
SQL: SELECT * FROM `dd_paper` WHERE ( store_cate=2 ) ORDER BY id desc LIMIT 0,9   [ RunTime:0.0960s ]
SQL: SHOW COLUMNS FROM `dd_product_cate` [ RunTime:0.0320s ]
SQL: SELECT `name` FROM `dd_product_cate` WHERE `id` = 2 LIMIT 1   [ RunTime:0.0310s ]
SQL: SELECT `name` FROM `dd_product_cate` WHERE `id` = 2 LIMIT 1   [ RunTime:0.0300s ]
SQL: SELECT `name` FROM `dd_product_cate` WHERE `id` = 2 LIMIT 1   [ RunTime:0.0300s ]
SQL: SELECT `name` FROM `dd_product_cate` WHERE `id` = 2 LIMIT 1   [ RunTime:0.0310s ]
SQL: SELECT `name` FROM `dd_product_cate` WHERE `id` = 2 LIMIT 1   [ RunTime:0.0310s ]
SQL: SELECT * FROM `dd_paper` WHERE ( store_cate=3 ) ORDER BY id desc LIMIT 0,9   [ RunTime:0.0660s ]
SQL: SELECT `name` FROM `dd_product_cate` WHERE `id` = 3 LIMIT 1   [ RunTime:0.0310s ]
SQL: SELECT `name` FROM `dd_product_cate` WHERE `id` = 3 LIMIT 1   [ RunTime:0.0300s ]
SQL: SELECT `name` FROM `dd_product_cate` WHERE `id` = 3 LIMIT 1   [ RunTime:0.0310s ]
SQL: SELECT `name` FROM `dd_product_cate` WHERE `id` = 3 LIMIT 1   [ RunTime:0.0310s ]
SQL: SELECT * FROM `dd_paper` WHERE ( store_cate=13 ) ORDER BY id desc LIMIT 0,9   [ RunTime:0.0640s ]
SQL: SELECT `name` FROM `dd_product_cate` WHERE `id` = 3 LIMIT 1   [ RunTime:0.0300s ]
SQL: SELECT `name` FROM `dd_product_cate` WHERE `id` = 3 LIMIT 1   [ RunTime:0.0300s ]
SQL: SELECT `name` FROM `dd_product_cate` WHERE `id` = 3 LIMIT 1   [ RunTime:0.0310s ]
SQL: SELECT `name` FROM `dd_product_cate` WHERE `id` = 3 LIMIT 1   [ RunTime:0.0310s ]
SQL: SELECT * FROM `dd_paper` WHERE ( `store_cate` >= '5' AND `store_cate` <= '9'  ) ORDER BY id desc LIMIT 0,9   [ RunTime:0.3160s ]
SQL: SELECT `name` FROM `dd_product_cate` WHERE `id` = 9 LIMIT 1   [ RunTime:0.0300s ]
SQL: SELECT `name` FROM `dd_product_cate` WHERE `id` = 9 LIMIT 1   [ RunTime:0.0310s ]
SQL: SELECT `name` FROM `dd_product_cate` WHERE `id` = 9 LIMIT 1   [ RunTime:0.0310s ]
SQL: SELECT `name` FROM `dd_product_cate` WHERE `id` = 6 LIMIT 1   [ RunTime:0.0300s ]
SQL: SELECT `name` FROM `dd_product_cate` WHERE `id` = 6 LIMIT 1   [ RunTime:0.0310s ]
SQL: SELECT `name` FROM `dd_product_cate` WHERE `id` = 6 LIMIT 1   [ RunTime:0.0320s ]
SQL: SELECT `name` FROM `dd_product_cate` WHERE `id` = 8 LIMIT 1   [ RunTime:0.0300s ]
SQL: SELECT `name` FROM `dd_product_cate` WHERE `id` = 8 LIMIT 1   [ RunTime:0.0310s ]
SQL: SELECT `name` FROM `dd_product_cate` WHERE `id` = 8 LIMIT 1   [ RunTime:0.0310s ]
INFO: [ view_parse ] --START--
INFO: [ template_filter ] --START--
INFO: Run Behavior\ContentReplaceBehavior [ RunTime:0.000000s ]
INFO: [ template_filter ] --END-- [ RunTime:0.000000s ]
INFO: Run Behavior\ParseTemplateBehavior [ RunTime:0.032002s ]
INFO: [ view_parse ] --END-- [ RunTime:0.033002s ]
INFO: [ view_filter ] --START--
INFO: Run Behavior\WriteHtmlCacheBehavior [ RunTime:0.001000s ]
INFO: [ view_filter ] --END-- [ RunTime:0.001000s ]
INFO: [ app_end ] --START--
INFO: Run Behavior\ShowPageTraceBehavior [ RunTime:0.002000s ]
INFO: [ app_end ] --END-- [ RunTime:0.002000s ]

[ 2019-08-03T09:23:52+08:00 ] ::1 /newsapxl/index.php?m=&c=Product&a=airpump
INFO: [ app_init ] --START--
INFO: Run Behavior\BuildLiteBehavior [ RunTime:0.000000s ]
INFO: [ app_init ] --END-- [ RunTime:0.001000s ]
INFO: [ app_begin ] --START--
INFO: Run Behavior\ReadHtmlCacheBehavior [ RunTime:0.001000s ]
INFO: [ app_begin ] --END-- [ RunTime:0.002000s ]
SQL: SHOW COLUMNS FROM `dd_paper` [ RunTime:0.0330s ]
NOTIC: [8] Undefined variable: where D:\install\phpstudy\WWW\newsapxl\Application\Home\Controller\ProductController.class.php 第 8 行.
SQL: SELECT COUNT(*) AS tp_count FROM `dd_paper` LIMIT 1   [ RunTime:0.0330s ]
SQL: SELECT * FROM `dd_paper` WHERE ( store_cate=2 or store_cate=3 ) ORDER BY id desc LIMIT 0,9   [ RunTime:0.1330s ]
SQL: SHOW COLUMNS FROM `dd_product_cate` [ RunTime:0.0310s ]
SQL: SELECT `name` FROM `dd_product_cate` WHERE `id` = 3 LIMIT 1   [ RunTime:0.0350s ]
SQL: SELECT `name` FROM `dd_product_cate` WHERE `id` = 3 LIMIT 1   [ RunTime:0.0290s ]
SQL: SELECT `name` FROM `dd_product_cate` WHERE `id` = 3 LIMIT 1   [ RunTime:0.0310s ]
SQL: SELECT `name` FROM `dd_product_cate` WHERE `id` = 2 LIMIT 1   [ RunTime:0.0340s ]
SQL: SELECT `name` FROM `dd_product_cate` WHERE `id` = 2 LIMIT 1   [ RunTime:0.0310s ]
SQL: SELECT `name` FROM `dd_product_cate` WHERE `id` = 3 LIMIT 1   [ RunTime:0.0300s ]
SQL: SELECT `name` FROM `dd_product_cate` WHERE `id` = 2 LIMIT 1   [ RunTime:0.0320s ]
SQL: SELECT `name` FROM `dd_product_cate` WHERE `id` = 2 LIMIT 1   [ RunTime:0.0290s ]
SQL: SELECT `name` FROM `dd_product_cate` WHERE `id` = 2 LIMIT 1   [ RunTime:0.0390s ]
INFO: [ view_parse ] --START--
INFO: [ template_filter ] --START--
INFO: Run Behavior\ContentReplaceBehavior [ RunTime:0.002001s ]
INFO: [ template_filter ] --END-- [ RunTime:0.002001s ]
INFO: Run Behavior\ParseTemplateBehavior [ RunTime:0.057003s ]
INFO: [ view_parse ] --END-- [ RunTime:0.057003s ]
INFO: [ view_filter ] --START--
INFO: Run Behavior\WriteHtmlCacheBehavior [ RunTime:0.002000s ]
INFO: [ view_filter ] --END-- [ RunTime:0.002000s ]
INFO: [ app_end ] --START--
INFO: Run Behavior\ShowPageTraceBehavior [ RunTime:0.002000s ]
INFO: [ app_end ] --END-- [ RunTime:0.002000s ]

[ 2019-08-03T09:57:33+08:00 ] ::1 /newsapxl/index.php?m=&c=Index&a=index
INFO: [ app_init ] --START--
INFO: Run Behavior\BuildLiteBehavior [ RunTime:0.000000s ]
INFO: [ app_init ] --END-- [ RunTime:0.001000s ]
INFO: [ app_begin ] --START--
INFO: Run Behavior\ReadHtmlCacheBehavior [ RunTime:0.002001s ]
INFO: [ app_begin ] --END-- [ RunTime:0.002001s ]
SQL: SHOW COLUMNS FROM `dd_paper` [ RunTime:0.0480s ]
NOTIC: [8] Undefined variable: where D:\install\phpstudy\WWW\newsapxl\Application\Home\Controller\IndexController.class.php 第 7 行.
SQL: SELECT COUNT(*) AS tp_count FROM `dd_paper` LIMIT 1   [ RunTime:0.0350s ]
SQL: SELECT * FROM `dd_paper` WHERE ( store_cate=2 ) ORDER BY id desc LIMIT 0,9   [ RunTime:0.1280s ]
SQL: SHOW COLUMNS FROM `dd_product_cate` [ RunTime:0.0360s ]
SQL: SELECT `name` FROM `dd_product_cate` WHERE `id` = 2 LIMIT 1   [ RunTime:0.0320s ]
SQL: SELECT `name` FROM `dd_product_cate` WHERE `id` = 2 LIMIT 1   [ RunTime:0.0320s ]
SQL: SELECT `name` FROM `dd_product_cate` WHERE `id` = 2 LIMIT 1   [ RunTime:0.0320s ]
SQL: SELECT `name` FROM `dd_product_cate` WHERE `id` = 2 LIMIT 1   [ RunTime:0.0390s ]
SQL: SELECT `name` FROM `dd_product_cate` WHERE `id` = 2 LIMIT 1   [ RunTime:0.0320s ]
SQL: SELECT * FROM `dd_paper` WHERE ( store_cate=3 ) ORDER BY id desc LIMIT 0,9   [ RunTime:0.0670s ]
SQL: SELECT `name` FROM `dd_product_cate` WHERE `id` = 3 LIMIT 1   [ RunTime:0.0330s ]
SQL: SELECT `name` FROM `dd_product_cate` WHERE `id` = 3 LIMIT 1   [ RunTime:0.0310s ]
SQL: SELECT `name` FROM `dd_product_cate` WHERE `id` = 3 LIMIT 1   [ RunTime:0.0330s ]
SQL: SELECT `name` FROM `dd_product_cate` WHERE `id` = 3 LIMIT 1   [ RunTime:0.0320s ]
SQL: SELECT * FROM `dd_paper` WHERE ( store_cate=13 ) ORDER BY id desc LIMIT 0,9   [ RunTime:0.0690s ]
SQL: SELECT `name` FROM `dd_product_cate` WHERE `id` = 3 LIMIT 1   [ RunTime:0.0320s ]
SQL: SELECT `name` FROM `dd_product_cate` WHERE `id` = 3 LIMIT 1   [ RunTime:0.0320s ]
SQL: SELECT `name` FROM `dd_product_cate` WHERE `id` = 3 LIMIT 1   [ RunTime:0.0330s ]
SQL: SELECT `name` FROM `dd_product_cate` WHERE `id` = 3 LIMIT 1   [ RunTime:0.0320s ]
SQL: SELECT * FROM `dd_paper` WHERE ( `store_cate` >= '5' AND `store_cate` <= '9'  ) ORDER BY id desc LIMIT 0,9   [ RunTime:0.2750s ]
SQL: SELECT `name` FROM `dd_product_cate` WHERE `id` = 9 LIMIT 1   [ RunTime:0.0470s ]
SQL: SELECT `name` FROM `dd_product_cate` WHERE `id` = 9 LIMIT 1   [ RunTime:0.0760s ]
SQL: SELECT `name` FROM `dd_product_cate` WHERE `id` = 9 LIMIT 1   [ RunTime:0.0760s ]
SQL: SELECT `name` FROM `dd_product_cate` WHERE `id` = 6 LIMIT 1   [ RunTime:0.1190s ]
SQL: SELECT `name` FROM `dd_product_cate` WHERE `id` = 6 LIMIT 1   [ RunTime:0.1060s ]
SQL: SELECT `name` FROM `dd_product_cate` WHERE `id` = 6 LIMIT 1   [ RunTime:0.0310s ]
SQL: SELECT `name` FROM `dd_product_cate` WHERE `id` = 8 LIMIT 1   [ RunTime:0.0340s ]
SQL: SELECT `name` FROM `dd_product_cate` WHERE `id` = 8 LIMIT 1   [ RunTime:0.0340s ]
SQL: SELECT `name` FROM `dd_product_cate` WHERE `id` = 8 LIMIT 1   [ RunTime:0.0440s ]
INFO: [ view_parse ] --START--
INFO: [ template_filter ] --START--
INFO: Run Behavior\ContentReplaceBehavior [ RunTime:0.001000s ]
INFO: [ template_filter ] --END-- [ RunTime:0.001000s ]
INFO: Run Behavior\ParseTemplateBehavior [ RunTime:0.051003s ]
INFO: [ view_parse ] --END-- [ RunTime:0.052003s ]
INFO: [ view_filter ] --START--
INFO: Run Behavior\WriteHtmlCacheBehavior [ RunTime:0.002000s ]
INFO: [ view_filter ] --END-- [ RunTime:0.002000s ]
INFO: [ app_end ] --START--
INFO: Run Behavior\ShowPageTraceBehavior [ RunTime:0.003000s ]
INFO: [ app_end ] --END-- [ RunTime:0.003000s ]

[ 2019-08-03T09:59:37+08:00 ] ::1 /newsapxl/index.php?m=&c=Product&a=airpump
INFO: [ app_init ] --START--
INFO: Run Behavior\BuildLiteBehavior [ RunTime:0.000000s ]
INFO: [ app_init ] --END-- [ RunTime:0.002000s ]
INFO: [ app_begin ] --START--
INFO: Run Behavior\ReadHtmlCacheBehavior [ RunTime:0.002000s ]
INFO: [ app_begin ] --END-- [ RunTime:0.002000s ]
SQL: SHOW COLUMNS FROM `dd_paper` [ RunTime:0.0330s ]
NOTIC: [8] Undefined variable: where D:\install\phpstudy\WWW\newsapxl\Application\Home\Controller\ProductController.class.php 第 8 行.
SQL: SELECT COUNT(*) AS tp_count FROM `dd_paper` LIMIT 1   [ RunTime:0.0310s ]
SQL: SELECT * FROM `dd_paper` WHERE ( store_cate=2 or store_cate=3 ) ORDER BY id desc LIMIT 0,9   [ RunTime:0.1290s ]
SQL: SHOW COLUMNS FROM `dd_product_cate` [ RunTime:0.0310s ]
SQL: SELECT `name` FROM `dd_product_cate` WHERE `id` = 3 LIMIT 1   [ RunTime:0.0310s ]
SQL: SELECT `name` FROM `dd_product_cate` WHERE `id` = 3 LIMIT 1   [ RunTime:0.0320s ]
SQL: SELECT `name` FROM `dd_product_cate` WHERE `id` = 3 LIMIT 1   [ RunTime:0.0320s ]
SQL: SELECT `name` FROM `dd_product_cate` WHERE `id` = 2 LIMIT 1   [ RunTime:0.0320s ]
SQL: SELECT `name` FROM `dd_product_cate` WHERE `id` = 2 LIMIT 1   [ RunTime:0.0330s ]
SQL: SELECT `name` FROM `dd_product_cate` WHERE `id` = 3 LIMIT 1   [ RunTime:0.0320s ]
SQL: SELECT `name` FROM `dd_product_cate` WHERE `id` = 2 LIMIT 1   [ RunTime:0.0450s ]
SQL: SELECT `name` FROM `dd_product_cate` WHERE `id` = 2 LIMIT 1   [ RunTime:0.0640s ]
SQL: SELECT `name` FROM `dd_product_cate` WHERE `id` = 2 LIMIT 1   [ RunTime:0.0940s ]
INFO: [ view_parse ] --START--
INFO: [ template_filter ] --START--
INFO: Run Behavior\ContentReplaceBehavior [ RunTime:0.002000s ]
INFO: [ template_filter ] --END-- [ RunTime:0.002000s ]
INFO: Run Behavior\ParseTemplateBehavior [ RunTime:0.052003s ]
INFO: [ view_parse ] --END-- [ RunTime:0.052003s ]
INFO: [ view_filter ] --START--
INFO: Run Behavior\WriteHtmlCacheBehavior [ RunTime:0.002000s ]
INFO: [ view_filter ] --END-- [ RunTime:0.002000s ]
INFO: [ app_end ] --START--
INFO: Run Behavior\ShowPageTraceBehavior [ RunTime:0.002000s ]
INFO: [ app_end ] --END-- [ RunTime:0.002000s ]

[ 2019-08-03T09:59:52+08:00 ] ::1 /newsapxl/index.php?m=&c=Product&a=combinedpump
INFO: [ app_init ] --START--
INFO: Run Behavior\BuildLiteBehavior [ RunTime:0.000000s ]
INFO: [ app_init ] --END-- [ RunTime:0.001000s ]
INFO: [ app_begin ] --START--
INFO: Run Behavior\ReadHtmlCacheBehavior [ RunTime:0.002000s ]
INFO: [ app_begin ] --END-- [ RunTime:0.002000s ]
INFO: [ view_parse ] --START--
INFO: [ template_filter ] --START--
INFO: Run Behavior\ContentReplaceBehavior [ RunTime:0.001000s ]
INFO: [ template_filter ] --END-- [ RunTime:0.001000s ]
INFO: Run Behavior\ParseTemplateBehavior [ RunTime:0.081005s ]
INFO: [ view_parse ] --END-- [ RunTime:0.081005s ]
INFO: [ view_filter ] --START--
INFO: Run Behavior\WriteHtmlCacheBehavior [ RunTime:0.001000s ]
INFO: [ view_filter ] --END-- [ RunTime:0.001000s ]
INFO: [ app_end ] --START--
INFO: Run Behavior\ShowPageTraceBehavior [ RunTime:0.001000s ]
INFO: [ app_end ] --END-- [ RunTime:0.001000s ]

[ 2019-08-03T10:44:34+08:00 ] ::1 /newsapxl/index.php?m=&c=Product&a=airpump
INFO: [ app_init ] --START--
INFO: Run Behavior\BuildLiteBehavior [ RunTime:0.000000s ]
INFO: [ app_init ] --END-- [ RunTime:0.003000s ]
INFO: [ app_begin ] --START--
INFO: Run Behavior\ReadHtmlCacheBehavior [ RunTime:0.002000s ]
INFO: [ app_begin ] --END-- [ RunTime:0.002000s ]
SQL: SHOW COLUMNS FROM `dd_paper` [ RunTime:0.0360s ]
NOTIC: [8] Undefined variable: where D:\install\phpstudy\WWW\newsapxl\Application\Home\Controller\ProductController.class.php 第 8 行.
SQL: SELECT COUNT(*) AS tp_count FROM `dd_paper` LIMIT 1   [ RunTime:0.0310s ]
SQL: SELECT * FROM `dd_paper` WHERE ( store_cate=2 or store_cate=3 ) ORDER BY id desc LIMIT 0,9   [ RunTime:0.1380s ]
SQL: SHOW COLUMNS FROM `dd_product_cate` [ RunTime:0.0430s ]
SQL: SELECT `name` FROM `dd_product_cate` WHERE `id` = 3 LIMIT 1   [ RunTime:0.0380s ]
SQL: SELECT `name` FROM `dd_product_cate` WHERE `id` = 3 LIMIT 1   [ RunTime:0.0370s ]
SQL: SELECT `name` FROM `dd_product_cate` WHERE `id` = 3 LIMIT 1   [ RunTime:0.0310s ]
SQL: SELECT `name` FROM `dd_product_cate` WHERE `id` = 2 LIMIT 1   [ RunTime:0.0370s ]
SQL: SELECT `name` FROM `dd_product_cate` WHERE `id` = 2 LIMIT 1   [ RunTime:0.0320s ]
SQL: SELECT `name` FROM `dd_product_cate` WHERE `id` = 3 LIMIT 1   [ RunTime:0.0300s ]
SQL: SELECT `name` FROM `dd_product_cate` WHERE `id` = 2 LIMIT 1   [ RunTime:0.0380s ]
SQL: SELECT `name` FROM `dd_product_cate` WHERE `id` = 2 LIMIT 1   [ RunTime:0.0340s ]
SQL: SELECT `name` FROM `dd_product_cate` WHERE `id` = 2 LIMIT 1   [ RunTime:0.0580s ]
INFO: [ view_parse ] --START--
INFO: [ template_filter ] --START--
INFO: Run Behavior\ContentReplaceBehavior [ RunTime:0.001000s ]
INFO: [ template_filter ] --END-- [ RunTime:0.001000s ]
INFO: Run Behavior\ParseTemplateBehavior [ RunTime:0.063004s ]
INFO: [ view_parse ] --END-- [ RunTime:0.063004s ]
INFO: [ view_filter ] --START--
INFO: Run Behavior\WriteHtmlCacheBehavior [ RunTime:0.002000s ]
INFO: [ view_filter ] --END-- [ RunTime:0.002000s ]
INFO: [ app_end ] --START--
INFO: Run Behavior\ShowPageTraceBehavior [ RunTime:0.002000s ]
INFO: [ app_end ] --END-- [ RunTime:0.002000s ]

