[ 2019-08-01T14:12:13+08:00 ] ::1 /newsapxl/admin.php
INFO: [ app_init ] --START--
INFO: Run Behavior\BuildLiteBehavior [ RunTime:0.000000s ]
INFO: [ app_init ] --END-- [ RunTime:0.001000s ]
INFO: [ app_begin ] --START--
INFO: Run Behavior\ReadHtmlCacheBehavior [ RunTime:0.002000s ]
INFO: [ app_begin ] --END-- [ RunTime:0.002000s ]
SQL: SHOW COLUMNS FROM `dd_config` [ RunTime:0.0500s ]
SQL: SELECT * FROM `dd_config`  [ RunTime:0.0770s ]

[ 2019-08-01T14:12:14+08:00 ] ::1 /newsapxl/admin.php?m=Admin&c=Index&a=login
INFO: [ app_init ] --START--
INFO: Run Behavior\BuildLiteBehavior [ RunTime:0.000000s ]
INFO: [ app_init ] --END-- [ RunTime:0.001000s ]
INFO: [ app_begin ] --START--
INFO: Run Behavior\ReadHtmlCacheBehavior [ RunTime:0.006001s ]
INFO: [ app_begin ] --END-- [ RunTime:0.006001s ]
SQL: SHOW COLUMNS FROM `dd_config` [ RunTime:0.0320s ]
SQL: SELECT * FROM `dd_config`  [ RunTime:0.0650s ]
INFO: [ view_parse ] --START--
INFO: [ template_filter ] --START--
INFO: Run Behavior\ContentReplaceBehavior [ RunTime:0.001000s ]
INFO: [ template_filter ] --END-- [ RunTime:0.001000s ]
INFO: Run Behavior\ParseTemplateBehavior [ RunTime:0.223013s ]
INFO: [ view_parse ] --END-- [ RunTime:0.223013s ]
INFO: [ view_filter ] --START--
INFO: Run Behavior\WriteHtmlCacheBehavior [ RunTime:0.001000s ]
INFO: [ view_filter ] --END-- [ RunTime:0.001000s ]
INFO: [ app_end ] --START--
INFO: Run Behavior\ShowPageTraceBehavior [ RunTime:0.002000s ]
INFO: [ app_end ] --END-- [ RunTime:0.002000s ]

[ 2019-08-01T14:12:57+08:00 ] ::1 /newsapxl/admin.php?m=Admin&c=Index&a=login
INFO: [ app_init ] --START--
INFO: Run Behavior\BuildLiteBehavior [ RunTime:0.000000s ]
INFO: [ app_init ] --END-- [ RunTime:0.001000s ]
INFO: [ app_begin ] --START--
INFO: Run Behavior\ReadHtmlCacheBehavior [ RunTime:0.002000s ]
INFO: [ app_begin ] --END-- [ RunTime:0.002000s ]
SQL: SHOW COLUMNS FROM `dd_config` [ RunTime:0.1500s ]
SQL: SELECT * FROM `dd_config`  [ RunTime:0.2440s ]

[ 2019-08-01T14:12:58+08:00 ] ::1 /newsapxl/admin.php?m=Admin&c=Admin&a=welcome
INFO: [ app_init ] --START--
INFO: Run Behavior\BuildLiteBehavior [ RunTime:0.000000s ]
INFO: [ app_init ] --END-- [ RunTime:0.000000s ]
INFO: [ app_begin ] --START--
INFO: Run Behavior\ReadHtmlCacheBehavior [ RunTime:0.001000s ]
INFO: [ app_begin ] --END-- [ RunTime:0.001000s ]
SQL: SHOW COLUMNS FROM `dd_config` [ RunTime:0.0320s ]
SQL: SELECT * FROM `dd_config`  [ RunTime:0.0690s ]
NOTIC: [8] Undefined variable: info D:\install\phpstudy\WWW\newsapxl\Application\Admin\Controller\AdminController.class.php 第 33 行.
INFO: [ view_parse ] --START--
INFO: [ template_filter ] --START--
INFO: Run Behavior\ContentReplaceBehavior [ RunTime:0.001000s ]
INFO: [ template_filter ] --END-- [ RunTime:0.001000s ]
INFO: Run Behavior\ParseTemplateBehavior [ RunTime:0.051003s ]
INFO: [ view_parse ] --END-- [ RunTime:0.051003s ]
INFO: [ view_filter ] --START--
INFO: Run Behavior\WriteHtmlCacheBehavior [ RunTime:0.001000s ]
INFO: [ view_filter ] --END-- [ RunTime:0.001000s ]
INFO: [ app_end ] --START--
INFO: Run Behavior\ShowPageTraceBehavior [ RunTime:0.002000s ]
INFO: [ app_end ] --END-- [ RunTime:0.002000s ]

[ 2019-08-01T14:13:05+08:00 ] ::1 /newsapxl/admin.php?m=Admin&c=Paper&a=index
INFO: [ app_init ] --START--
INFO: Run Behavior\BuildLiteBehavior [ RunTime:0.000000s ]
INFO: [ app_init ] --END-- [ RunTime:0.001000s ]
INFO: [ app_begin ] --START--
INFO: Run Behavior\ReadHtmlCacheBehavior [ RunTime:0.002000s ]
INFO: [ app_begin ] --END-- [ RunTime:0.002000s ]
SQL: SHOW COLUMNS FROM `dd_config` [ RunTime:0.0320s ]
SQL: SELECT * FROM `dd_config`  [ RunTime:0.0720s ]
SQL: SHOW COLUMNS FROM `dd_paper` [ RunTime:0.0340s ]
NOTIC: [8] Undefined variable: where D:\install\phpstudy\WWW\newsapxl\Application\Admin\Controller\PaperController.class.php 第 8 行.
SQL: SELECT COUNT(*) AS tp_count FROM `dd_paper` LIMIT 1   [ RunTime:0.0310s ]
NOTIC: [8] Undefined variable: where D:\install\phpstudy\WWW\newsapxl\Application\Admin\Controller\PaperController.class.php 第 11 行.
SQL: SELECT * FROM `dd_paper` ORDER BY id desc LIMIT 0,25   [ RunTime:0.6060s ]
SQL: SHOW COLUMNS FROM `dd_product_cate` [ RunTime:0.0500s ]
SQL: SELECT `name` FROM `dd_product_cate` WHERE `id` = 13 LIMIT 1   [ RunTime:0.0310s ]
SQL: SELECT `name` FROM `dd_product_cate` WHERE `id` = 9 LIMIT 1   [ RunTime:0.0310s ]
SQL: SELECT `name` FROM `dd_product_cate` WHERE `id` = 9 LIMIT 1   [ RunTime:0.0310s ]
SQL: SELECT `name` FROM `dd_product_cate` WHERE `id` = 9 LIMIT 1   [ RunTime:0.0320s ]
SQL: SELECT `name` FROM `dd_product_cate` WHERE `id` = 6 LIMIT 1   [ RunTime:0.0320s ]
SQL: SELECT `name` FROM `dd_product_cate` WHERE `id` = 6 LIMIT 1   [ RunTime:0.0320s ]
SQL: SELECT `name` FROM `dd_product_cate` WHERE `id` = 6 LIMIT 1   [ RunTime:0.0320s ]
SQL: SELECT `name` FROM `dd_product_cate` WHERE `id` = 8 LIMIT 1   [ RunTime:0.0310s ]
SQL: SELECT `name` FROM `dd_product_cate` WHERE `id` = 8 LIMIT 1   [ RunTime:0.0350s ]
SQL: SELECT `name` FROM `dd_product_cate` WHERE `id` = 8 LIMIT 1   [ RunTime:0.0340s ]
SQL: SELECT `name` FROM `dd_product_cate` WHERE `id` = 13 LIMIT 1   [ RunTime:0.0370s ]
SQL: SELECT `name` FROM `dd_product_cate` WHERE `id` = 13 LIMIT 1   [ RunTime:0.0300s ]
SQL: SELECT `name` FROM `dd_product_cate` WHERE `id` = 9 LIMIT 1   [ RunTime:0.0320s ]
SQL: SELECT `name` FROM `dd_product_cate` WHERE `id` = 6 LIMIT 1   [ RunTime:0.0350s ]
SQL: SELECT `name` FROM `dd_product_cate` WHERE `id` = 10 LIMIT 1   [ RunTime:0.0310s ]
SQL: SELECT `name` FROM `dd_product_cate` WHERE `id` = 4 LIMIT 1   [ RunTime:0.0450s ]
SQL: SELECT `name` FROM `dd_product_cate` WHERE `id` = 11 LIMIT 1   [ RunTime:0.0660s ]
SQL: SELECT `name` FROM `dd_product_cate` WHERE `id` = 3 LIMIT 1   [ RunTime:0.0570s ]
SQL: SELECT `name` FROM `dd_product_cate` WHERE `id` = 3 LIMIT 1   [ RunTime:0.0350s ]
SQL: SELECT `name` FROM `dd_product_cate` WHERE `id` = 3 LIMIT 1   [ RunTime:0.0720s ]
SQL: SELECT `name` FROM `dd_product_cate` WHERE `id` = 2 LIMIT 1   [ RunTime:0.0470s ]
SQL: SELECT `name` FROM `dd_product_cate` WHERE `id` = 2 LIMIT 1   [ RunTime:0.0790s ]
SQL: SELECT `name` FROM `dd_product_cate` WHERE `id` = 3 LIMIT 1   [ RunTime:0.0590s ]
SQL: SELECT `name` FROM `dd_product_cate` WHERE `id` = 2 LIMIT 1   [ RunTime:0.0620s ]
SQL: SELECT `name` FROM `dd_product_cate` WHERE `id` = 2 LIMIT 1   [ RunTime:0.0870s ]
INFO: [ view_parse ] --START--
INFO: [ template_filter ] --START--
INFO: Run Behavior\ContentReplaceBehavior [ RunTime:0.000000s ]
INFO: [ template_filter ] --END-- [ RunTime:0.000000s ]
INFO: Run Behavior\ParseTemplateBehavior [ RunTime:0.049003s ]
INFO: [ view_parse ] --END-- [ RunTime:0.049003s ]
INFO: [ view_filter ] --START--
INFO: Run Behavior\WriteHtmlCacheBehavior [ RunTime:0.001000s ]
INFO: [ view_filter ] --END-- [ RunTime:0.001000s ]
INFO: [ app_end ] --START--
INFO: Run Behavior\ShowPageTraceBehavior [ RunTime:0.002000s ]
INFO: [ app_end ] --END-- [ RunTime:0.002000s ]

[ 2019-08-01T14:13:13+08:00 ] ::1 /newsapxl/admin.php?m=Admin&c=Paper&a=cate
INFO: [ app_init ] --START--
INFO: Run Behavior\BuildLiteBehavior [ RunTime:0.000000s ]
INFO: [ app_init ] --END-- [ RunTime:0.001000s ]
INFO: [ app_begin ] --START--
INFO: Run Behavior\ReadHtmlCacheBehavior [ RunTime:0.002000s ]
INFO: [ app_begin ] --END-- [ RunTime:0.002000s ]
SQL: SHOW COLUMNS FROM `dd_config` [ RunTime:0.0310s ]
SQL: SELECT * FROM `dd_config`  [ RunTime:0.1360s ]
NOTIC: [8] Undefined index: pid D:\install\phpstudy\WWW\newsapxl\Application\Admin\Controller\PaperController.class.php 第 116 行.
SQL: SHOW COLUMNS FROM `dd_product_cate` [ RunTime:0.1360s ]
SQL: SELECT * FROM `dd_product_cate` WHERE `pid` = 0 ORDER BY sort desc  [ RunTime:0.0330s ]
INFO: [ view_parse ] --START--
INFO: [ template_filter ] --START--
INFO: Run Behavior\ContentReplaceBehavior [ RunTime:0.001000s ]
INFO: [ template_filter ] --END-- [ RunTime:0.001000s ]
NOTIC: [8] Undefined index: pid D:\install\phpstudy\WWW\newsapxl\Application\Runtime\Cache\Admin\21058cfef33750ecc9a5ae39b1e1f0e4.php 第 197 行.
INFO: Run Behavior\ParseTemplateBehavior [ RunTime:0.084005s ]
INFO: [ view_parse ] --END-- [ RunTime:0.084005s ]
INFO: [ view_filter ] --START--
INFO: Run Behavior\WriteHtmlCacheBehavior [ RunTime:0.001000s ]
INFO: [ view_filter ] --END-- [ RunTime:0.002000s ]
INFO: [ app_end ] --START--
INFO: Run Behavior\ShowPageTraceBehavior [ RunTime:0.001000s ]
INFO: [ app_end ] --END-- [ RunTime:0.001000s ]

