[ 2019-08-12T14:21:40+08:00 ] ::1 /newsapxl/admin.php
INFO: [ app_init ] --START--
INFO: Run Behavior\BuildLiteBehavior [ RunTime:0.000000s ]
INFO: [ app_init ] --END-- [ RunTime:0.001000s ]
INFO: [ app_begin ] --START--
INFO: Run Behavior\ReadHtmlCacheBehavior [ RunTime:0.001000s ]
INFO: [ app_begin ] --END-- [ RunTime:0.001000s ]
SQL: SHOW COLUMNS FROM `dd_config` [ RunTime:0.0700s ]
SQL: SELECT * FROM `dd_config`  [ RunTime:0.1700s ]

[ 2019-08-12T14:21:41+08:00 ] ::1 /newsapxl/admin.php?m=Admin&c=Index&a=login
INFO: [ app_init ] --START--
INFO: Run Behavior\BuildLiteBehavior [ RunTime:0.000000s ]
INFO: [ app_init ] --END-- [ RunTime:0.001000s ]
INFO: [ app_begin ] --START--
INFO: Run Behavior\ReadHtmlCacheBehavior [ RunTime:0.001000s ]
INFO: [ app_begin ] --END-- [ RunTime:0.002000s ]
SQL: SHOW COLUMNS FROM `dd_config` [ RunTime:0.0780s ]
SQL: SELECT * FROM `dd_config`  [ RunTime:0.2290s ]
INFO: [ view_parse ] --START--
INFO: [ template_filter ] --START--
INFO: Run Behavior\ContentReplaceBehavior [ RunTime:0.001000s ]
INFO: [ template_filter ] --END-- [ RunTime:0.001000s ]
INFO: Run Behavior\ParseTemplateBehavior [ RunTime:0.056003s ]
INFO: [ view_parse ] --END-- [ RunTime:0.056003s ]
INFO: [ view_filter ] --START--
INFO: Run Behavior\WriteHtmlCacheBehavior [ RunTime:0.001000s ]
INFO: [ view_filter ] --END-- [ RunTime:0.001000s ]
INFO: [ app_end ] --START--
INFO: Run Behavior\ShowPageTraceBehavior [ RunTime:0.001000s ]
INFO: [ app_end ] --END-- [ RunTime:0.001000s ]

[ 2019-08-12T14:21:49+08:00 ] ::1 /newsapxl/admin.php?m=Admin&c=Index&a=login
INFO: [ app_init ] --START--
INFO: Run Behavior\BuildLiteBehavior [ RunTime:0.000000s ]
INFO: [ app_init ] --END-- [ RunTime:0.000000s ]
INFO: [ app_begin ] --START--
INFO: Run Behavior\ReadHtmlCacheBehavior [ RunTime:0.000000s ]
INFO: [ app_begin ] --END-- [ RunTime:0.000000s ]
SQL: SHOW COLUMNS FROM `dd_config` [ RunTime:0.0320s ]
SQL: SELECT * FROM `dd_config`  [ RunTime:0.0680s ]

[ 2019-08-12T14:21:49+08:00 ] ::1 /newsapxl/admin.php?m=Admin&c=Admin&a=welcome
INFO: [ app_init ] --START--
INFO: Run Behavior\BuildLiteBehavior [ RunTime:0.000000s ]
INFO: [ app_init ] --END-- [ RunTime:0.001000s ]
INFO: [ app_begin ] --START--
INFO: Run Behavior\ReadHtmlCacheBehavior [ RunTime:0.001000s ]
INFO: [ app_begin ] --END-- [ RunTime:0.001000s ]
SQL: SHOW COLUMNS FROM `dd_config` [ RunTime:0.0300s ]
SQL: SELECT * FROM `dd_config`  [ RunTime:0.0610s ]
NOTIC: [8] Undefined variable: info D:\install\phpstudy\WWW\newsapxl\Application\Admin\Controller\AdminController.class.php 第 33 行.
INFO: [ view_parse ] --START--
INFO: [ template_filter ] --START--
INFO: Run Behavior\ContentReplaceBehavior [ RunTime:0.000000s ]
INFO: [ template_filter ] --END-- [ RunTime:0.001000s ]
INFO: Run Behavior\ParseTemplateBehavior [ RunTime:0.062003s ]
INFO: [ view_parse ] --END-- [ RunTime:0.062003s ]
INFO: [ view_filter ] --START--
INFO: Run Behavior\WriteHtmlCacheBehavior [ RunTime:0.001000s ]
INFO: [ view_filter ] --END-- [ RunTime:0.001000s ]
INFO: [ app_end ] --START--
INFO: Run Behavior\ShowPageTraceBehavior [ RunTime:0.002001s ]
INFO: [ app_end ] --END-- [ RunTime:0.002001s ]

[ 2019-08-12T14:21:58+08:00 ] ::1 /newsapxl/admin.php?m=Admin&c=Paper&a=index
INFO: [ app_init ] --START--
INFO: Run Behavior\BuildLiteBehavior [ RunTime:0.001000s ]
INFO: [ app_init ] --END-- [ RunTime:0.001000s ]
INFO: [ app_begin ] --START--
INFO: Run Behavior\ReadHtmlCacheBehavior [ RunTime:0.002000s ]
INFO: [ app_begin ] --END-- [ RunTime:0.002000s ]
SQL: SHOW COLUMNS FROM `dd_config` [ RunTime:0.0440s ]
SQL: SELECT * FROM `dd_config`  [ RunTime:0.0640s ]
SQL: SHOW COLUMNS FROM `dd_paper` [ RunTime:0.0390s ]
NOTIC: [8] Undefined variable: where D:\install\phpstudy\WWW\newsapxl\Application\Admin\Controller\PaperController.class.php 第 8 行.
SQL: SELECT COUNT(*) AS tp_count FROM `dd_paper` LIMIT 1   [ RunTime:0.0620s ]
NOTIC: [8] Undefined variable: where D:\install\phpstudy\WWW\newsapxl\Application\Admin\Controller\PaperController.class.php 第 11 行.
SQL: SELECT * FROM `dd_paper` ORDER BY id desc LIMIT 0,25   [ RunTime:0.4560s ]
SQL: SHOW COLUMNS FROM `dd_product_cate` [ RunTime:0.0330s ]
SQL: SELECT `name` FROM `dd_product_cate` WHERE `id` = 23 LIMIT 1   [ RunTime:0.0310s ]
SQL: SELECT `name` FROM `dd_product_cate` WHERE `id` = 24 LIMIT 1   [ RunTime:0.0310s ]
SQL: SELECT `name` FROM `dd_product_cate` WHERE `id` = 16 LIMIT 1   [ RunTime:0.0300s ]
SQL: SELECT `name` FROM `dd_product_cate` WHERE `id` = 17 LIMIT 1   [ RunTime:0.0310s ]
SQL: SELECT `name` FROM `dd_product_cate` WHERE `id` = 21 LIMIT 1   [ RunTime:0.0310s ]
SQL: SELECT `name` FROM `dd_product_cate` WHERE `id` = 21 LIMIT 1   [ RunTime:0.0320s ]
SQL: SELECT `name` FROM `dd_product_cate` WHERE `id` = 21 LIMIT 1   [ RunTime:0.0310s ]
SQL: SELECT `name` FROM `dd_product_cate` WHERE `id` = 21 LIMIT 1   [ RunTime:0.0300s ]
SQL: SELECT `name` FROM `dd_product_cate` WHERE `id` = 20 LIMIT 1   [ RunTime:0.0310s ]
SQL: SELECT `name` FROM `dd_product_cate` WHERE `id` = 22 LIMIT 1   [ RunTime:0.0310s ]
SQL: SELECT `name` FROM `dd_product_cate` WHERE `id` = 18 LIMIT 1   [ RunTime:0.0300s ]
SQL: SELECT `name` FROM `dd_product_cate` WHERE `id` = 18 LIMIT 1   [ RunTime:0.0320s ]
SQL: SELECT `name` FROM `dd_product_cate` WHERE `id` = 18 LIMIT 1   [ RunTime:0.0310s ]
SQL: SELECT `name` FROM `dd_product_cate` WHERE `id` = 18 LIMIT 1   [ RunTime:0.0320s ]
SQL: SELECT `name` FROM `dd_product_cate` WHERE `id` = 18 LIMIT 1   [ RunTime:0.0300s ]
SQL: SELECT `name` FROM `dd_product_cate` WHERE `id` = 17 LIMIT 1   [ RunTime:0.0320s ]
SQL: SELECT `name` FROM `dd_product_cate` WHERE `id` = 17 LIMIT 1   [ RunTime:0.0320s ]
SQL: SELECT `name` FROM `dd_product_cate` WHERE `id` = 17 LIMIT 1   [ RunTime:0.0390s ]
SQL: SELECT `name` FROM `dd_product_cate` WHERE `id` = 17 LIMIT 1   [ RunTime:0.0370s ]
SQL: SELECT `name` FROM `dd_product_cate` WHERE `id` = 17 LIMIT 1   [ RunTime:0.0530s ]
SQL: SELECT `name` FROM `dd_product_cate` WHERE `id` = 17 LIMIT 1   [ RunTime:0.0530s ]
SQL: SELECT `name` FROM `dd_product_cate` WHERE `id` = 17 LIMIT 1   [ RunTime:0.0730s ]
SQL: SELECT `name` FROM `dd_product_cate` WHERE `id` = 17 LIMIT 1   [ RunTime:0.1480s ]
SQL: SELECT `name` FROM `dd_product_cate` WHERE `id` = 17 LIMIT 1   [ RunTime:0.3040s ]
SQL: SELECT `name` FROM `dd_product_cate` WHERE `id` = 17 LIMIT 1   [ RunTime:0.3260s ]
INFO: [ view_parse ] --START--
INFO: [ template_filter ] --START--
INFO: Run Behavior\ContentReplaceBehavior [ RunTime:0.000000s ]
INFO: [ template_filter ] --END-- [ RunTime:0.000000s ]
INFO: Run Behavior\ParseTemplateBehavior [ RunTime:0.028001s ]
INFO: [ view_parse ] --END-- [ RunTime:0.028001s ]
INFO: [ view_filter ] --START--
INFO: Run Behavior\WriteHtmlCacheBehavior [ RunTime:0.001000s ]
INFO: [ view_filter ] --END-- [ RunTime:0.001000s ]
INFO: [ app_end ] --START--
INFO: Run Behavior\ShowPageTraceBehavior [ RunTime:0.001000s ]
INFO: [ app_end ] --END-- [ RunTime:0.001000s ]

