[ 2019-08-26T11:16:28+08:00 ] 14.127.248.42 /admin.php
INFO: [ app_init ] --START--
INFO: Run Behavior\BuildLiteBehavior [ RunTime:0.000000s ]
INFO: [ app_init ] --END-- [ RunTime:0.000000s ]
INFO: [ app_begin ] --START--
INFO: Run Behavior\ReadHtmlCacheBehavior [ RunTime:0.015622s ]
INFO: [ app_begin ] --END-- [ RunTime:0.015622s ]
SQL: SHOW COLUMNS FROM `dd_config` [ RunTime:0.0000s ]
SQL: SELECT * FROM `dd_config`  [ RunTime:0.0000s ]

[ 2019-08-26T11:16:29+08:00 ] 14.127.248.42 /admin.php?m=Admin&c=Index&a=login
INFO: [ app_init ] --START--
INFO: Run Behavior\BuildLiteBehavior [ RunTime:0.000000s ]
INFO: [ app_init ] --END-- [ RunTime:0.000000s ]
INFO: [ app_begin ] --START--
INFO: Run Behavior\ReadHtmlCacheBehavior [ RunTime:0.000000s ]
INFO: [ app_begin ] --END-- [ RunTime:0.000000s ]
SQL: SHOW COLUMNS FROM `dd_config` [ RunTime:0.0000s ]
SQL: SELECT * FROM `dd_config`  [ RunTime:0.0000s ]
INFO: [ view_parse ] --START--
INFO: [ template_filter ] --START--
INFO: Run Behavior\ContentReplaceBehavior [ RunTime:0.000000s ]
INFO: [ template_filter ] --END-- [ RunTime:0.000000s ]
INFO: Run Behavior\ParseTemplateBehavior [ RunTime:0.078113s ]
INFO: [ view_parse ] --END-- [ RunTime:0.078113s ]
INFO: [ view_filter ] --START--
INFO: Run Behavior\WriteHtmlCacheBehavior [ RunTime:0.000000s ]
INFO: [ view_filter ] --END-- [ RunTime:0.000000s ]
INFO: [ app_end ] --START--
INFO: Run Behavior\ShowPageTraceBehavior [ RunTime:0.000000s ]
INFO: [ app_end ] --END-- [ RunTime:0.000000s ]

[ 2019-08-26T11:16:39+08:00 ] 14.127.248.42 /admin.php?m=Admin&c=Index&a=login
INFO: [ app_init ] --START--
INFO: Run Behavior\BuildLiteBehavior [ RunTime:0.000000s ]
INFO: [ app_init ] --END-- [ RunTime:0.000000s ]
INFO: [ app_begin ] --START--
INFO: Run Behavior\ReadHtmlCacheBehavior [ RunTime:0.000000s ]
INFO: [ app_begin ] --END-- [ RunTime:0.000000s ]
SQL: SHOW COLUMNS FROM `dd_config` [ RunTime:0.0000s ]
SQL: SELECT * FROM `dd_config`  [ RunTime:0.0000s ]

[ 2019-08-26T11:16:39+08:00 ] 14.127.248.42 /admin.php?m=Admin&c=Admin&a=welcome
INFO: [ app_init ] --START--
INFO: Run Behavior\BuildLiteBehavior [ RunTime:0.000000s ]
INFO: [ app_init ] --END-- [ RunTime:0.000000s ]
INFO: [ app_begin ] --START--
INFO: Run Behavior\ReadHtmlCacheBehavior [ RunTime:0.000000s ]
INFO: [ app_begin ] --END-- [ RunTime:0.000000s ]
SQL: SHOW COLUMNS FROM `dd_config` [ RunTime:0.0000s ]
SQL: SELECT * FROM `dd_config`  [ RunTime:0.0000s ]
NOTIC: [8] Undefined variable: info D:\wwwroot\apxl8888\wwwroot\Application\Admin\Controller\AdminController.class.php 第 33 行.
INFO: [ view_parse ] --START--
INFO: [ template_filter ] --START--
INFO: Run Behavior\ContentReplaceBehavior [ RunTime:0.000000s ]
INFO: [ template_filter ] --END-- [ RunTime:0.000000s ]
INFO: Run Behavior\ParseTemplateBehavior [ RunTime:0.156227s ]
INFO: [ view_parse ] --END-- [ RunTime:0.156227s ]
INFO: [ view_filter ] --START--
INFO: Run Behavior\WriteHtmlCacheBehavior [ RunTime:0.000000s ]
INFO: [ view_filter ] --END-- [ RunTime:0.000000s ]
INFO: [ app_end ] --START--
INFO: Run Behavior\ShowPageTraceBehavior [ RunTime:0.000000s ]
INFO: [ app_end ] --END-- [ RunTime:0.000000s ]

[ 2019-08-26T11:16:44+08:00 ] 14.127.248.42 /admin.php?m=Admin&c=Paper&a=index
INFO: [ app_init ] --START--
INFO: Run Behavior\BuildLiteBehavior [ RunTime:0.000000s ]
INFO: [ app_init ] --END-- [ RunTime:0.000000s ]
INFO: [ app_begin ] --START--
INFO: Run Behavior\ReadHtmlCacheBehavior [ RunTime:0.000000s ]
INFO: [ app_begin ] --END-- [ RunTime:0.000000s ]
SQL: SHOW COLUMNS FROM `dd_config` [ RunTime:0.0000s ]
SQL: SELECT * FROM `dd_config`  [ RunTime:0.0000s ]
SQL: SHOW COLUMNS FROM `dd_paper` [ RunTime:0.0000s ]
NOTIC: [8] Undefined variable: where D:\wwwroot\apxl8888\wwwroot\Application\Admin\Controller\PaperController.class.php 第 8 行.
SQL: SELECT COUNT(*) AS tp_count FROM `dd_paper` LIMIT 1   [ RunTime:0.0000s ]
NOTIC: [8] Undefined variable: where D:\wwwroot\apxl8888\wwwroot\Application\Admin\Controller\PaperController.class.php 第 11 行.
SQL: SELECT * FROM `dd_paper` ORDER BY id desc LIMIT 0,25   [ RunTime:0.0000s ]
SQL: SHOW COLUMNS FROM `dd_product_cate` [ RunTime:0.0000s ]
SQL: SELECT `name` FROM `dd_product_cate` WHERE `id` = 23 LIMIT 1   [ RunTime:0.0000s ]
SQL: SELECT `name` FROM `dd_product_cate` WHERE `id` = 23 LIMIT 1   [ RunTime:0.0000s ]
SQL: SELECT `name` FROM `dd_product_cate` WHERE `id` = 23 LIMIT 1   [ RunTime:0.0000s ]
SQL: SELECT `name` FROM `dd_product_cate` WHERE `id` = 34 LIMIT 1   [ RunTime:0.0000s ]
SQL: SELECT `name` FROM `dd_product_cate` WHERE `id` = 34 LIMIT 1   [ RunTime:0.0000s ]
SQL: SELECT `name` FROM `dd_product_cate` WHERE `id` = 34 LIMIT 1   [ RunTime:0.0000s ]
SQL: SELECT `name` FROM `dd_product_cate` WHERE `id` = 1 LIMIT 1   [ RunTime:0.0000s ]
SQL: SELECT `name` FROM `dd_product_cate` WHERE `id` = 1 LIMIT 1   [ RunTime:0.0000s ]
SQL: SELECT `name` FROM `dd_product_cate` WHERE `id` = 1 LIMIT 1   [ RunTime:0.0000s ]
SQL: SELECT `name` FROM `dd_product_cate` WHERE `id` = 8 LIMIT 1   [ RunTime:0.0000s ]
SQL: SELECT `name` FROM `dd_product_cate` WHERE `id` = 13 LIMIT 1   [ RunTime:0.0000s ]
SQL: SELECT `name` FROM `dd_product_cate` WHERE `id` = 2 LIMIT 1   [ RunTime:0.0000s ]
SQL: SELECT `name` FROM `dd_product_cate` WHERE `id` = 11 LIMIT 1   [ RunTime:0.0000s ]
SQL: SELECT `name` FROM `dd_product_cate` WHERE `id` = 3 LIMIT 1   [ RunTime:0.0156s ]
SQL: SELECT `name` FROM `dd_product_cate` WHERE `id` = 3 LIMIT 1   [ RunTime:0.0156s ]
SQL: SELECT `name` FROM `dd_product_cate` WHERE `id` = 1 LIMIT 1   [ RunTime:0.0000s ]
SQL: SELECT `name` FROM `dd_product_cate` WHERE `id` = 1 LIMIT 1   [ RunTime:0.0000s ]
SQL: SELECT `name` FROM `dd_product_cate` WHERE `id` = 1 LIMIT 1   [ RunTime:0.0000s ]
SQL: SELECT `name` FROM `dd_product_cate` WHERE `id` = 19 LIMIT 1   [ RunTime:0.0000s ]
SQL: SELECT `name` FROM `dd_product_cate` WHERE `id` = 32 LIMIT 1   [ RunTime:0.0000s ]
SQL: SELECT `name` FROM `dd_product_cate` WHERE `id` = 32 LIMIT 1   [ RunTime:0.0000s ]
SQL: SELECT `name` FROM `dd_product_cate` WHERE `id` = 31 LIMIT 1   [ RunTime:0.0000s ]
SQL: SELECT `name` FROM `dd_product_cate` WHERE `id` = 31 LIMIT 1   [ RunTime:0.0000s ]
SQL: SELECT `name` FROM `dd_product_cate` WHERE `id` = 28 LIMIT 1   [ RunTime:0.0000s ]
SQL: SELECT `name` FROM `dd_product_cate` WHERE `id` = 28 LIMIT 1   [ RunTime:0.0156s ]
INFO: [ view_parse ] --START--
INFO: [ template_filter ] --START--
INFO: Run Behavior\ContentReplaceBehavior [ RunTime:0.000000s ]
INFO: [ template_filter ] --END-- [ RunTime:0.000000s ]
INFO: Run Behavior\ParseTemplateBehavior [ RunTime:0.124982s ]
INFO: [ view_parse ] --END-- [ RunTime:0.124982s ]
INFO: [ view_filter ] --START--
INFO: Run Behavior\WriteHtmlCacheBehavior [ RunTime:0.000000s ]
INFO: [ view_filter ] --END-- [ RunTime:0.000000s ]
INFO: [ app_end ] --START--
INFO: Run Behavior\ShowPageTraceBehavior [ RunTime:0.000000s ]
INFO: [ app_end ] --END-- [ RunTime:0.000000s ]

[ 2019-08-26T11:17:13+08:00 ] 14.127.248.42 /admin.php?m=Admin&c=Paper&a=index&p=2
INFO: [ app_init ] --START--
INFO: Run Behavior\BuildLiteBehavior [ RunTime:0.000000s ]
INFO: [ app_init ] --END-- [ RunTime:0.000000s ]
INFO: [ app_begin ] --START--
INFO: Run Behavior\ReadHtmlCacheBehavior [ RunTime:0.000000s ]
INFO: [ app_begin ] --END-- [ RunTime:0.000000s ]
SQL: SHOW COLUMNS FROM `dd_config` [ RunTime:0.0156s ]
SQL: SELECT * FROM `dd_config`  [ RunTime:0.0000s ]
SQL: SHOW COLUMNS FROM `dd_paper` [ RunTime:0.0000s ]
NOTIC: [8] Undefined variable: where D:\wwwroot\apxl8888\wwwroot\Application\Admin\Controller\PaperController.class.php 第 8 行.
SQL: SELECT COUNT(*) AS tp_count FROM `dd_paper` LIMIT 1   [ RunTime:0.0000s ]
NOTIC: [8] Undefined variable: where D:\wwwroot\apxl8888\wwwroot\Application\Admin\Controller\PaperController.class.php 第 11 行.
SQL: SELECT * FROM `dd_paper` ORDER BY id desc LIMIT 25,25   [ RunTime:0.0156s ]
SQL: SHOW COLUMNS FROM `dd_product_cate` [ RunTime:0.0000s ]
SQL: SELECT `name` FROM `dd_product_cate` WHERE `id` = 28 LIMIT 1   [ RunTime:0.0000s ]
SQL: SELECT `name` FROM `dd_product_cate` WHERE `id` = 28 LIMIT 1   [ RunTime:0.0000s ]
SQL: SELECT `name` FROM `dd_product_cate` WHERE `id` = 28 LIMIT 1   [ RunTime:0.0000s ]
SQL: SELECT `name` FROM `dd_product_cate` WHERE `id` = 28 LIMIT 1   [ RunTime:0.0156s ]
SQL: SELECT `name` FROM `dd_product_cate` WHERE `id` = 28 LIMIT 1   [ RunTime:0.0000s ]
SQL: SELECT `name` FROM `dd_product_cate` WHERE `id` = 28 LIMIT 1   [ RunTime:0.0156s ]
SQL: SELECT `name` FROM `dd_product_cate` WHERE `id` = 30 LIMIT 1   [ RunTime:0.0000s ]
SQL: SELECT `name` FROM `dd_product_cate` WHERE `id` = 30 LIMIT 1   [ RunTime:0.0000s ]
SQL: SELECT `name` FROM `dd_product_cate` WHERE `id` = 28 LIMIT 1   [ RunTime:0.0000s ]
SQL: SELECT `name` FROM `dd_product_cate` WHERE `id` = 29 LIMIT 1   [ RunTime:0.0000s ]
SQL: SELECT `name` FROM `dd_product_cate` WHERE `id` = 29 LIMIT 1   [ RunTime:0.0000s ]
SQL: SELECT `name` FROM `dd_product_cate` WHERE `id` = 29 LIMIT 1   [ RunTime:0.0156s ]
SQL: SELECT `name` FROM `dd_product_cate` WHERE `id` = 29 LIMIT 1   [ RunTime:0.0000s ]
SQL: SELECT `name` FROM `dd_product_cate` WHERE `id` = 29 LIMIT 1   [ RunTime:0.0000s ]
SQL: SELECT `name` FROM `dd_product_cate` WHERE `id` = 29 LIMIT 1   [ RunTime:0.0000s ]
SQL: SELECT `name` FROM `dd_product_cate` WHERE `id` = 29 LIMIT 1   [ RunTime:0.0000s ]
SQL: SELECT `name` FROM `dd_product_cate` WHERE `id` = 24 LIMIT 1   [ RunTime:0.0000s ]
SQL: SELECT `name` FROM `dd_product_cate` WHERE `id` = 24 LIMIT 1   [ RunTime:0.0000s ]
SQL: SELECT `name` FROM `dd_product_cate` WHERE `id` = 23 LIMIT 1   [ RunTime:0.0000s ]
SQL: SELECT `name` FROM `dd_product_cate` WHERE `id` = 23 LIMIT 1   [ RunTime:0.0156s ]
SQL: SELECT `name` FROM `dd_product_cate` WHERE `id` = 24 LIMIT 1   [ RunTime:0.0156s ]
SQL: SELECT `name` FROM `dd_product_cate` WHERE `id` = 21 LIMIT 1   [ RunTime:0.0000s ]
SQL: SELECT `name` FROM `dd_product_cate` WHERE `id` = 21 LIMIT 1   [ RunTime:0.0000s ]
SQL: SELECT `name` FROM `dd_product_cate` WHERE `id` = 21 LIMIT 1   [ RunTime:0.0000s ]
SQL: SELECT `name` FROM `dd_product_cate` WHERE `id` = 21 LIMIT 1   [ RunTime:0.0000s ]
INFO: [ view_parse ] --START--
INFO: [ template_filter ] --START--
INFO: Run Behavior\ContentReplaceBehavior [ RunTime:0.000000s ]
INFO: [ template_filter ] --END-- [ RunTime:0.000000s ]
INFO: Run Behavior\ParseTemplateBehavior [ RunTime:0.078114s ]
INFO: [ view_parse ] --END-- [ RunTime:0.078114s ]
INFO: [ view_filter ] --START--
INFO: Run Behavior\WriteHtmlCacheBehavior [ RunTime:0.000000s ]
INFO: [ view_filter ] --END-- [ RunTime:0.000000s ]
INFO: [ app_end ] --START--
INFO: Run Behavior\ShowPageTraceBehavior [ RunTime:0.000000s ]
INFO: [ app_end ] --END-- [ RunTime:0.000000s ]

[ 2019-08-26T11:17:22+08:00 ] 14.127.248.42 /admin.php?m=Admin&c=Paper&a=index&p=3
INFO: [ app_init ] --START--
INFO: Run Behavior\BuildLiteBehavior [ RunTime:0.000000s ]
INFO: [ app_init ] --END-- [ RunTime:0.000000s ]
INFO: [ app_begin ] --START--
INFO: Run Behavior\ReadHtmlCacheBehavior [ RunTime:0.000000s ]
INFO: [ app_begin ] --END-- [ RunTime:0.000000s ]
SQL: SHOW COLUMNS FROM `dd_config` [ RunTime:0.0000s ]
SQL: SELECT * FROM `dd_config`  [ RunTime:0.0000s ]
SQL: SHOW COLUMNS FROM `dd_paper` [ RunTime:0.0000s ]
NOTIC: [8] Undefined variable: where D:\wwwroot\apxl8888\wwwroot\Application\Admin\Controller\PaperController.class.php 第 8 行.
SQL: SELECT COUNT(*) AS tp_count FROM `dd_paper` LIMIT 1   [ RunTime:0.0000s ]
NOTIC: [8] Undefined variable: where D:\wwwroot\apxl8888\wwwroot\Application\Admin\Controller\PaperController.class.php 第 11 行.
SQL: SELECT * FROM `dd_paper` ORDER BY id desc LIMIT 50,25   [ RunTime:0.0156s ]
SQL: SHOW COLUMNS FROM `dd_product_cate` [ RunTime:0.0000s ]
SQL: SELECT `name` FROM `dd_product_cate` WHERE `id` = 20 LIMIT 1   [ RunTime:0.0000s ]
SQL: SELECT `name` FROM `dd_product_cate` WHERE `id` = 22 LIMIT 1   [ RunTime:0.0000s ]
SQL: SELECT `name` FROM `dd_product_cate` WHERE `id` = 18 LIMIT 1   [ RunTime:0.0000s ]
SQL: SELECT `name` FROM `dd_product_cate` WHERE `id` = 18 LIMIT 1   [ RunTime:0.0000s ]
SQL: SELECT `name` FROM `dd_product_cate` WHERE `id` = 18 LIMIT 1   [ RunTime:0.0000s ]
SQL: SELECT `name` FROM `dd_product_cate` WHERE `id` = 18 LIMIT 1   [ RunTime:0.0000s ]
SQL: SELECT `name` FROM `dd_product_cate` WHERE `id` = 18 LIMIT 1   [ RunTime:0.0000s ]
SQL: SELECT `name` FROM `dd_product_cate` WHERE `id` = 17 LIMIT 1   [ RunTime:0.0000s ]
SQL: SELECT `name` FROM `dd_product_cate` WHERE `id` = 17 LIMIT 1   [ RunTime:0.0000s ]
SQL: SELECT `name` FROM `dd_product_cate` WHERE `id` = 17 LIMIT 1   [ RunTime:0.0000s ]
SQL: SELECT `name` FROM `dd_product_cate` WHERE `id` = 17 LIMIT 1   [ RunTime:0.0000s ]
SQL: SELECT `name` FROM `dd_product_cate` WHERE `id` = 17 LIMIT 1   [ RunTime:0.0000s ]
SQL: SELECT `name` FROM `dd_product_cate` WHERE `id` = 17 LIMIT 1   [ RunTime:0.0000s ]
SQL: SELECT `name` FROM `dd_product_cate` WHERE `id` = 17 LIMIT 1   [ RunTime:0.0000s ]
SQL: SELECT `name` FROM `dd_product_cate` WHERE `id` = 17 LIMIT 1   [ RunTime:0.0000s ]
SQL: SELECT `name` FROM `dd_product_cate` WHERE `id` = 17 LIMIT 1   [ RunTime:0.0000s ]
SQL: SELECT `name` FROM `dd_product_cate` WHERE `id` = 17 LIMIT 1   [ RunTime:0.0000s ]
SQL: SELECT `name` FROM `dd_product_cate` WHERE `id` = 16 LIMIT 1   [ RunTime:0.0000s ]
SQL: SELECT `name` FROM `dd_product_cate` WHERE `id` = 16 LIMIT 1   [ RunTime:0.0000s ]
SQL: SELECT `name` FROM `dd_product_cate` WHERE `id` = 16 LIMIT 1   [ RunTime:0.0000s ]
SQL: SELECT `name` FROM `dd_product_cate` WHERE `id` = 16 LIMIT 1   [ RunTime:0.0156s ]
SQL: SELECT `name` FROM `dd_product_cate` WHERE `id` = 16 LIMIT 1   [ RunTime:0.0000s ]
SQL: SELECT `name` FROM `dd_product_cate` WHERE `id` = 16 LIMIT 1   [ RunTime:0.0000s ]
SQL: SELECT `name` FROM `dd_product_cate` WHERE `id` = 16 LIMIT 1   [ RunTime:0.0000s ]
SQL: SELECT `name` FROM `dd_product_cate` WHERE `id` = 16 LIMIT 1   [ RunTime:0.0156s ]
INFO: [ view_parse ] --START--
INFO: [ template_filter ] --START--
INFO: Run Behavior\ContentReplaceBehavior [ RunTime:0.000000s ]
INFO: [ template_filter ] --END-- [ RunTime:0.000000s ]
INFO: Run Behavior\ParseTemplateBehavior [ RunTime:0.093735s ]
INFO: [ view_parse ] --END-- [ RunTime:0.093735s ]
INFO: [ view_filter ] --START--
INFO: Run Behavior\WriteHtmlCacheBehavior [ RunTime:0.000000s ]
INFO: [ view_filter ] --END-- [ RunTime:0.000000s ]
INFO: [ app_end ] --START--
INFO: Run Behavior\ShowPageTraceBehavior [ RunTime:0.000000s ]
INFO: [ app_end ] --END-- [ RunTime:0.000000s ]

[ 2019-08-26T11:17:34+08:00 ] 14.127.248.42 /admin.php?m=Admin&c=Paper&a=index&p=4
INFO: [ app_init ] --START--
INFO: Run Behavior\BuildLiteBehavior [ RunTime:0.000000s ]
INFO: [ app_init ] --END-- [ RunTime:0.000000s ]
INFO: [ app_begin ] --START--
INFO: Run Behavior\ReadHtmlCacheBehavior [ RunTime:0.000000s ]
INFO: [ app_begin ] --END-- [ RunTime:0.000000s ]
SQL: SHOW COLUMNS FROM `dd_config` [ RunTime:0.0000s ]
SQL: SELECT * FROM `dd_config`  [ RunTime:0.0000s ]
SQL: SHOW COLUMNS FROM `dd_paper` [ RunTime:0.0000s ]
NOTIC: [8] Undefined variable: where D:\wwwroot\apxl8888\wwwroot\Application\Admin\Controller\PaperController.class.php 第 8 行.
SQL: SELECT COUNT(*) AS tp_count FROM `dd_paper` LIMIT 1   [ RunTime:0.0000s ]
NOTIC: [8] Undefined variable: where D:\wwwroot\apxl8888\wwwroot\Application\Admin\Controller\PaperController.class.php 第 11 行.
SQL: SELECT * FROM `dd_paper` ORDER BY id desc LIMIT 75,25   [ RunTime:0.0312s ]
SQL: SHOW COLUMNS FROM `dd_product_cate` [ RunTime:0.0000s ]
SQL: SELECT `name` FROM `dd_product_cate` WHERE `id` = 16 LIMIT 1   [ RunTime:0.0156s ]
SQL: SELECT `name` FROM `dd_product_cate` WHERE `id` = 16 LIMIT 1   [ RunTime:0.0000s ]
SQL: SELECT `name` FROM `dd_product_cate` WHERE `id` = 16 LIMIT 1   [ RunTime:0.0000s ]
SQL: SELECT `name` FROM `dd_product_cate` WHERE `id` = 16 LIMIT 1   [ RunTime:0.0000s ]
SQL: SELECT `name` FROM `dd_product_cate` WHERE `id` = 16 LIMIT 1   [ RunTime:0.0156s ]
SQL: SELECT `name` FROM `dd_product_cate` WHERE `id` = 16 LIMIT 1   [ RunTime:0.0156s ]
SQL: SELECT `name` FROM `dd_product_cate` WHERE `id` = 16 LIMIT 1   [ RunTime:0.0000s ]
SQL: SELECT `name` FROM `dd_product_cate` WHERE `id` = 16 LIMIT 1   [ RunTime:0.0156s ]
SQL: SELECT `name` FROM `dd_product_cate` WHERE `id` = 13 LIMIT 1   [ RunTime:0.0000s ]
SQL: SELECT `name` FROM `dd_product_cate` WHERE `id` = 9 LIMIT 1   [ RunTime:0.0000s ]
SQL: SELECT `name` FROM `dd_product_cate` WHERE `id` = 9 LIMIT 1   [ RunTime:0.0156s ]
SQL: SELECT `name` FROM `dd_product_cate` WHERE `id` = 9 LIMIT 1   [ RunTime:0.0156s ]
SQL: SELECT `name` FROM `dd_product_cate` WHERE `id` = 6 LIMIT 1   [ RunTime:0.0000s ]
SQL: SELECT `name` FROM `dd_product_cate` WHERE `id` = 6 LIMIT 1   [ RunTime:0.0000s ]
SQL: SELECT `name` FROM `dd_product_cate` WHERE `id` = 6 LIMIT 1   [ RunTime:0.0156s ]
SQL: SELECT `name` FROM `dd_product_cate` WHERE `id` = 8 LIMIT 1   [ RunTime:0.0000s ]
SQL: SELECT `name` FROM `dd_product_cate` WHERE `id` = 8 LIMIT 1   [ RunTime:0.0000s ]
SQL: SELECT `name` FROM `dd_product_cate` WHERE `id` = 1 LIMIT 1   [ RunTime:0.0000s ]
SQL: SELECT `name` FROM `dd_product_cate` WHERE `id` = 1 LIMIT 1   [ RunTime:0.0000s ]
SQL: SELECT `name` FROM `dd_product_cate` WHERE `id` = 13 LIMIT 1   [ RunTime:0.0000s ]
SQL: SELECT `name` FROM `dd_product_cate` WHERE `id` = 9 LIMIT 1   [ RunTime:0.0000s ]
SQL: SELECT `name` FROM `dd_product_cate` WHERE `id` = 6 LIMIT 1   [ RunTime:0.0000s ]
SQL: SELECT `name` FROM `dd_product_cate` WHERE `id` = 10 LIMIT 1   [ RunTime:0.0000s ]
SQL: SELECT `name` FROM `dd_product_cate` WHERE `id` = 4 LIMIT 1   [ RunTime:0.0000s ]
SQL: SELECT `name` FROM `dd_product_cate` WHERE `id` = 1 LIMIT 1   [ RunTime:0.0156s ]
INFO: [ view_parse ] --START--
INFO: [ template_filter ] --START--
INFO: Run Behavior\ContentReplaceBehavior [ RunTime:0.000000s ]
INFO: [ template_filter ] --END-- [ RunTime:0.000000s ]
INFO: Run Behavior\ParseTemplateBehavior [ RunTime:0.124981s ]
INFO: [ view_parse ] --END-- [ RunTime:0.124981s ]
INFO: [ view_filter ] --START--
INFO: Run Behavior\WriteHtmlCacheBehavior [ RunTime:0.000000s ]
INFO: [ view_filter ] --END-- [ RunTime:0.000000s ]
INFO: [ app_end ] --START--
INFO: Run Behavior\ShowPageTraceBehavior [ RunTime:0.000000s ]
INFO: [ app_end ] --END-- [ RunTime:0.000000s ]

[ 2019-08-26T11:17:46+08:00 ] 14.127.248.42 /admin.php?m=Admin&c=Paper&a=edit&id=27
INFO: [ app_init ] --START--
INFO: Run Behavior\BuildLiteBehavior [ RunTime:0.000000s ]
INFO: [ app_init ] --END-- [ RunTime:0.000000s ]
INFO: [ app_begin ] --START--
INFO: Run Behavior\ReadHtmlCacheBehavior [ RunTime:0.000000s ]
INFO: [ app_begin ] --END-- [ RunTime:0.000000s ]
SQL: SHOW COLUMNS FROM `dd_config` [ RunTime:0.0000s ]
SQL: SELECT * FROM `dd_config`  [ RunTime:0.0000s ]
SQL: SHOW COLUMNS FROM `dd_paper` [ RunTime:0.0000s ]
SQL: SELECT * FROM `dd_paper` WHERE `id` = 27 LIMIT 1   [ RunTime:0.0156s ]
SQL: SHOW COLUMNS FROM `dd_product_cate` [ RunTime:0.0000s ]
SQL: SELECT * FROM `dd_product_cate`  [ RunTime:0.0156s ]
INFO: [ view_parse ] --START--
INFO: [ template_filter ] --START--
INFO: Run Behavior\ContentReplaceBehavior [ RunTime:0.000000s ]
INFO: [ template_filter ] --END-- [ RunTime:0.000000s ]
INFO: Run Behavior\ParseTemplateBehavior [ RunTime:0.203095s ]
INFO: [ view_parse ] --END-- [ RunTime:0.203095s ]
INFO: [ view_filter ] --START--
INFO: Run Behavior\WriteHtmlCacheBehavior [ RunTime:0.000000s ]
INFO: [ view_filter ] --END-- [ RunTime:0.000000s ]
INFO: [ app_end ] --START--
INFO: Run Behavior\ShowPageTraceBehavior [ RunTime:0.000000s ]
INFO: [ app_end ] --END-- [ RunTime:0.000000s ]

[ 2019-08-26T11:17:46+08:00 ] 14.127.248.42 /admin.php?m=Admin&c=Paper&a=get_child_cates&id=0
INFO: [ app_init ] --START--
INFO: Run Behavior\BuildLiteBehavior [ RunTime:0.000000s ]
INFO: [ app_init ] --END-- [ RunTime:0.000000s ]
INFO: [ app_begin ] --START--
INFO: Run Behavior\ReadHtmlCacheBehavior [ RunTime:0.000000s ]
INFO: [ app_begin ] --END-- [ RunTime:0.000000s ]
SQL: SHOW COLUMNS FROM `dd_config` [ RunTime:0.0000s ]
SQL: SELECT * FROM `dd_config`  [ RunTime:0.0000s ]
SQL: SHOW COLUMNS FROM `dd_product_cate` [ RunTime:0.0000s ]
SQL: SELECT * FROM `dd_product_cate` WHERE `pid` = 0  [ RunTime:0.0000s ]

[ 2019-08-26T11:17:46+08:00 ] 14.127.248.42 /admin.php?m=Admin&c=Paper&a=upload&event=setPic&url=
INFO: [ app_init ] --START--
INFO: Run Behavior\BuildLiteBehavior [ RunTime:0.000000s ]
INFO: [ app_init ] --END-- [ RunTime:0.000000s ]
INFO: [ app_begin ] --START--
INFO: Run Behavior\ReadHtmlCacheBehavior [ RunTime:0.000000s ]
INFO: [ app_begin ] --END-- [ RunTime:0.000000s ]
SQL: SHOW COLUMNS FROM `dd_config` [ RunTime:0.0000s ]
SQL: SELECT * FROM `dd_config`  [ RunTime:0.0000s ]
INFO: [ view_parse ] --START--
INFO: [ template_filter ] --START--
INFO: Run Behavior\ContentReplaceBehavior [ RunTime:0.000000s ]
INFO: [ template_filter ] --END-- [ RunTime:0.000000s ]
INFO: Run Behavior\ParseTemplateBehavior [ RunTime:0.046868s ]
INFO: [ view_parse ] --END-- [ RunTime:0.046868s ]
INFO: [ view_filter ] --START--
INFO: Run Behavior\WriteHtmlCacheBehavior [ RunTime:0.000000s ]
INFO: [ view_filter ] --END-- [ RunTime:0.000000s ]
INFO: [ app_end ] --START--
INFO: Run Behavior\ShowPageTraceBehavior [ RunTime:0.000000s ]
INFO: [ app_end ] --END-- [ RunTime:0.000000s ]

[ 2019-08-26T11:17:47+08:00 ] 14.127.248.42 /admin.php?m=Admin&c=Paper&a=upload&event=setPic1&url=
INFO: [ app_init ] --START--
INFO: Run Behavior\BuildLiteBehavior [ RunTime:0.000000s ]
INFO: [ app_init ] --END-- [ RunTime:0.000000s ]
INFO: [ app_begin ] --START--
INFO: Run Behavior\ReadHtmlCacheBehavior [ RunTime:0.000000s ]
INFO: [ app_begin ] --END-- [ RunTime:0.000000s ]
SQL: SHOW COLUMNS FROM `dd_config` [ RunTime:0.0000s ]
SQL: SELECT * FROM `dd_config`  [ RunTime:0.0000s ]
INFO: [ view_parse ] --START--
INFO: [ template_filter ] --START--
INFO: Run Behavior\ContentReplaceBehavior [ RunTime:0.000000s ]
INFO: [ template_filter ] --END-- [ RunTime:0.000000s ]
INFO: Run Behavior\ParseTemplateBehavior [ RunTime:0.015623s ]
INFO: [ view_parse ] --END-- [ RunTime:0.015623s ]
INFO: [ view_filter ] --START--
INFO: Run Behavior\WriteHtmlCacheBehavior [ RunTime:0.000000s ]
INFO: [ view_filter ] --END-- [ RunTime:0.000000s ]
INFO: [ app_end ] --START--
INFO: Run Behavior\ShowPageTraceBehavior [ RunTime:0.000000s ]
INFO: [ app_end ] --END-- [ RunTime:0.000000s ]

[ 2019-08-26T11:17:47+08:00 ] 14.127.248.42 /admin.php?m=Admin&c=Paper&a=get_child_cates&id=1
INFO: [ app_init ] --START--
INFO: Run Behavior\BuildLiteBehavior [ RunTime:0.000000s ]
INFO: [ app_init ] --END-- [ RunTime:0.000000s ]
INFO: [ app_begin ] --START--
INFO: Run Behavior\ReadHtmlCacheBehavior [ RunTime:0.000000s ]
INFO: [ app_begin ] --END-- [ RunTime:0.000000s ]
SQL: SHOW COLUMNS FROM `dd_config` [ RunTime:0.0000s ]
SQL: SELECT * FROM `dd_config`  [ RunTime:0.2343s ]
SQL: SHOW COLUMNS FROM `dd_product_cate` [ RunTime:0.0000s ]
SQL: SELECT * FROM `dd_product_cate` WHERE `pid` = 1  [ RunTime:0.0000s ]

[ 2019-08-26T11:17:59+08:00 ] 14.127.248.42 /admin.php?m=Admin&c=Index&a=logout
INFO: [ app_init ] --START--
INFO: Run Behavior\BuildLiteBehavior [ RunTime:0.000000s ]
INFO: [ app_init ] --END-- [ RunTime:0.000000s ]
INFO: [ app_begin ] --START--
INFO: Run Behavior\ReadHtmlCacheBehavior [ RunTime:0.000000s ]
INFO: [ app_begin ] --END-- [ RunTime:0.000000s ]
SQL: SHOW COLUMNS FROM `dd_config` [ RunTime:0.0000s ]
SQL: SELECT * FROM `dd_config`  [ RunTime:0.0000s ]

[ 2019-08-26T11:17:59+08:00 ] 14.127.248.42 /admin.php?m=Admin&c=Index&a=login
INFO: [ app_init ] --START--
INFO: Run Behavior\BuildLiteBehavior [ RunTime:0.000000s ]
INFO: [ app_init ] --END-- [ RunTime:0.000000s ]
INFO: [ app_begin ] --START--
INFO: Run Behavior\ReadHtmlCacheBehavior [ RunTime:0.000000s ]
INFO: [ app_begin ] --END-- [ RunTime:0.000000s ]
SQL: SHOW COLUMNS FROM `dd_config` [ RunTime:0.0000s ]
SQL: SELECT * FROM `dd_config`  [ RunTime:0.0000s ]
INFO: [ view_parse ] --START--
INFO: [ template_filter ] --START--
INFO: Run Behavior\ContentReplaceBehavior [ RunTime:0.000000s ]
INFO: [ template_filter ] --END-- [ RunTime:0.000000s ]
INFO: Run Behavior\ParseTemplateBehavior [ RunTime:0.015623s ]
INFO: [ view_parse ] --END-- [ RunTime:0.015623s ]
INFO: [ view_filter ] --START--
INFO: Run Behavior\WriteHtmlCacheBehavior [ RunTime:0.000000s ]
INFO: [ view_filter ] --END-- [ RunTime:0.000000s ]
INFO: [ app_end ] --START--
INFO: Run Behavior\ShowPageTraceBehavior [ RunTime:0.000000s ]
INFO: [ app_end ] --END-- [ RunTime:0.000000s ]

[ 2019-08-26T18:50:43+08:00 ] 122.55.53.22 /admin.php
INFO: [ app_init ] --START--
INFO: Run Behavior\BuildLiteBehavior [ RunTime:0.000000s ]
INFO: [ app_init ] --END-- [ RunTime:0.000000s ]
INFO: [ app_begin ] --START--
INFO: Run Behavior\ReadHtmlCacheBehavior [ RunTime:0.000000s ]
INFO: [ app_begin ] --END-- [ RunTime:0.000000s ]
SQL: SHOW COLUMNS FROM `dd_config` [ RunTime:0.0000s ]
SQL: SELECT * FROM `dd_config`  [ RunTime:0.0000s ]

