[ 2019-07-11T11:24:47+08:00 ] ::1 /up/admin.php
INFO: [ app_init ] --START--
INFO: Run Behavior\BuildLiteBehavior [ RunTime:0.000000s ]
INFO: [ app_init ] --END-- [ RunTime:0.001000s ]
INFO: [ app_begin ] --START--
INFO: Run Behavior\ReadHtmlCacheBehavior [ RunTime:0.002000s ]
INFO: [ app_begin ] --END-- [ RunTime:0.002000s ]
SQL: SHOW COLUMNS FROM `dd_config` [ RunTime:0.0170s ]
SQL: SELECT * FROM `dd_config`  [ RunTime:0.0010s ]

[ 2019-07-11T11:24:49+08:00 ] ::1 /up/admin.php?m=Admin&c=Admin&a=welcome
INFO: [ app_init ] --START--
INFO: Run Behavior\BuildLiteBehavior [ RunTime:0.000000s ]
INFO: [ app_init ] --END-- [ RunTime:0.001000s ]
INFO: [ app_begin ] --START--
INFO: Run Behavior\ReadHtmlCacheBehavior [ RunTime:0.001000s ]
INFO: [ app_begin ] --END-- [ RunTime:0.002000s ]
SQL: SHOW COLUMNS FROM `dd_config` [ RunTime:0.0160s ]
SQL: SELECT * FROM `dd_config`  [ RunTime:0.0020s ]
NOTIC: [8] Undefined variable: info D:\install\phpstudy\WWW\up\Application\Admin\Controller\AdminController.class.php 第 33 行.
INFO: [ view_parse ] --START--
INFO: [ template_filter ] --START--
INFO: Run Behavior\ContentReplaceBehavior [ RunTime:0.000000s ]
INFO: [ template_filter ] --END-- [ RunTime:0.000000s ]
INFO: Run Behavior\ParseTemplateBehavior [ RunTime:0.029002s ]
INFO: [ view_parse ] --END-- [ RunTime:0.029002s ]
INFO: [ view_filter ] --START--
INFO: Run Behavior\WriteHtmlCacheBehavior [ RunTime:0.002000s ]
INFO: [ view_filter ] --END-- [ RunTime:0.002000s ]
INFO: [ app_end ] --START--
INFO: Run Behavior\ShowPageTraceBehavior [ RunTime:0.002000s ]
INFO: [ app_end ] --END-- [ RunTime:0.002000s ]

[ 2019-07-11T11:24:59+08:00 ] ::1 /up/admin.php?m=Admin&c=Paper&a=index
INFO: [ app_init ] --START--
INFO: Run Behavior\BuildLiteBehavior [ RunTime:0.000000s ]
INFO: [ app_init ] --END-- [ RunTime:0.001000s ]
INFO: [ app_begin ] --START--
INFO: Run Behavior\ReadHtmlCacheBehavior [ RunTime:0.002000s ]
INFO: [ app_begin ] --END-- [ RunTime:0.002000s ]
SQL: SHOW COLUMNS FROM `dd_config` [ RunTime:0.0130s ]
SQL: SELECT * FROM `dd_config`  [ RunTime:0.0010s ]
SQL: SHOW COLUMNS FROM `dd_paper` [ RunTime:0.0180s ]
NOTIC: [8] Undefined variable: where D:\install\phpstudy\WWW\up\Application\Admin\Controller\PaperController.class.php 第 8 行.
SQL: SELECT COUNT(*) AS tp_count FROM `dd_paper` LIMIT 1   [ RunTime:0.0010s ]
NOTIC: [8] Undefined variable: where D:\install\phpstudy\WWW\up\Application\Admin\Controller\PaperController.class.php 第 11 行.
SQL: SELECT * FROM `dd_paper` ORDER BY id desc LIMIT 0,25   [ RunTime:0.0020s ]
SQL: SHOW COLUMNS FROM `dd_product_cate` [ RunTime:0.0170s ]
SQL: SELECT `name` FROM `dd_product_cate` WHERE `id` = 4 LIMIT 1   [ RunTime:0.0010s ]
SQL: SELECT `name` FROM `dd_product_cate` WHERE `id` = 1 LIMIT 1   [ RunTime:0.0010s ]
SQL: SELECT `name` FROM `dd_product_cate` WHERE `id` = 2 LIMIT 1   [ RunTime:0.0010s ]
INFO: [ view_parse ] --START--
INFO: [ template_filter ] --START--
INFO: Run Behavior\ContentReplaceBehavior [ RunTime:0.000000s ]
INFO: [ template_filter ] --END-- [ RunTime:0.000000s ]
INFO: Run Behavior\ParseTemplateBehavior [ RunTime:0.051003s ]
INFO: [ view_parse ] --END-- [ RunTime:0.051003s ]
INFO: [ view_filter ] --START--
INFO: Run Behavior\WriteHtmlCacheBehavior [ RunTime:0.001000s ]
INFO: [ view_filter ] --END-- [ RunTime:0.001000s ]
INFO: [ app_end ] --START--
INFO: Run Behavior\ShowPageTraceBehavior [ RunTime:0.002001s ]
INFO: [ app_end ] --END-- [ RunTime:0.002001s ]

[ 2019-07-11T11:25:02+08:00 ] ::1 /up/admin.php?m=Admin&c=Index&a=logout
INFO: [ app_init ] --START--
INFO: Run Behavior\BuildLiteBehavior [ RunTime:0.000000s ]
INFO: [ app_init ] --END-- [ RunTime:0.001000s ]
INFO: [ app_begin ] --START--
INFO: Run Behavior\ReadHtmlCacheBehavior [ RunTime:0.002000s ]
INFO: [ app_begin ] --END-- [ RunTime:0.002000s ]
SQL: SHOW COLUMNS FROM `dd_config` [ RunTime:0.0090s ]
SQL: SELECT * FROM `dd_config`  [ RunTime:0.0010s ]

[ 2019-07-11T11:25:04+08:00 ] ::1 /up/admin.php?m=Admin&c=Index&a=logout
INFO: [ app_init ] --START--
INFO: Run Behavior\BuildLiteBehavior [ RunTime:0.000000s ]
INFO: [ app_init ] --END-- [ RunTime:0.001000s ]
INFO: [ app_begin ] --START--
INFO: Run Behavior\ReadHtmlCacheBehavior [ RunTime:0.002000s ]
INFO: [ app_begin ] --END-- [ RunTime:0.002000s ]
SQL: SHOW COLUMNS FROM `dd_config` [ RunTime:0.0170s ]
SQL: SELECT * FROM `dd_config`  [ RunTime:0.0020s ]

[ 2019-07-11T11:25:05+08:00 ] ::1 /up/admin.php?m=Admin&c=Index&a=login
INFO: [ app_init ] --START--
INFO: Run Behavior\BuildLiteBehavior [ RunTime:0.000000s ]
INFO: [ app_init ] --END-- [ RunTime:0.001000s ]
INFO: [ app_begin ] --START--
INFO: Run Behavior\ReadHtmlCacheBehavior [ RunTime:0.002000s ]
INFO: [ app_begin ] --END-- [ RunTime:0.003000s ]
SQL: SHOW COLUMNS FROM `dd_config` [ RunTime:0.0160s ]
SQL: SELECT * FROM `dd_config`  [ RunTime:0.0010s ]
INFO: [ view_parse ] --START--
INFO: [ template_filter ] --START--
INFO: Run Behavior\ContentReplaceBehavior [ RunTime:0.000000s ]
INFO: [ template_filter ] --END-- [ RunTime:0.000000s ]
INFO: Run Behavior\ParseTemplateBehavior [ RunTime:0.023001s ]
INFO: [ view_parse ] --END-- [ RunTime:0.024001s ]
INFO: [ view_filter ] --START--
INFO: Run Behavior\WriteHtmlCacheBehavior [ RunTime:0.001000s ]
INFO: [ view_filter ] --END-- [ RunTime:0.001000s ]
INFO: [ app_end ] --START--
INFO: Run Behavior\ShowPageTraceBehavior [ RunTime:0.002000s ]
INFO: [ app_end ] --END-- [ RunTime:0.002000s ]

[ 2019-07-11T11:25:18+08:00 ] ::1 /up/admin.php?m=Admin&c=Index&a=login
INFO: [ app_init ] --START--
INFO: Run Behavior\BuildLiteBehavior [ RunTime:0.000000s ]
INFO: [ app_init ] --END-- [ RunTime:0.002000s ]
INFO: [ app_begin ] --START--
INFO: Run Behavior\ReadHtmlCacheBehavior [ RunTime:0.002000s ]
INFO: [ app_begin ] --END-- [ RunTime:0.002000s ]
SQL: SHOW COLUMNS FROM `dd_config` [ RunTime:0.0110s ]
SQL: SELECT * FROM `dd_config`  [ RunTime:0.0010s ]

[ 2019-07-11T11:25:20+08:00 ] ::1 /up/admin.php?m=Admin&c=Admin&a=welcome
INFO: [ app_init ] --START--
INFO: Run Behavior\BuildLiteBehavior [ RunTime:0.000000s ]
INFO: [ app_init ] --END-- [ RunTime:0.002000s ]
INFO: [ app_begin ] --START--
INFO: Run Behavior\ReadHtmlCacheBehavior [ RunTime:0.002000s ]
INFO: [ app_begin ] --END-- [ RunTime:0.002000s ]
SQL: SHOW COLUMNS FROM `dd_config` [ RunTime:0.0100s ]
SQL: SELECT * FROM `dd_config`  [ RunTime:0.0010s ]
NOTIC: [8] Undefined variable: info D:\install\phpstudy\WWW\up\Application\Admin\Controller\AdminController.class.php 第 33 行.
INFO: [ view_parse ] --START--
INFO: [ template_filter ] --START--
INFO: Run Behavior\ContentReplaceBehavior [ RunTime:0.001000s ]
INFO: [ template_filter ] --END-- [ RunTime:0.001000s ]
INFO: Run Behavior\ParseTemplateBehavior [ RunTime:0.046003s ]
INFO: [ view_parse ] --END-- [ RunTime:0.046003s ]
INFO: [ view_filter ] --START--
INFO: Run Behavior\WriteHtmlCacheBehavior [ RunTime:0.001000s ]
INFO: [ view_filter ] --END-- [ RunTime:0.001000s ]
INFO: [ app_end ] --START--
INFO: Run Behavior\ShowPageTraceBehavior [ RunTime:0.001000s ]
INFO: [ app_end ] --END-- [ RunTime:0.001000s ]

[ 2019-07-11T11:25:23+08:00 ] ::1 /up/admin.php?m=Admin&c=Paper&a=index
INFO: [ app_init ] --START--
INFO: Run Behavior\BuildLiteBehavior [ RunTime:0.001000s ]
INFO: [ app_init ] --END-- [ RunTime:0.002000s ]
INFO: [ app_begin ] --START--
INFO: Run Behavior\ReadHtmlCacheBehavior [ RunTime:0.002000s ]
INFO: [ app_begin ] --END-- [ RunTime:0.002000s ]
SQL: SHOW COLUMNS FROM `dd_config` [ RunTime:0.0110s ]
SQL: SELECT * FROM `dd_config`  [ RunTime:0.0010s ]
SQL: SHOW COLUMNS FROM `dd_paper` [ RunTime:0.0110s ]
NOTIC: [8] Undefined variable: where D:\install\phpstudy\WWW\up\Application\Admin\Controller\PaperController.class.php 第 8 行.
SQL: SELECT COUNT(*) AS tp_count FROM `dd_paper` LIMIT 1   [ RunTime:0.0000s ]
NOTIC: [8] Undefined variable: where D:\install\phpstudy\WWW\up\Application\Admin\Controller\PaperController.class.php 第 11 行.
SQL: SELECT * FROM `dd_paper` ORDER BY id desc LIMIT 0,25   [ RunTime:0.0000s ]
SQL: SHOW COLUMNS FROM `dd_product_cate` [ RunTime:0.0120s ]
SQL: SELECT `name` FROM `dd_product_cate` WHERE `id` = 4 LIMIT 1   [ RunTime:0.0010s ]
SQL: SELECT `name` FROM `dd_product_cate` WHERE `id` = 1 LIMIT 1   [ RunTime:0.0010s ]
SQL: SELECT `name` FROM `dd_product_cate` WHERE `id` = 2 LIMIT 1   [ RunTime:0.0000s ]
INFO: [ view_parse ] --START--
INFO: [ template_filter ] --START--
INFO: Run Behavior\ContentReplaceBehavior [ RunTime:0.000000s ]
INFO: [ template_filter ] --END-- [ RunTime:0.000000s ]
INFO: Run Behavior\ParseTemplateBehavior [ RunTime:0.026001s ]
INFO: [ view_parse ] --END-- [ RunTime:0.026001s ]
INFO: [ view_filter ] --START--
INFO: Run Behavior\WriteHtmlCacheBehavior [ RunTime:0.001000s ]
INFO: [ view_filter ] --END-- [ RunTime:0.002000s ]
INFO: [ app_end ] --START--
INFO: Run Behavior\ShowPageTraceBehavior [ RunTime:0.002000s ]
INFO: [ app_end ] --END-- [ RunTime:0.002000s ]

[ 2019-07-11T11:25:28+08:00 ] ::1 /up/admin.php?m=Admin&c=Paper&a=cate
INFO: [ app_init ] --START--
INFO: Run Behavior\BuildLiteBehavior [ RunTime:0.000000s ]
INFO: [ app_init ] --END-- [ RunTime:0.001000s ]
INFO: [ app_begin ] --START--
INFO: Run Behavior\ReadHtmlCacheBehavior [ RunTime:0.002000s ]
INFO: [ app_begin ] --END-- [ RunTime:0.002000s ]
SQL: SHOW COLUMNS FROM `dd_config` [ RunTime:0.0140s ]
SQL: SELECT * FROM `dd_config`  [ RunTime:0.0010s ]
NOTIC: [8] Undefined index: pid D:\install\phpstudy\WWW\up\Application\Admin\Controller\PaperController.class.php 第 116 行.
SQL: SHOW COLUMNS FROM `dd_product_cate` [ RunTime:0.0150s ]
SQL: SELECT * FROM `dd_product_cate` WHERE `pid` = 0 ORDER BY sort desc  [ RunTime:0.0000s ]
INFO: [ view_parse ] --START--
INFO: [ template_filter ] --START--
INFO: Run Behavior\ContentReplaceBehavior [ RunTime:0.000000s ]
INFO: [ template_filter ] --END-- [ RunTime:0.000000s ]
NOTIC: [8] Undefined index: pid D:\install\phpstudy\WWW\up\Application\Runtime\Cache\Admin\21058cfef33750ecc9a5ae39b1e1f0e4.php 第 197 行.
INFO: Run Behavior\ParseTemplateBehavior [ RunTime:0.026002s ]
INFO: [ view_parse ] --END-- [ RunTime:0.026002s ]
INFO: [ view_filter ] --START--
INFO: Run Behavior\WriteHtmlCacheBehavior [ RunTime:0.001000s ]
INFO: [ view_filter ] --END-- [ RunTime:0.002000s ]
INFO: [ app_end ] --START--
INFO: Run Behavior\ShowPageTraceBehavior [ RunTime:0.002000s ]
INFO: [ app_end ] --END-- [ RunTime:0.002000s ]

[ 2019-07-11T11:28:53+08:00 ] ::1 /up/admin.php
INFO: [ app_init ] --START--
INFO: Run Behavior\BuildLiteBehavior [ RunTime:0.000000s ]
INFO: [ app_init ] --END-- [ RunTime:0.002000s ]
INFO: [ app_begin ] --START--
INFO: Run Behavior\ReadHtmlCacheBehavior [ RunTime:0.009001s ]
INFO: [ app_begin ] --END-- [ RunTime:0.009001s ]
SQL: SHOW COLUMNS FROM `dd_config` [ RunTime:0.0140s ]
SQL: SELECT * FROM `dd_config`  [ RunTime:0.0010s ]

[ 2019-07-11T11:28:54+08:00 ] ::1 /up/admin.php?m=Admin&c=Admin&a=welcome
INFO: [ app_init ] --START--
INFO: Run Behavior\BuildLiteBehavior [ RunTime:0.000000s ]
INFO: [ app_init ] --END-- [ RunTime:0.001000s ]
INFO: [ app_begin ] --START--
INFO: Run Behavior\ReadHtmlCacheBehavior [ RunTime:0.002000s ]
INFO: [ app_begin ] --END-- [ RunTime:0.002000s ]
SQL: SHOW COLUMNS FROM `dd_config` [ RunTime:0.0100s ]
SQL: SELECT * FROM `dd_config`  [ RunTime:0.0010s ]
NOTIC: [8] Undefined variable: info D:\install\phpstudy\WWW\up\Application\Admin\Controller\AdminController.class.php 第 33 行.
INFO: [ view_parse ] --START--
INFO: [ template_filter ] --START--
INFO: Run Behavior\ContentReplaceBehavior [ RunTime:0.000000s ]
INFO: [ template_filter ] --END-- [ RunTime:0.001001s ]
INFO: Run Behavior\ParseTemplateBehavior [ RunTime:0.024001s ]
INFO: [ view_parse ] --END-- [ RunTime:0.024001s ]
INFO: [ view_filter ] --START--
INFO: Run Behavior\WriteHtmlCacheBehavior [ RunTime:0.001000s ]
INFO: [ view_filter ] --END-- [ RunTime:0.001000s ]
INFO: [ app_end ] --START--
INFO: Run Behavior\ShowPageTraceBehavior [ RunTime:0.002000s ]
INFO: [ app_end ] --END-- [ RunTime:0.002000s ]

[ 2019-07-11T11:29:01+08:00 ] ::1 /up/admin.php?m=Admin&c=Paper&a=index
INFO: [ app_init ] --START--
INFO: Run Behavior\BuildLiteBehavior [ RunTime:0.000000s ]
INFO: [ app_init ] --END-- [ RunTime:0.001000s ]
INFO: [ app_begin ] --START--
INFO: Run Behavior\ReadHtmlCacheBehavior [ RunTime:0.002000s ]
INFO: [ app_begin ] --END-- [ RunTime:0.002000s ]
SQL: SHOW COLUMNS FROM `dd_config` [ RunTime:0.0160s ]
SQL: SELECT * FROM `dd_config`  [ RunTime:0.0010s ]
SQL: SHOW COLUMNS FROM `dd_paper` [ RunTime:0.0150s ]
NOTIC: [8] Undefined variable: where D:\install\phpstudy\WWW\up\Application\Admin\Controller\PaperController.class.php 第 8 行.
SQL: SELECT COUNT(*) AS tp_count FROM `dd_paper` LIMIT 1   [ RunTime:0.0010s ]
NOTIC: [8] Undefined variable: where D:\install\phpstudy\WWW\up\Application\Admin\Controller\PaperController.class.php 第 11 行.
SQL: SELECT * FROM `dd_paper` ORDER BY id desc LIMIT 0,25   [ RunTime:0.0010s ]
SQL: SHOW COLUMNS FROM `dd_product_cate` [ RunTime:0.0110s ]
SQL: SELECT `name` FROM `dd_product_cate` WHERE `id` = 4 LIMIT 1   [ RunTime:0.0000s ]
SQL: SELECT `name` FROM `dd_product_cate` WHERE `id` = 1 LIMIT 1   [ RunTime:0.0000s ]
SQL: SELECT `name` FROM `dd_product_cate` WHERE `id` = 2 LIMIT 1   [ RunTime:0.0000s ]
INFO: [ view_parse ] --START--
INFO: [ template_filter ] --START--
INFO: Run Behavior\ContentReplaceBehavior [ RunTime:0.000000s ]
INFO: [ template_filter ] --END-- [ RunTime:0.000000s ]
INFO: Run Behavior\ParseTemplateBehavior [ RunTime:0.025001s ]
INFO: [ view_parse ] --END-- [ RunTime:0.025001s ]
INFO: [ view_filter ] --START--
INFO: Run Behavior\WriteHtmlCacheBehavior [ RunTime:0.001000s ]
INFO: [ view_filter ] --END-- [ RunTime:0.001000s ]
INFO: [ app_end ] --START--
INFO: Run Behavior\ShowPageTraceBehavior [ RunTime:0.001000s ]
INFO: [ app_end ] --END-- [ RunTime:0.002000s ]

[ 2019-07-11T11:29:06+08:00 ] ::1 /up/admin.php?m=Admin&c=Paper&a=edit
INFO: [ app_init ] --START--
INFO: Run Behavior\BuildLiteBehavior [ RunTime:0.000000s ]
INFO: [ app_init ] --END-- [ RunTime:0.001000s ]
INFO: [ app_begin ] --START--
INFO: Run Behavior\ReadHtmlCacheBehavior [ RunTime:0.003000s ]
INFO: [ app_begin ] --END-- [ RunTime:0.003000s ]
SQL: SHOW COLUMNS FROM `dd_config` [ RunTime:0.0130s ]
SQL: SELECT * FROM `dd_config`  [ RunTime:0.0010s ]
SQL: SHOW COLUMNS FROM `dd_product_cate` [ RunTime:0.0140s ]
SQL: SELECT * FROM `dd_product_cate`  [ RunTime:0.0010s ]
NOTIC: [8] Undefined variable: info D:\install\phpstudy\WWW\up\Application\Admin\Controller\PaperController.class.php 第 58 行.
INFO: [ view_parse ] --START--
INFO: [ template_filter ] --START--
INFO: Run Behavior\ContentReplaceBehavior [ RunTime:0.000000s ]
INFO: [ template_filter ] --END-- [ RunTime:0.000000s ]
INFO: Run Behavior\ParseTemplateBehavior [ RunTime:0.022002s ]
INFO: [ view_parse ] --END-- [ RunTime:0.022002s ]
INFO: [ view_filter ] --START--
INFO: Run Behavior\WriteHtmlCacheBehavior [ RunTime:0.001000s ]
INFO: [ view_filter ] --END-- [ RunTime:0.001000s ]
INFO: [ app_end ] --START--
INFO: Run Behavior\ShowPageTraceBehavior [ RunTime:0.001000s ]
INFO: [ app_end ] --END-- [ RunTime:0.001000s ]

[ 2019-07-11T11:29:08+08:00 ] ::1 /up/admin.php?m=Admin&c=Paper&a=upload&event=setPic&url=
INFO: [ app_init ] --START--
INFO: Run Behavior\BuildLiteBehavior [ RunTime:0.000000s ]
INFO: [ app_init ] --END-- [ RunTime:0.004001s ]
INFO: [ app_begin ] --START--
INFO: Run Behavior\ReadHtmlCacheBehavior [ RunTime:0.002000s ]
INFO: [ app_begin ] --END-- [ RunTime:0.002000s ]
SQL: SHOW COLUMNS FROM `dd_config` [ RunTime:0.0110s ]
SQL: SELECT * FROM `dd_config`  [ RunTime:0.0000s ]
INFO: [ view_parse ] --START--
INFO: [ template_filter ] --START--
INFO: Run Behavior\ContentReplaceBehavior [ RunTime:0.001000s ]
INFO: [ template_filter ] --END-- [ RunTime:0.001000s ]
INFO: Run Behavior\ParseTemplateBehavior [ RunTime:0.051003s ]
INFO: [ view_parse ] --END-- [ RunTime:0.051003s ]
INFO: [ view_filter ] --START--
INFO: Run Behavior\WriteHtmlCacheBehavior [ RunTime:0.002000s ]
INFO: [ view_filter ] --END-- [ RunTime:0.002000s ]
INFO: [ app_end ] --START--
INFO: Run Behavior\ShowPageTraceBehavior [ RunTime:0.002000s ]
INFO: [ app_end ] --END-- [ RunTime:0.002000s ]

[ 2019-07-11T11:30:51+08:00 ] ::1 /up/admin.php?m=Admin&c=Paper&a=edit
INFO: [ app_init ] --START--
INFO: Run Behavior\BuildLiteBehavior [ RunTime:0.000000s ]
INFO: [ app_init ] --END-- [ RunTime:0.002001s ]
INFO: [ app_begin ] --START--
INFO: Run Behavior\ReadHtmlCacheBehavior [ RunTime:0.002000s ]
INFO: [ app_begin ] --END-- [ RunTime:0.002000s ]
SQL: SHOW COLUMNS FROM `dd_config` [ RunTime:0.0100s ]
SQL: SELECT * FROM `dd_config`  [ RunTime:0.0010s ]
SQL: SHOW COLUMNS FROM `dd_product_cate` [ RunTime:0.0110s ]
SQL: SELECT * FROM `dd_product_cate`  [ RunTime:0.0010s ]
NOTIC: [8] Undefined variable: info D:\install\phpstudy\WWW\up\Application\Admin\Controller\PaperController.class.php 第 58 行.
INFO: [ view_parse ] --START--
INFO: [ template_filter ] --START--
INFO: Run Behavior\ContentReplaceBehavior [ RunTime:0.000000s ]
INFO: [ template_filter ] --END-- [ RunTime:0.000000s ]
INFO: Run Behavior\ParseTemplateBehavior [ RunTime:0.025002s ]
INFO: [ view_parse ] --END-- [ RunTime:0.025002s ]
INFO: [ view_filter ] --START--
INFO: Run Behavior\WriteHtmlCacheBehavior [ RunTime:0.001000s ]
INFO: [ view_filter ] --END-- [ RunTime:0.001000s ]
INFO: [ app_end ] --START--
INFO: Run Behavior\ShowPageTraceBehavior [ RunTime:0.002000s ]
INFO: [ app_end ] --END-- [ RunTime:0.003000s ]

[ 2019-07-11T11:30:54+08:00 ] ::1 /up/admin.php?m=Admin&c=Paper&a=upload&event=setPic&url=
INFO: [ app_init ] --START--
INFO: Run Behavior\BuildLiteBehavior [ RunTime:0.000000s ]
INFO: [ app_init ] --END-- [ RunTime:0.003000s ]
INFO: [ app_begin ] --START--
INFO: Run Behavior\ReadHtmlCacheBehavior [ RunTime:0.005001s ]
INFO: [ app_begin ] --END-- [ RunTime:0.005001s ]
SQL: SHOW COLUMNS FROM `dd_config` [ RunTime:0.0110s ]
SQL: SELECT * FROM `dd_config`  [ RunTime:0.0010s ]
INFO: [ view_parse ] --START--
INFO: [ template_filter ] --START--
INFO: Run Behavior\ContentReplaceBehavior [ RunTime:0.000000s ]
INFO: [ template_filter ] --END-- [ RunTime:0.000000s ]
INFO: Run Behavior\ParseTemplateBehavior [ RunTime:0.017001s ]
INFO: [ view_parse ] --END-- [ RunTime:0.017001s ]
INFO: [ view_filter ] --START--
INFO: Run Behavior\WriteHtmlCacheBehavior [ RunTime:0.001000s ]
INFO: [ view_filter ] --END-- [ RunTime:0.001000s ]
INFO: [ app_end ] --START--
INFO: Run Behavior\ShowPageTraceBehavior [ RunTime:0.003001s ]
INFO: [ app_end ] --END-- [ RunTime:0.003001s ]

[ 2019-07-11T11:31:48+08:00 ] ::1 /up/admin.php?m=Admin&c=Paper&a=edit
INFO: [ app_init ] --START--
INFO: Run Behavior\BuildLiteBehavior [ RunTime:0.000000s ]
INFO: [ app_init ] --END-- [ RunTime:0.002000s ]
INFO: [ app_begin ] --START--
INFO: Run Behavior\ReadHtmlCacheBehavior [ RunTime:0.001000s ]
INFO: [ app_begin ] --END-- [ RunTime:0.001000s ]
SQL: SHOW COLUMNS FROM `dd_config` [ RunTime:0.0160s ]
SQL: SELECT * FROM `dd_config`  [ RunTime:0.0020s ]
SQL: SHOW COLUMNS FROM `dd_product_cate` [ RunTime:0.0170s ]
SQL: SELECT * FROM `dd_product_cate`  [ RunTime:0.0010s ]
NOTIC: [8] Undefined variable: info D:\install\phpstudy\WWW\up\Application\Admin\Controller\PaperController.class.php 第 58 行.
INFO: [ view_parse ] --START--
INFO: [ template_filter ] --START--
INFO: Run Behavior\ContentReplaceBehavior [ RunTime:0.000000s ]
INFO: [ template_filter ] --END-- [ RunTime:0.000000s ]
INFO: Run Behavior\ParseTemplateBehavior [ RunTime:0.023002s ]
INFO: [ view_parse ] --END-- [ RunTime:0.023002s ]
INFO: [ view_filter ] --START--
INFO: Run Behavior\WriteHtmlCacheBehavior [ RunTime:0.001000s ]
INFO: [ view_filter ] --END-- [ RunTime:0.001000s ]
INFO: [ app_end ] --START--
INFO: Run Behavior\ShowPageTraceBehavior [ RunTime:0.001000s ]
INFO: [ app_end ] --END-- [ RunTime:0.001000s ]

[ 2019-07-11T11:31:50+08:00 ] ::1 /up/admin.php?m=Admin&c=Paper&a=upload&event=setPic&url=
INFO: [ app_init ] --START--
INFO: Run Behavior\BuildLiteBehavior [ RunTime:0.000000s ]
INFO: [ app_init ] --END-- [ RunTime:0.001000s ]
INFO: [ app_begin ] --START--
INFO: Run Behavior\ReadHtmlCacheBehavior [ RunTime:0.001000s ]
INFO: [ app_begin ] --END-- [ RunTime:0.001000s ]
SQL: SHOW COLUMNS FROM `dd_config` [ RunTime:0.0140s ]
SQL: SELECT * FROM `dd_config`  [ RunTime:0.0010s ]
INFO: [ view_parse ] --START--
INFO: [ template_filter ] --START--
INFO: Run Behavior\ContentReplaceBehavior [ RunTime:0.000000s ]
INFO: [ template_filter ] --END-- [ RunTime:0.000000s ]
INFO: Run Behavior\ParseTemplateBehavior [ RunTime:0.016001s ]
INFO: [ view_parse ] --END-- [ RunTime:0.016001s ]
INFO: [ view_filter ] --START--
INFO: Run Behavior\WriteHtmlCacheBehavior [ RunTime:0.001000s ]
INFO: [ view_filter ] --END-- [ RunTime:0.001000s ]
INFO: [ app_end ] --START--
INFO: Run Behavior\ShowPageTraceBehavior [ RunTime:0.001000s ]
INFO: [ app_end ] --END-- [ RunTime:0.001000s ]

[ 2019-07-11T11:34:55+08:00 ] ::1 /up/admin.php?m=Admin&c=Paper&a=edit
INFO: [ app_init ] --START--
INFO: Run Behavior\BuildLiteBehavior [ RunTime:0.000000s ]
INFO: [ app_init ] --END-- [ RunTime:0.002000s ]
INFO: [ app_begin ] --START--
INFO: Run Behavior\ReadHtmlCacheBehavior [ RunTime:0.002000s ]
INFO: [ app_begin ] --END-- [ RunTime:0.002000s ]
SQL: SHOW COLUMNS FROM `dd_config` [ RunTime:0.0140s ]
SQL: SELECT * FROM `dd_config`  [ RunTime:0.0010s ]
SQL: SHOW COLUMNS FROM `dd_product_cate` [ RunTime:0.0130s ]
SQL: SELECT * FROM `dd_product_cate`  [ RunTime:0.0000s ]
NOTIC: [8] Undefined variable: info D:\install\phpstudy\WWW\up\Application\Admin\Controller\PaperController.class.php 第 58 行.
INFO: [ view_parse ] --START--
INFO: [ template_filter ] --START--
INFO: Run Behavior\ContentReplaceBehavior [ RunTime:0.000000s ]
INFO: [ template_filter ] --END-- [ RunTime:0.000000s ]
INFO: Run Behavior\ParseTemplateBehavior [ RunTime:0.052003s ]
INFO: [ view_parse ] --END-- [ RunTime:0.052003s ]
INFO: [ view_filter ] --START--
INFO: Run Behavior\WriteHtmlCacheBehavior [ RunTime:0.001000s ]
INFO: [ view_filter ] --END-- [ RunTime:0.001000s ]
INFO: [ app_end ] --START--
INFO: Run Behavior\ShowPageTraceBehavior [ RunTime:0.002000s ]
INFO: [ app_end ] --END-- [ RunTime:0.002000s ]

[ 2019-07-11T11:34:56+08:00 ] ::1 /up/admin.php?m=Admin&c=Paper&a=upload&event=setPic&url=
INFO: [ app_init ] --START--
INFO: Run Behavior\BuildLiteBehavior [ RunTime:0.000000s ]
INFO: [ app_init ] --END-- [ RunTime:0.002000s ]
INFO: [ app_begin ] --START--
INFO: Run Behavior\ReadHtmlCacheBehavior [ RunTime:0.002000s ]
INFO: [ app_begin ] --END-- [ RunTime:0.002000s ]
SQL: SHOW COLUMNS FROM `dd_config` [ RunTime:0.0140s ]
SQL: SELECT * FROM `dd_config`  [ RunTime:0.0010s ]
INFO: [ view_parse ] --START--
INFO: [ template_filter ] --START--
INFO: Run Behavior\ContentReplaceBehavior [ RunTime:0.000000s ]
INFO: [ template_filter ] --END-- [ RunTime:0.000000s ]
INFO: Run Behavior\ParseTemplateBehavior [ RunTime:0.017001s ]
INFO: [ view_parse ] --END-- [ RunTime:0.017001s ]
INFO: [ view_filter ] --START--
INFO: Run Behavior\WriteHtmlCacheBehavior [ RunTime:0.000000s ]
INFO: [ view_filter ] --END-- [ RunTime:0.001000s ]
INFO: [ app_end ] --START--
INFO: Run Behavior\ShowPageTraceBehavior [ RunTime:0.001000s ]
INFO: [ app_end ] --END-- [ RunTime:0.001000s ]

[ 2019-07-11T11:36:33+08:00 ] ::1 /up/admin.php?m=Admin&c=Paper&a=edit
INFO: [ app_init ] --START--
INFO: Run Behavior\BuildLiteBehavior [ RunTime:0.000000s ]
INFO: [ app_init ] --END-- [ RunTime:0.001000s ]
INFO: [ app_begin ] --START--
INFO: Run Behavior\ReadHtmlCacheBehavior [ RunTime:0.002000s ]
INFO: [ app_begin ] --END-- [ RunTime:0.002000s ]
SQL: SHOW COLUMNS FROM `dd_config` [ RunTime:0.0180s ]
SQL: SELECT * FROM `dd_config`  [ RunTime:0.0010s ]
SQL: SHOW COLUMNS FROM `dd_product_cate` [ RunTime:0.0140s ]
SQL: SELECT * FROM `dd_product_cate`  [ RunTime:0.0010s ]
NOTIC: [8] Undefined variable: info D:\install\phpstudy\WWW\up\Application\Admin\Controller\PaperController.class.php 第 58 行.
INFO: [ view_parse ] --START--
INFO: [ template_filter ] --START--
INFO: Run Behavior\ContentReplaceBehavior [ RunTime:0.000000s ]
INFO: [ template_filter ] --END-- [ RunTime:0.000000s ]
INFO: Run Behavior\ParseTemplateBehavior [ RunTime:0.044002s ]
INFO: [ view_parse ] --END-- [ RunTime:0.045002s ]
INFO: [ view_filter ] --START--
INFO: Run Behavior\WriteHtmlCacheBehavior [ RunTime:0.001000s ]
INFO: [ view_filter ] --END-- [ RunTime:0.001000s ]
INFO: [ app_end ] --START--
INFO: Run Behavior\ShowPageTraceBehavior [ RunTime:0.002000s ]
INFO: [ app_end ] --END-- [ RunTime:0.002000s ]

[ 2019-07-11T11:36:35+08:00 ] ::1 /up/admin.php?m=Admin&c=Paper&a=get_child_cates&id=0
INFO: [ app_init ] --START--
INFO: Run Behavior\BuildLiteBehavior [ RunTime:0.000000s ]
INFO: [ app_init ] --END-- [ RunTime:0.002000s ]
INFO: [ app_begin ] --START--
INFO: Run Behavior\ReadHtmlCacheBehavior [ RunTime:0.002000s ]
INFO: [ app_begin ] --END-- [ RunTime:0.002000s ]
SQL: SHOW COLUMNS FROM `dd_config` [ RunTime:0.0120s ]
SQL: SELECT * FROM `dd_config`  [ RunTime:0.0010s ]
SQL: SHOW COLUMNS FROM `dd_product_cate` [ RunTime:0.0130s ]
SQL: SELECT * FROM `dd_product_cate` WHERE `pid` = 0  [ RunTime:0.0010s ]

[ 2019-07-11T11:36:37+08:00 ] ::1 /up/admin.php?m=Admin&c=Paper&a=upload&event=setPic&url=
INFO: [ app_init ] --START--
INFO: Run Behavior\BuildLiteBehavior [ RunTime:0.000000s ]
INFO: [ app_init ] --END-- [ RunTime:0.002000s ]
INFO: [ app_begin ] --START--
INFO: Run Behavior\ReadHtmlCacheBehavior [ RunTime:0.002000s ]
INFO: [ app_begin ] --END-- [ RunTime:0.003000s ]
SQL: SHOW COLUMNS FROM `dd_config` [ RunTime:0.0170s ]
SQL: SELECT * FROM `dd_config`  [ RunTime:0.0010s ]
INFO: [ view_parse ] --START--
INFO: [ template_filter ] --START--
INFO: Run Behavior\ContentReplaceBehavior [ RunTime:0.000000s ]
INFO: [ template_filter ] --END-- [ RunTime:0.000000s ]
INFO: Run Behavior\ParseTemplateBehavior [ RunTime:0.035002s ]
INFO: [ view_parse ] --END-- [ RunTime:0.035002s ]
INFO: [ view_filter ] --START--
INFO: Run Behavior\WriteHtmlCacheBehavior [ RunTime:0.001000s ]
INFO: [ view_filter ] --END-- [ RunTime:0.001000s ]
INFO: [ app_end ] --START--
INFO: Run Behavior\ShowPageTraceBehavior [ RunTime:0.002000s ]
INFO: [ app_end ] --END-- [ RunTime:0.002000s ]

[ 2019-07-11T11:38:37+08:00 ] ::1 /up/admin.php?m=Admin&c=Paper&a=edit
INFO: [ app_init ] --START--
INFO: Run Behavior\BuildLiteBehavior [ RunTime:0.000000s ]
INFO: [ app_init ] --END-- [ RunTime:0.001000s ]
INFO: [ app_begin ] --START--
INFO: Run Behavior\ReadHtmlCacheBehavior [ RunTime:0.001000s ]
INFO: [ app_begin ] --END-- [ RunTime:0.001000s ]
SQL: SHOW COLUMNS FROM `dd_config` [ RunTime:0.0160s ]
SQL: SELECT * FROM `dd_config`  [ RunTime:0.0010s ]
SQL: SHOW COLUMNS FROM `dd_product_cate` [ RunTime:0.0150s ]
SQL: SELECT * FROM `dd_product_cate`  [ RunTime:0.0010s ]
NOTIC: [8] Undefined variable: info D:\install\phpstudy\WWW\up\Application\Admin\Controller\PaperController.class.php 第 58 行.
INFO: [ view_parse ] --START--
INFO: [ template_filter ] --START--
INFO: Run Behavior\ContentReplaceBehavior [ RunTime:0.000000s ]
INFO: [ template_filter ] --END-- [ RunTime:0.000000s ]
INFO: Run Behavior\ParseTemplateBehavior [ RunTime:0.027001s ]
INFO: [ view_parse ] --END-- [ RunTime:0.027001s ]
INFO: [ view_filter ] --START--
INFO: Run Behavior\WriteHtmlCacheBehavior [ RunTime:0.001000s ]
INFO: [ view_filter ] --END-- [ RunTime:0.002000s ]
INFO: [ app_end ] --START--
INFO: Run Behavior\ShowPageTraceBehavior [ RunTime:0.001000s ]
INFO: [ app_end ] --END-- [ RunTime:0.001000s ]

[ 2019-07-11T11:38:38+08:00 ] ::1 /up/admin.php?m=Admin&c=Paper&a=get_child_cates&id=0
INFO: [ app_init ] --START--
INFO: Run Behavior\BuildLiteBehavior [ RunTime:0.000000s ]
INFO: [ app_init ] --END-- [ RunTime:0.001000s ]
INFO: [ app_begin ] --START--
INFO: Run Behavior\ReadHtmlCacheBehavior [ RunTime:0.001000s ]
INFO: [ app_begin ] --END-- [ RunTime:0.002000s ]
SQL: SHOW COLUMNS FROM `dd_config` [ RunTime:0.0160s ]
SQL: SELECT * FROM `dd_config`  [ RunTime:0.0010s ]
SQL: SHOW COLUMNS FROM `dd_product_cate` [ RunTime:0.0170s ]
SQL: SELECT * FROM `dd_product_cate` WHERE `pid` = 0  [ RunTime:0.0010s ]

[ 2019-07-11T11:38:40+08:00 ] ::1 /up/admin.php?m=Admin&c=Paper&a=upload&event=setPic&url=
INFO: [ app_init ] --START--
INFO: Run Behavior\BuildLiteBehavior [ RunTime:0.000000s ]
INFO: [ app_init ] --END-- [ RunTime:0.001000s ]
INFO: [ app_begin ] --START--
INFO: Run Behavior\ReadHtmlCacheBehavior [ RunTime:0.002001s ]
INFO: [ app_begin ] --END-- [ RunTime:0.002001s ]
SQL: SHOW COLUMNS FROM `dd_config` [ RunTime:0.0130s ]
SQL: SELECT * FROM `dd_config`  [ RunTime:0.0010s ]
INFO: [ view_parse ] --START--
INFO: [ template_filter ] --START--
INFO: Run Behavior\ContentReplaceBehavior [ RunTime:0.000000s ]
INFO: [ template_filter ] --END-- [ RunTime:0.000000s ]
INFO: Run Behavior\ParseTemplateBehavior [ RunTime:0.037002s ]
INFO: [ view_parse ] --END-- [ RunTime:0.037002s ]
INFO: [ view_filter ] --START--
INFO: Run Behavior\WriteHtmlCacheBehavior [ RunTime:0.001000s ]
INFO: [ view_filter ] --END-- [ RunTime:0.001000s ]
INFO: [ app_end ] --START--
INFO: Run Behavior\ShowPageTraceBehavior [ RunTime:0.002000s ]
INFO: [ app_end ] --END-- [ RunTime:0.002000s ]

[ 2019-07-11T11:38:44+08:00 ] ::1 /up/admin.php?m=Admin&c=Paper&a=get_child_cates&id=5
INFO: [ app_init ] --START--
INFO: Run Behavior\BuildLiteBehavior [ RunTime:0.000000s ]
INFO: [ app_init ] --END-- [ RunTime:0.001000s ]
INFO: [ app_begin ] --START--
INFO: Run Behavior\ReadHtmlCacheBehavior [ RunTime:0.001000s ]
INFO: [ app_begin ] --END-- [ RunTime:0.001000s ]
SQL: SHOW COLUMNS FROM `dd_config` [ RunTime:0.0150s ]
SQL: SELECT * FROM `dd_config`  [ RunTime:0.0010s ]
SQL: SHOW COLUMNS FROM `dd_product_cate` [ RunTime:0.0150s ]
SQL: SELECT * FROM `dd_product_cate` WHERE `pid` = 5  [ RunTime:0.0010s ]

[ 2019-07-11T11:39:07+08:00 ] ::1 /up/admin.php?m=Admin&c=Paper&a=upload&event=setPic&url=
INFO: [ app_init ] --START--
INFO: Run Behavior\BuildLiteBehavior [ RunTime:0.000000s ]
INFO: [ app_init ] --END-- [ RunTime:0.001000s ]
INFO: [ app_begin ] --START--
INFO: Run Behavior\ReadHtmlCacheBehavior [ RunTime:0.002000s ]
INFO: [ app_begin ] --END-- [ RunTime:0.002000s ]
SQL: SHOW COLUMNS FROM `dd_config` [ RunTime:0.0120s ]
SQL: SELECT * FROM `dd_config`  [ RunTime:0.0010s ]
NOTIC: [8] Undefined index: field D:\install\phpstudy\WWW\up\Application\Admin\Controller\AdminController.class.php 第 111 行.
INFO: [ view_parse ] --START--
INFO: [ template_filter ] --START--
INFO: Run Behavior\ContentReplaceBehavior [ RunTime:0.000000s ]
INFO: [ template_filter ] --END-- [ RunTime:0.001000s ]
NOTIC: [8] Undefined index: cur_index D:\install\phpstudy\WWW\up\Application\Runtime\Cache\Admin\42684e41b5d7d3bd6b9e714a62a1e7f6.php 第 23 行.
INFO: Run Behavior\ParseTemplateBehavior [ RunTime:0.016001s ]
INFO: [ view_parse ] --END-- [ RunTime:0.016001s ]
INFO: [ view_filter ] --START--
INFO: Run Behavior\WriteHtmlCacheBehavior [ RunTime:0.002001s ]
INFO: [ view_filter ] --END-- [ RunTime:0.002001s ]
INFO: [ app_end ] --START--
INFO: Run Behavior\ShowPageTraceBehavior [ RunTime:0.002000s ]
INFO: [ app_end ] --END-- [ RunTime:0.002000s ]

[ 2019-07-11T11:39:14+08:00 ] ::1 /up/admin.php?m=Admin&c=Paper&a=edit
INFO: [ app_init ] --START--
INFO: Run Behavior\BuildLiteBehavior [ RunTime:0.000000s ]
INFO: [ app_init ] --END-- [ RunTime:0.001000s ]
INFO: [ app_begin ] --START--
INFO: Run Behavior\ReadHtmlCacheBehavior [ RunTime:0.002000s ]
INFO: [ app_begin ] --END-- [ RunTime:0.002000s ]
SQL: SHOW COLUMNS FROM `dd_config` [ RunTime:0.0100s ]
SQL: SELECT * FROM `dd_config`  [ RunTime:0.0010s ]
SQL: SHOW COLUMNS FROM `dd_paper` [ RunTime:0.0150s ]
SQL: INSERT INTO `dd_paper` (`title`,`keyword`,`describe`,`store_cate`,`cate_tree`,`pic`,`body`,`create_time`) VALUES ('确定标题','确定关键字','确定描述','5','5','./Public/upload/images/1907/11/113907348738003152.jpg','<p>嘎嘎嘎嘎嘎过过过过过过过过过过过过过过过过过过过过过过过过过过</p>','1562816353') [ RunTime:0.0010s ]
SQL: SHOW COLUMNS FROM `dd_product_cate` [ RunTime:0.0110s ]
SQL: SELECT * FROM `dd_product_cate`  [ RunTime:0.0010s ]
NOTIC: [8] Undefined variable: info D:\install\phpstudy\WWW\up\Application\Admin\Controller\PaperController.class.php 第 58 行.
INFO: [ view_parse ] --START--
INFO: [ template_filter ] --START--
INFO: Run Behavior\ContentReplaceBehavior [ RunTime:0.001000s ]
INFO: [ template_filter ] --END-- [ RunTime:0.001000s ]
INFO: Run Behavior\ParseTemplateBehavior [ RunTime:0.022002s ]
INFO: [ view_parse ] --END-- [ RunTime:0.022002s ]
INFO: [ view_filter ] --START--
INFO: Run Behavior\WriteHtmlCacheBehavior [ RunTime:0.001000s ]
INFO: [ view_filter ] --END-- [ RunTime:0.002000s ]
INFO: [ app_end ] --START--
INFO: Run Behavior\ShowPageTraceBehavior [ RunTime:0.002000s ]
INFO: [ app_end ] --END-- [ RunTime:0.002000s ]

[ 2019-07-11T11:39:16+08:00 ] ::1 /up/admin.php?m=Admin&c=Paper&a=get_child_cates&id=0
INFO: [ app_init ] --START--
INFO: Run Behavior\BuildLiteBehavior [ RunTime:0.000000s ]
INFO: [ app_init ] --END-- [ RunTime:0.001000s ]
INFO: [ app_begin ] --START--
INFO: Run Behavior\ReadHtmlCacheBehavior [ RunTime:0.002000s ]
INFO: [ app_begin ] --END-- [ RunTime:0.002000s ]
SQL: SHOW COLUMNS FROM `dd_config` [ RunTime:0.0170s ]
SQL: SELECT * FROM `dd_config`  [ RunTime:0.0020s ]
SQL: SHOW COLUMNS FROM `dd_product_cate` [ RunTime:0.0160s ]
SQL: SELECT * FROM `dd_product_cate` WHERE `pid` = 0  [ RunTime:0.0010s ]

[ 2019-07-11T11:39:17+08:00 ] ::1 /up/admin.php?m=Admin&c=Paper&a=upload&event=setPic&url=
INFO: [ app_init ] --START--
INFO: Run Behavior\BuildLiteBehavior [ RunTime:0.000000s ]
INFO: [ app_init ] --END-- [ RunTime:0.001000s ]
INFO: [ app_begin ] --START--
INFO: Run Behavior\ReadHtmlCacheBehavior [ RunTime:0.001000s ]
INFO: [ app_begin ] --END-- [ RunTime:0.001000s ]
SQL: SHOW COLUMNS FROM `dd_config` [ RunTime:0.0100s ]
SQL: SELECT * FROM `dd_config`  [ RunTime:0.0010s ]
INFO: [ view_parse ] --START--
INFO: [ template_filter ] --START--
INFO: Run Behavior\ContentReplaceBehavior [ RunTime:0.000000s ]
INFO: [ template_filter ] --END-- [ RunTime:0.000000s ]
INFO: Run Behavior\ParseTemplateBehavior [ RunTime:0.016000s ]
INFO: [ view_parse ] --END-- [ RunTime:0.016000s ]
INFO: [ view_filter ] --START--
INFO: Run Behavior\WriteHtmlCacheBehavior [ RunTime:0.001000s ]
INFO: [ view_filter ] --END-- [ RunTime:0.002001s ]
INFO: [ app_end ] --START--
INFO: Run Behavior\ShowPageTraceBehavior [ RunTime:0.002000s ]
INFO: [ app_end ] --END-- [ RunTime:0.002000s ]

[ 2019-07-11T11:39:26+08:00 ] ::1 /up/admin.php?m=Admin&c=Paper&
INFO: [ app_init ] --START--
INFO: Run Behavior\BuildLiteBehavior [ RunTime:0.000000s ]
INFO: [ app_init ] --END-- [ RunTime:0.002000s ]
INFO: [ app_begin ] --START--
INFO: Run Behavior\ReadHtmlCacheBehavior [ RunTime:0.001000s ]
INFO: [ app_begin ] --END-- [ RunTime:0.002000s ]
SQL: SHOW COLUMNS FROM `dd_config` [ RunTime:0.0110s ]
SQL: SELECT * FROM `dd_config`  [ RunTime:0.0000s ]
SQL: SHOW COLUMNS FROM `dd_paper` [ RunTime:0.0120s ]
NOTIC: [8] Undefined variable: where D:\install\phpstudy\WWW\up\Application\Admin\Controller\PaperController.class.php 第 8 行.
SQL: SELECT COUNT(*) AS tp_count FROM `dd_paper` LIMIT 1   [ RunTime:0.0010s ]
NOTIC: [8] Undefined variable: where D:\install\phpstudy\WWW\up\Application\Admin\Controller\PaperController.class.php 第 11 行.
SQL: SELECT * FROM `dd_paper` ORDER BY id desc LIMIT 0,25   [ RunTime:0.0010s ]
SQL: SHOW COLUMNS FROM `dd_product_cate` [ RunTime:0.0110s ]
SQL: SELECT `name` FROM `dd_product_cate` WHERE `id` = 5 LIMIT 1   [ RunTime:0.0000s ]
SQL: SELECT `name` FROM `dd_product_cate` WHERE `id` = 4 LIMIT 1   [ RunTime:0.0000s ]
SQL: SELECT `name` FROM `dd_product_cate` WHERE `id` = 1 LIMIT 1   [ RunTime:0.0000s ]
SQL: SELECT `name` FROM `dd_product_cate` WHERE `id` = 2 LIMIT 1   [ RunTime:0.0000s ]
INFO: [ view_parse ] --START--
INFO: [ template_filter ] --START--
INFO: Run Behavior\ContentReplaceBehavior [ RunTime:0.000000s ]
INFO: [ template_filter ] --END-- [ RunTime:0.000000s ]
INFO: Run Behavior\ParseTemplateBehavior [ RunTime:0.027002s ]
INFO: [ view_parse ] --END-- [ RunTime:0.027002s ]
INFO: [ view_filter ] --START--
INFO: Run Behavior\WriteHtmlCacheBehavior [ RunTime:0.001000s ]
INFO: [ view_filter ] --END-- [ RunTime:0.001000s ]
INFO: [ app_end ] --START--
INFO: Run Behavior\ShowPageTraceBehavior [ RunTime:0.002000s ]
INFO: [ app_end ] --END-- [ RunTime:0.002000s ]

[ 2019-07-11T11:39:31+08:00 ] ::1 /up/admin.php?m=Admin&c=Paper&a=edit&id=15
INFO: [ app_init ] --START--
INFO: Run Behavior\BuildLiteBehavior [ RunTime:0.000000s ]
INFO: [ app_init ] --END-- [ RunTime:0.001000s ]
INFO: [ app_begin ] --START--
INFO: Run Behavior\ReadHtmlCacheBehavior [ RunTime:0.002000s ]
INFO: [ app_begin ] --END-- [ RunTime:0.002000s ]
SQL: SHOW COLUMNS FROM `dd_config` [ RunTime:0.0180s ]
SQL: SELECT * FROM `dd_config`  [ RunTime:0.0020s ]
SQL: SHOW COLUMNS FROM `dd_paper` [ RunTime:0.0160s ]
SQL: SELECT * FROM `dd_paper` WHERE `id` = 15 LIMIT 1   [ RunTime:0.0010s ]
SQL: SHOW COLUMNS FROM `dd_product_cate` [ RunTime:0.0140s ]
SQL: SELECT * FROM `dd_product_cate`  [ RunTime:0.0010s ]
INFO: [ view_parse ] --START--
INFO: [ template_filter ] --START--
INFO: Run Behavior\ContentReplaceBehavior [ RunTime:0.000000s ]
INFO: [ template_filter ] --END-- [ RunTime:0.000000s ]
INFO: Run Behavior\ParseTemplateBehavior [ RunTime:0.028001s ]
INFO: [ view_parse ] --END-- [ RunTime:0.028001s ]
INFO: [ view_filter ] --START--
INFO: Run Behavior\WriteHtmlCacheBehavior [ RunTime:0.001000s ]
INFO: [ view_filter ] --END-- [ RunTime:0.001000s ]
INFO: [ app_end ] --START--
INFO: Run Behavior\ShowPageTraceBehavior [ RunTime:0.001000s ]
INFO: [ app_end ] --END-- [ RunTime:0.001000s ]

[ 2019-07-11T11:39:32+08:00 ] ::1 /up/admin.php?m=Admin&c=Paper&a=get_child_cates&id=0
INFO: [ app_init ] --START--
INFO: Run Behavior\BuildLiteBehavior [ RunTime:0.000000s ]
INFO: [ app_init ] --END-- [ RunTime:0.001000s ]
INFO: [ app_begin ] --START--
INFO: Run Behavior\ReadHtmlCacheBehavior [ RunTime:0.001000s ]
INFO: [ app_begin ] --END-- [ RunTime:0.002000s ]
SQL: SHOW COLUMNS FROM `dd_config` [ RunTime:0.0140s ]
SQL: SELECT * FROM `dd_config`  [ RunTime:0.0010s ]
SQL: SHOW COLUMNS FROM `dd_product_cate` [ RunTime:0.0150s ]
SQL: SELECT * FROM `dd_product_cate` WHERE `pid` = 0  [ RunTime:0.0010s ]

[ 2019-07-11T11:39:33+08:00 ] ::1 /up/admin.php?m=Admin&c=Paper&a=upload&event=setPic&url=.%2FPublic%2Fupload%2Fimages%2F1907%2F11%2F113907348738003152.jpg
INFO: [ app_init ] --START--
INFO: Run Behavior\BuildLiteBehavior [ RunTime:0.000000s ]
INFO: [ app_init ] --END-- [ RunTime:0.001000s ]
INFO: [ app_begin ] --START--
INFO: Run Behavior\ReadHtmlCacheBehavior [ RunTime:0.002000s ]
INFO: [ app_begin ] --END-- [ RunTime:0.002000s ]
SQL: SHOW COLUMNS FROM `dd_config` [ RunTime:0.0160s ]
SQL: SELECT * FROM `dd_config`  [ RunTime:0.0020s ]
INFO: [ view_parse ] --START--
INFO: [ template_filter ] --START--
INFO: Run Behavior\ContentReplaceBehavior [ RunTime:0.000000s ]
INFO: [ template_filter ] --END-- [ RunTime:0.000000s ]
NOTIC: [8] Undefined index: cur_index D:\install\phpstudy\WWW\up\Application\Runtime\Cache\Admin\42684e41b5d7d3bd6b9e714a62a1e7f6.php 第 23 行.
INFO: Run Behavior\ParseTemplateBehavior [ RunTime:0.021001s ]
INFO: [ view_parse ] --END-- [ RunTime:0.021001s ]
INFO: [ view_filter ] --START--
INFO: Run Behavior\WriteHtmlCacheBehavior [ RunTime:0.001000s ]
INFO: [ view_filter ] --END-- [ RunTime:0.001000s ]
INFO: [ app_end ] --START--
INFO: Run Behavior\ShowPageTraceBehavior [ RunTime:0.001000s ]
INFO: [ app_end ] --END-- [ RunTime:0.002000s ]

[ 2019-07-11T11:39:34+08:00 ] ::1 /up/admin.php?m=Admin&c=Paper&a=get_child_cates&id=5
INFO: [ app_init ] --START--
INFO: Run Behavior\BuildLiteBehavior [ RunTime:0.000000s ]
INFO: [ app_init ] --END-- [ RunTime:0.001000s ]
INFO: [ app_begin ] --START--
INFO: Run Behavior\ReadHtmlCacheBehavior [ RunTime:0.001000s ]
INFO: [ app_begin ] --END-- [ RunTime:0.002001s ]
SQL: SHOW COLUMNS FROM `dd_config` [ RunTime:0.0130s ]
SQL: SELECT * FROM `dd_config`  [ RunTime:0.0010s ]
SQL: SHOW COLUMNS FROM `dd_product_cate` [ RunTime:0.0140s ]
SQL: SELECT * FROM `dd_product_cate` WHERE `pid` = 5  [ RunTime:0.0010s ]

[ 2019-07-11T16:10:05+08:00 ] ::1 /up/ADMIN.PHP
INFO: [ app_init ] --START--
INFO: Run Behavior\BuildLiteBehavior [ RunTime:0.000000s ]
INFO: [ app_init ] --END-- [ RunTime:0.001000s ]
INFO: [ app_begin ] --START--
INFO: Run Behavior\ReadHtmlCacheBehavior [ RunTime:0.002000s ]
INFO: [ app_begin ] --END-- [ RunTime:0.002000s ]
SQL: SHOW COLUMNS FROM `dd_config` [ RunTime:0.0580s ]
SQL: SELECT * FROM `dd_config`  [ RunTime:0.0010s ]

[ 2019-07-11T16:10:21+08:00 ] ::1 /up/admin.php
INFO: [ app_init ] --START--
INFO: Run Behavior\BuildLiteBehavior [ RunTime:0.000000s ]
INFO: [ app_init ] --END-- [ RunTime:0.002000s ]
INFO: [ app_begin ] --START--
INFO: Run Behavior\ReadHtmlCacheBehavior [ RunTime:0.002000s ]
INFO: [ app_begin ] --END-- [ RunTime:0.002000s ]
SQL: SHOW COLUMNS FROM `dd_config` [ RunTime:0.0210s ]
SQL: SELECT * FROM `dd_config`  [ RunTime:0.0010s ]

[ 2019-07-11T16:10:22+08:00 ] ::1 /up/admin.php?m=Admin&c=Admin&a=welcome
INFO: [ app_init ] --START--
INFO: Run Behavior\BuildLiteBehavior [ RunTime:0.000000s ]
INFO: [ app_init ] --END-- [ RunTime:0.001000s ]
INFO: [ app_begin ] --START--
INFO: Run Behavior\ReadHtmlCacheBehavior [ RunTime:0.001000s ]
INFO: [ app_begin ] --END-- [ RunTime:0.002000s ]
SQL: SHOW COLUMNS FROM `dd_config` [ RunTime:0.0190s ]
SQL: SELECT * FROM `dd_config`  [ RunTime:0.0010s ]
NOTIC: [8] Undefined variable: info D:\install\phpstudy\WWW\up\Application\Admin\Controller\AdminController.class.php 第 33 行.
INFO: [ view_parse ] --START--
INFO: [ template_filter ] --START--
INFO: Run Behavior\ContentReplaceBehavior [ RunTime:0.001000s ]
INFO: [ template_filter ] --END-- [ RunTime:0.001000s ]
INFO: Run Behavior\ParseTemplateBehavior [ RunTime:0.099006s ]
INFO: [ view_parse ] --END-- [ RunTime:0.099006s ]
INFO: [ view_filter ] --START--
INFO: Run Behavior\WriteHtmlCacheBehavior [ RunTime:0.001000s ]
INFO: [ view_filter ] --END-- [ RunTime:0.001000s ]
INFO: [ app_end ] --START--
INFO: Run Behavior\ShowPageTraceBehavior [ RunTime:0.002000s ]
INFO: [ app_end ] --END-- [ RunTime:0.002000s ]

[ 2019-07-11T16:10:28+08:00 ] ::1 /up/admin.php?m=Admin&c=Index&a=logout
INFO: [ app_init ] --START--
INFO: Run Behavior\BuildLiteBehavior [ RunTime:0.000000s ]
INFO: [ app_init ] --END-- [ RunTime:0.001000s ]
INFO: [ app_begin ] --START--
INFO: Run Behavior\ReadHtmlCacheBehavior [ RunTime:0.003000s ]
INFO: [ app_begin ] --END-- [ RunTime:0.003000s ]
SQL: SHOW COLUMNS FROM `dd_config` [ RunTime:0.0160s ]
SQL: SELECT * FROM `dd_config`  [ RunTime:0.0010s ]

[ 2019-07-11T16:10:29+08:00 ] ::1 /up/admin.php?m=Admin&c=Index&a=logout
INFO: [ app_init ] --START--
INFO: Run Behavior\BuildLiteBehavior [ RunTime:0.000000s ]
INFO: [ app_init ] --END-- [ RunTime:0.001000s ]
INFO: [ app_begin ] --START--
INFO: Run Behavior\ReadHtmlCacheBehavior [ RunTime:0.002000s ]
INFO: [ app_begin ] --END-- [ RunTime:0.002000s ]
SQL: SHOW COLUMNS FROM `dd_config` [ RunTime:0.0190s ]
SQL: SELECT * FROM `dd_config`  [ RunTime:0.0010s ]

[ 2019-07-11T16:10:30+08:00 ] ::1 /up/admin.php?m=Admin&c=Index&a=login
INFO: [ app_init ] --START--
INFO: Run Behavior\BuildLiteBehavior [ RunTime:0.000000s ]
INFO: [ app_init ] --END-- [ RunTime:0.001000s ]
INFO: [ app_begin ] --START--
INFO: Run Behavior\ReadHtmlCacheBehavior [ RunTime:0.001000s ]
INFO: [ app_begin ] --END-- [ RunTime:0.001000s ]
SQL: SHOW COLUMNS FROM `dd_config` [ RunTime:0.0170s ]
SQL: SELECT * FROM `dd_config`  [ RunTime:0.0010s ]
INFO: [ view_parse ] --START--
INFO: [ template_filter ] --START--
INFO: Run Behavior\ContentReplaceBehavior [ RunTime:0.000000s ]
INFO: [ template_filter ] --END-- [ RunTime:0.000000s ]
INFO: Run Behavior\ParseTemplateBehavior [ RunTime:0.112006s ]
INFO: [ view_parse ] --END-- [ RunTime:0.112006s ]
INFO: [ view_filter ] --START--
INFO: Run Behavior\WriteHtmlCacheBehavior [ RunTime:0.002000s ]
INFO: [ view_filter ] --END-- [ RunTime:0.002000s ]
INFO: [ app_end ] --START--
INFO: Run Behavior\ShowPageTraceBehavior [ RunTime:0.001000s ]
INFO: [ app_end ] --END-- [ RunTime:0.001000s ]

[ 2019-07-11T16:10:39+08:00 ] ::1 /up/admin.php?m=Admin&c=Index&a=login
INFO: [ app_init ] --START--
INFO: Run Behavior\BuildLiteBehavior [ RunTime:0.000000s ]
INFO: [ app_init ] --END-- [ RunTime:0.000000s ]
INFO: [ app_begin ] --START--
INFO: Run Behavior\ReadHtmlCacheBehavior [ RunTime:0.000000s ]
INFO: [ app_begin ] --END-- [ RunTime:0.000000s ]
SQL: SHOW COLUMNS FROM `dd_config` [ RunTime:0.0130s ]
SQL: SELECT * FROM `dd_config`  [ RunTime:0.0010s ]
INFO: [ view_parse ] --START--
INFO: [ template_filter ] --START--
INFO: Run Behavior\ContentReplaceBehavior [ RunTime:0.000000s ]
INFO: [ template_filter ] --END-- [ RunTime:0.000000s ]
INFO: Run Behavior\ParseTemplateBehavior [ RunTime:0.015001s ]
INFO: [ view_parse ] --END-- [ RunTime:0.015001s ]
INFO: [ view_filter ] --START--
INFO: Run Behavior\WriteHtmlCacheBehavior [ RunTime:0.001000s ]
INFO: [ view_filter ] --END-- [ RunTime:0.001000s ]
INFO: [ app_end ] --START--
INFO: Run Behavior\ShowPageTraceBehavior [ RunTime:0.001000s ]
INFO: [ app_end ] --END-- [ RunTime:0.002000s ]

[ 2019-07-11T16:17:12+08:00 ] ::1 /up/admin.php
INFO: [ app_init ] --START--
INFO: Run Behavior\BuildLiteBehavior [ RunTime:0.000000s ]
INFO: [ app_init ] --END-- [ RunTime:0.001000s ]
INFO: [ app_begin ] --START--
INFO: Run Behavior\ReadHtmlCacheBehavior [ RunTime:0.002000s ]
INFO: [ app_begin ] --END-- [ RunTime:0.002000s ]
SQL: SHOW COLUMNS FROM `dd_config` [ RunTime:0.0230s ]
SQL: SELECT * FROM `dd_config`  [ RunTime:0.0010s ]

[ 2019-07-11T16:17:13+08:00 ] ::1 /up/admin.php?m=Admin&c=Index&a=login
INFO: [ app_init ] --START--
INFO: Run Behavior\BuildLiteBehavior [ RunTime:0.000000s ]
INFO: [ app_init ] --END-- [ RunTime:0.001000s ]
INFO: [ app_begin ] --START--
INFO: Run Behavior\ReadHtmlCacheBehavior [ RunTime:0.002000s ]
INFO: [ app_begin ] --END-- [ RunTime:0.002000s ]
SQL: SHOW COLUMNS FROM `dd_config` [ RunTime:0.0200s ]
SQL: SELECT * FROM `dd_config`  [ RunTime:0.0010s ]
INFO: [ view_parse ] --START--
INFO: [ template_filter ] --START--
INFO: Run Behavior\ContentReplaceBehavior [ RunTime:0.000000s ]
INFO: [ template_filter ] --END-- [ RunTime:0.000000s ]
INFO: Run Behavior\ParseTemplateBehavior [ RunTime:0.035002s ]
INFO: [ view_parse ] --END-- [ RunTime:0.036002s ]
INFO: [ view_filter ] --START--
INFO: Run Behavior\WriteHtmlCacheBehavior [ RunTime:0.001000s ]
INFO: [ view_filter ] --END-- [ RunTime:0.001000s ]
INFO: [ app_end ] --START--
INFO: Run Behavior\ShowPageTraceBehavior [ RunTime:0.002001s ]
INFO: [ app_end ] --END-- [ RunTime:0.002001s ]

[ 2019-07-11T16:17:22+08:00 ] ::1 /up/admin.php?m=Admin&c=Index&a=login
INFO: [ app_init ] --START--
INFO: Run Behavior\BuildLiteBehavior [ RunTime:0.000000s ]
INFO: [ app_init ] --END-- [ RunTime:0.000000s ]
INFO: [ app_begin ] --START--
INFO: Run Behavior\ReadHtmlCacheBehavior [ RunTime:0.000000s ]
INFO: [ app_begin ] --END-- [ RunTime:0.000000s ]
SQL: SHOW COLUMNS FROM `dd_config` [ RunTime:0.0050s ]
SQL: SELECT * FROM `dd_config`  [ RunTime:0.0000s ]

[ 2019-07-11T16:17:23+08:00 ] ::1 /up/admin.php?m=Admin&c=Admin&a=welcome
INFO: [ app_init ] --START--
INFO: Run Behavior\BuildLiteBehavior [ RunTime:0.000000s ]
INFO: [ app_init ] --END-- [ RunTime:0.001000s ]
INFO: [ app_begin ] --START--
INFO: Run Behavior\ReadHtmlCacheBehavior [ RunTime:0.001000s ]
INFO: [ app_begin ] --END-- [ RunTime:0.001000s ]
SQL: SHOW COLUMNS FROM `dd_config` [ RunTime:0.0180s ]
SQL: SELECT * FROM `dd_config`  [ RunTime:0.0010s ]
NOTIC: [8] Undefined variable: info D:\install\phpstudy\WWW\up\Application\Admin\Controller\AdminController.class.php 第 33 行.
INFO: [ view_parse ] --START--
INFO: [ template_filter ] --START--
INFO: Run Behavior\ContentReplaceBehavior [ RunTime:0.000000s ]
INFO: [ template_filter ] --END-- [ RunTime:0.000000s ]
INFO: Run Behavior\ParseTemplateBehavior [ RunTime:0.036002s ]
INFO: [ view_parse ] --END-- [ RunTime:0.036002s ]
INFO: [ view_filter ] --START--
INFO: Run Behavior\WriteHtmlCacheBehavior [ RunTime:0.002001s ]
INFO: [ view_filter ] --END-- [ RunTime:0.002001s ]
INFO: [ app_end ] --START--
INFO: Run Behavior\ShowPageTraceBehavior [ RunTime:0.002000s ]
INFO: [ app_end ] --END-- [ RunTime:0.002000s ]

[ 2019-07-11T16:17:30+08:00 ] ::1 /up/admin.php?m=Admin&c=Paper&a=index
INFO: [ app_init ] --START--
INFO: Run Behavior\BuildLiteBehavior [ RunTime:0.000000s ]
INFO: [ app_init ] --END-- [ RunTime:0.001000s ]
INFO: [ app_begin ] --START--
INFO: Run Behavior\ReadHtmlCacheBehavior [ RunTime:0.002000s ]
INFO: [ app_begin ] --END-- [ RunTime:0.002000s ]
SQL: SHOW COLUMNS FROM `dd_config` [ RunTime:0.0130s ]
SQL: SELECT * FROM `dd_config`  [ RunTime:0.0010s ]
SQL: SHOW COLUMNS FROM `dd_paper` [ RunTime:0.0170s ]
NOTIC: [8] Undefined variable: where D:\install\phpstudy\WWW\up\Application\Admin\Controller\PaperController.class.php 第 8 行.
SQL: SELECT COUNT(*) AS tp_count FROM `dd_paper` LIMIT 1   [ RunTime:0.0010s ]
NOTIC: [8] Undefined variable: where D:\install\phpstudy\WWW\up\Application\Admin\Controller\PaperController.class.php 第 11 行.
SQL: SELECT * FROM `dd_paper` ORDER BY id desc LIMIT 0,25   [ RunTime:0.0020s ]
SQL: SHOW COLUMNS FROM `dd_product_cate` [ RunTime:0.0180s ]
SQL: SELECT `name` FROM `dd_product_cate` WHERE `id` = 5 LIMIT 1   [ RunTime:0.0010s ]
SQL: SELECT `name` FROM `dd_product_cate` WHERE `id` = 2 LIMIT 1   [ RunTime:0.0010s ]
INFO: [ view_parse ] --START--
INFO: [ template_filter ] --START--
INFO: Run Behavior\ContentReplaceBehavior [ RunTime:0.001000s ]
INFO: [ template_filter ] --END-- [ RunTime:0.001000s ]
INFO: Run Behavior\ParseTemplateBehavior [ RunTime:0.024001s ]
INFO: [ view_parse ] --END-- [ RunTime:0.024001s ]
INFO: [ view_filter ] --START--
INFO: Run Behavior\WriteHtmlCacheBehavior [ RunTime:0.002000s ]
INFO: [ view_filter ] --END-- [ RunTime:0.002000s ]
INFO: [ app_end ] --START--
INFO: Run Behavior\ShowPageTraceBehavior [ RunTime:0.001000s ]
INFO: [ app_end ] --END-- [ RunTime:0.001000s ]

[ 2019-07-11T16:17:34+08:00 ] ::1 /up/admin.php?m=Admin&c=Paper&a=edit
INFO: [ app_init ] --START--
INFO: Run Behavior\BuildLiteBehavior [ RunTime:0.000000s ]
INFO: [ app_init ] --END-- [ RunTime:0.001000s ]
INFO: [ app_begin ] --START--
INFO: Run Behavior\ReadHtmlCacheBehavior [ RunTime:0.001000s ]
INFO: [ app_begin ] --END-- [ RunTime:0.002000s ]
SQL: SHOW COLUMNS FROM `dd_config` [ RunTime:0.0200s ]
SQL: SELECT * FROM `dd_config`  [ RunTime:0.0010s ]
SQL: SHOW COLUMNS FROM `dd_product_cate` [ RunTime:0.0210s ]
SQL: SELECT * FROM `dd_product_cate`  [ RunTime:0.0010s ]
NOTIC: [8] Undefined variable: info D:\install\phpstudy\WWW\up\Application\Admin\Controller\PaperController.class.php 第 58 行.
INFO: [ view_parse ] --START--
INFO: [ template_filter ] --START--
INFO: Run Behavior\ContentReplaceBehavior [ RunTime:0.000000s ]
INFO: [ template_filter ] --END-- [ RunTime:0.000000s ]
INFO: Run Behavior\ParseTemplateBehavior [ RunTime:0.034002s ]
INFO: [ view_parse ] --END-- [ RunTime:0.034002s ]
INFO: [ view_filter ] --START--
INFO: Run Behavior\WriteHtmlCacheBehavior [ RunTime:0.001000s ]
INFO: [ view_filter ] --END-- [ RunTime:0.001000s ]
INFO: [ app_end ] --START--
INFO: Run Behavior\ShowPageTraceBehavior [ RunTime:0.002000s ]
INFO: [ app_end ] --END-- [ RunTime:0.002000s ]

[ 2019-07-11T16:17:35+08:00 ] ::1 /up/admin.php?m=Admin&c=Paper&a=get_child_cates&id=0
INFO: [ app_init ] --START--
INFO: Run Behavior\BuildLiteBehavior [ RunTime:0.000000s ]
INFO: [ app_init ] --END-- [ RunTime:0.002000s ]
INFO: [ app_begin ] --START--
INFO: Run Behavior\ReadHtmlCacheBehavior [ RunTime:0.002000s ]
INFO: [ app_begin ] --END-- [ RunTime:0.003000s ]
SQL: SHOW COLUMNS FROM `dd_config` [ RunTime:0.0130s ]
SQL: SELECT * FROM `dd_config`  [ RunTime:0.0010s ]
SQL: SHOW COLUMNS FROM `dd_product_cate` [ RunTime:0.0120s ]
SQL: SELECT * FROM `dd_product_cate` WHERE `pid` = 0  [ RunTime:0.0000s ]

[ 2019-07-11T16:17:37+08:00 ] ::1 /up/admin.php?m=Admin&c=Paper&a=upload&event=setPic&url=
INFO: [ app_init ] --START--
INFO: Run Behavior\BuildLiteBehavior [ RunTime:0.001001s ]
INFO: [ app_init ] --END-- [ RunTime:0.002001s ]
INFO: [ app_begin ] --START--
INFO: Run Behavior\ReadHtmlCacheBehavior [ RunTime:0.005000s ]
INFO: [ app_begin ] --END-- [ RunTime:0.005000s ]
SQL: SHOW COLUMNS FROM `dd_config` [ RunTime:0.0150s ]
SQL: SELECT * FROM `dd_config`  [ RunTime:0.0010s ]
INFO: [ view_parse ] --START--
INFO: [ template_filter ] --START--
INFO: Run Behavior\ContentReplaceBehavior [ RunTime:0.001000s ]
INFO: [ template_filter ] --END-- [ RunTime:0.001000s ]
INFO: Run Behavior\ParseTemplateBehavior [ RunTime:0.088005s ]
INFO: [ view_parse ] --END-- [ RunTime:0.088005s ]
INFO: [ view_filter ] --START--
INFO: Run Behavior\WriteHtmlCacheBehavior [ RunTime:0.002000s ]
INFO: [ view_filter ] --END-- [ RunTime:0.002000s ]
INFO: [ app_end ] --START--
INFO: Run Behavior\ShowPageTraceBehavior [ RunTime:0.001001s ]
INFO: [ app_end ] --END-- [ RunTime:0.001001s ]

[ 2019-07-11T16:18:30+08:00 ] ::1 /up/admin.php?m=Admin&c=Paper&a=get_child_cates&id=2
INFO: [ app_init ] --START--
INFO: Run Behavior\BuildLiteBehavior [ RunTime:0.000000s ]
INFO: [ app_init ] --END-- [ RunTime:0.001000s ]
INFO: [ app_begin ] --START--
INFO: Run Behavior\ReadHtmlCacheBehavior [ RunTime:0.001000s ]
INFO: [ app_begin ] --END-- [ RunTime:0.001000s ]
SQL: SHOW COLUMNS FROM `dd_config` [ RunTime:0.0312s ]
SQL: SELECT * FROM `dd_config`  [ RunTime:0.0000s ]
SQL: SHOW COLUMNS FROM `dd_product_cate` [ RunTime:0.0156s ]
SQL: SELECT * FROM `dd_product_cate` WHERE `pid` = 2  [ RunTime:0.0000s ]

[ 2019-07-11T16:19:04+08:00 ] ::1 /up/admin.php?m=Admin&c=Paper&a=upload&event=setPic&url=
INFO: [ app_init ] --START--
INFO: Run Behavior\BuildLiteBehavior [ RunTime:0.000000s ]
INFO: [ app_init ] --END-- [ RunTime:0.001001s ]
INFO: [ app_begin ] --START--
INFO: Run Behavior\ReadHtmlCacheBehavior [ RunTime:0.001000s ]
INFO: [ app_begin ] --END-- [ RunTime:0.001000s ]
SQL: SHOW COLUMNS FROM `dd_config` [ RunTime:0.0312s ]
SQL: SELECT * FROM `dd_config`  [ RunTime:0.0000s ]
NOTIC: [8] Undefined index: field D:\install\phpstudy\WWW\up\Application\Admin\Controller\AdminController.class.php 第 111 行.
INFO: [ view_parse ] --START--
INFO: [ template_filter ] --START--
INFO: Run Behavior\ContentReplaceBehavior [ RunTime:0.000000s ]
INFO: [ template_filter ] --END-- [ RunTime:0.000000s ]
NOTIC: [8] Undefined index: cur_index D:\install\phpstudy\WWW\up\Application\Runtime\Cache\Admin\42684e41b5d7d3bd6b9e714a62a1e7f6.php 第 23 行.
INFO: Run Behavior\ParseTemplateBehavior [ RunTime:0.000000s ]
INFO: [ view_parse ] --END-- [ RunTime:0.000000s ]
INFO: [ view_filter ] --START--
INFO: Run Behavior\WriteHtmlCacheBehavior [ RunTime:0.000000s ]
INFO: [ view_filter ] --END-- [ RunTime:0.000000s ]
INFO: [ app_end ] --START--
INFO: Run Behavior\ShowPageTraceBehavior [ RunTime:0.000000s ]
INFO: [ app_end ] --END-- [ RunTime:0.000000s ]

[ 2019-07-11T16:19:31+08:00 ] ::1 /up/admin.php?m=Admin&c=Paper&a=edit
INFO: [ app_init ] --START--
INFO: Run Behavior\BuildLiteBehavior [ RunTime:0.000000s ]
INFO: [ app_init ] --END-- [ RunTime:0.002000s ]
INFO: [ app_begin ] --START--
INFO: Run Behavior\ReadHtmlCacheBehavior [ RunTime:0.002000s ]
INFO: [ app_begin ] --END-- [ RunTime:0.002000s ]
SQL: SHOW COLUMNS FROM `dd_config` [ RunTime:0.0130s ]
SQL: SELECT * FROM `dd_config`  [ RunTime:0.0010s ]
SQL: SHOW COLUMNS FROM `dd_paper` [ RunTime:0.0150s ]
SQL: INSERT INTO `dd_paper` (`title`,`keyword`,`describe`,`store_cate`,`cate_tree`,`pic`,`body`,`create_time`) VALUES ('吉林鲁能温泉小镇','温泉设计、温泉施工','温泉设计施工的经典案例','2','2','./Public/upload/images/1907/11/161904542487009313.jpg','<p style=\"margin-top:0;margin-right:0;margin-bottom:0;margin-left:0;text-indent:0;padding:0 0 0 0 ;text-align:justify;text-justify:inter-ideograph;background:rgb(255,255,255)\"><span style=\"font-family: Arial;color: rgb(51, 51, 51);letter-spacing: 0;font-size: 12px\"><span style=\"font-family:微软雅黑\">温泉小镇位于历城区临港经济开发区，随着政府</span>“<span style=\"font-family:微软雅黑\">东拓北跨</span><span style=\"font-family:Arial\">”</span><span style=\"font-family:微软雅黑\">战略的持续，此地地标作用将进一步显现，人流客流量将进一步</span></span><span style=\"font-family: 微软雅黑;color: rgb(90, 90, 90);letter-spacing: 0;font-size: 12px\">&nbsp;增大。&nbsp;&nbsp;&nbsp;&nbsp;&nbsp;&nbsp;&nbsp;&nbsp;&nbsp;&nbsp;&nbsp;&nbsp;&nbsp;&nbsp;&nbsp;&nbsp;&nbsp;</span></p><p style=\"margin-top:0;margin-right:0;margin-bottom:0;margin-left:0;text-indent:0;padding:0 0 0 0 ;text-align:justify;text-justify:inter-ideograph;background:rgb(255,255,255)\"><span style=\"font-family: 微软雅黑;color: rgb(90, 90, 90);letter-spacing: 0;font-size: 12px\">&nbsp; 我司负责吉林鲁能温泉小镇室内温泉泡池及室外温泉泡池、泳池的水系统设计、施工，园林景观，温泉铺装。</span></p>','1562833170') [ RunTime:0.0020s ]
SQL: SHOW COLUMNS FROM `dd_product_cate` [ RunTime:0.0140s ]
SQL: SELECT * FROM `dd_product_cate`  [ RunTime:0.0010s ]
NOTIC: [8] Undefined variable: info D:\install\phpstudy\WWW\up\Application\Admin\Controller\PaperController.class.php 第 58 行.
INFO: [ view_parse ] --START--
INFO: [ template_filter ] --START--
INFO: Run Behavior\ContentReplaceBehavior [ RunTime:0.000000s ]
INFO: [ template_filter ] --END-- [ RunTime:0.000000s ]
INFO: Run Behavior\ParseTemplateBehavior [ RunTime:0.025001s ]
INFO: [ view_parse ] --END-- [ RunTime:0.025001s ]
INFO: [ view_filter ] --START--
INFO: Run Behavior\WriteHtmlCacheBehavior [ RunTime:0.001000s ]
INFO: [ view_filter ] --END-- [ RunTime:0.001000s ]
INFO: [ app_end ] --START--
INFO: Run Behavior\ShowPageTraceBehavior [ RunTime:0.001000s ]
INFO: [ app_end ] --END-- [ RunTime:0.001000s ]

[ 2019-07-11T16:19:33+08:00 ] ::1 /up/admin.php?m=Admin&c=Paper&a=get_child_cates&id=0
INFO: [ app_init ] --START--
INFO: Run Behavior\BuildLiteBehavior [ RunTime:0.000000s ]
INFO: [ app_init ] --END-- [ RunTime:0.001000s ]
INFO: [ app_begin ] --START--
INFO: Run Behavior\ReadHtmlCacheBehavior [ RunTime:0.001000s ]
INFO: [ app_begin ] --END-- [ RunTime:0.001000s ]
SQL: SHOW COLUMNS FROM `dd_config` [ RunTime:0.0210s ]
SQL: SELECT * FROM `dd_config`  [ RunTime:0.0010s ]
SQL: SHOW COLUMNS FROM `dd_product_cate` [ RunTime:0.0150s ]
SQL: SELECT * FROM `dd_product_cate` WHERE `pid` = 0  [ RunTime:0.0010s ]

[ 2019-07-11T16:19:34+08:00 ] ::1 /up/admin.php?m=Admin&c=Paper&a=upload&event=setPic&url=
INFO: [ app_init ] --START--
INFO: Run Behavior\BuildLiteBehavior [ RunTime:0.000000s ]
INFO: [ app_init ] --END-- [ RunTime:0.001000s ]
INFO: [ app_begin ] --START--
INFO: Run Behavior\ReadHtmlCacheBehavior [ RunTime:0.001000s ]
INFO: [ app_begin ] --END-- [ RunTime:0.001000s ]
SQL: SHOW COLUMNS FROM `dd_config` [ RunTime:0.0200s ]
SQL: SELECT * FROM `dd_config`  [ RunTime:0.0010s ]
INFO: [ view_parse ] --START--
INFO: [ template_filter ] --START--
INFO: Run Behavior\ContentReplaceBehavior [ RunTime:0.000000s ]
INFO: [ template_filter ] --END-- [ RunTime:0.000000s ]
INFO: Run Behavior\ParseTemplateBehavior [ RunTime:0.015001s ]
INFO: [ view_parse ] --END-- [ RunTime:0.015001s ]
INFO: [ view_filter ] --START--
INFO: Run Behavior\WriteHtmlCacheBehavior [ RunTime:0.002000s ]
INFO: [ view_filter ] --END-- [ RunTime:0.002000s ]
INFO: [ app_end ] --START--
INFO: Run Behavior\ShowPageTraceBehavior [ RunTime:0.001000s ]
INFO: [ app_end ] --END-- [ RunTime:0.001000s ]

[ 2019-07-11T16:23:51+08:00 ] ::1 /up/admin.php?m=Admin&c=Paper&a=index
INFO: [ app_init ] --START--
INFO: Run Behavior\BuildLiteBehavior [ RunTime:0.000000s ]
INFO: [ app_init ] --END-- [ RunTime:0.001000s ]
INFO: [ app_begin ] --START--
INFO: Run Behavior\ReadHtmlCacheBehavior [ RunTime:0.002000s ]
INFO: [ app_begin ] --END-- [ RunTime:0.002000s ]
SQL: SHOW COLUMNS FROM `dd_config` [ RunTime:0.0210s ]
SQL: SELECT * FROM `dd_config`  [ RunTime:0.0010s ]
SQL: SHOW COLUMNS FROM `dd_paper` [ RunTime:0.0180s ]
NOTIC: [8] Undefined variable: where D:\install\phpstudy\WWW\up\Application\Admin\Controller\PaperController.class.php 第 8 行.
SQL: SELECT COUNT(*) AS tp_count FROM `dd_paper` LIMIT 1   [ RunTime:0.0010s ]
NOTIC: [8] Undefined variable: where D:\install\phpstudy\WWW\up\Application\Admin\Controller\PaperController.class.php 第 11 行.
SQL: SELECT * FROM `dd_paper` ORDER BY id desc LIMIT 0,25   [ RunTime:0.0020s ]
SQL: SHOW COLUMNS FROM `dd_product_cate` [ RunTime:0.0180s ]
SQL: SELECT `name` FROM `dd_product_cate` WHERE `id` = 2 LIMIT 1   [ RunTime:0.0000s ]
SQL: SELECT `name` FROM `dd_product_cate` WHERE `id` = 5 LIMIT 1   [ RunTime:0.0000s ]
SQL: SELECT `name` FROM `dd_product_cate` WHERE `id` = 2 LIMIT 1   [ RunTime:0.0000s ]
INFO: [ view_parse ] --START--
INFO: [ template_filter ] --START--
INFO: Run Behavior\ContentReplaceBehavior [ RunTime:0.001000s ]
INFO: [ template_filter ] --END-- [ RunTime:0.001000s ]
INFO: Run Behavior\ParseTemplateBehavior [ RunTime:0.025002s ]
INFO: [ view_parse ] --END-- [ RunTime:0.025002s ]
INFO: [ view_filter ] --START--
INFO: Run Behavior\WriteHtmlCacheBehavior [ RunTime:0.001000s ]
INFO: [ view_filter ] --END-- [ RunTime:0.001000s ]
INFO: [ app_end ] --START--
INFO: Run Behavior\ShowPageTraceBehavior [ RunTime:0.001000s ]
INFO: [ app_end ] --END-- [ RunTime:0.001000s ]

[ 2019-07-11T16:28:23+08:00 ] ::1 /up/admin.php?m=Admin&c=Paper&a=edit
INFO: [ app_init ] --START--
INFO: Run Behavior\BuildLiteBehavior [ RunTime:0.000000s ]
INFO: [ app_init ] --END-- [ RunTime:0.001000s ]
INFO: [ app_begin ] --START--
INFO: Run Behavior\ReadHtmlCacheBehavior [ RunTime:0.001000s ]
INFO: [ app_begin ] --END-- [ RunTime:0.001000s ]
SQL: SHOW COLUMNS FROM `dd_config` [ RunTime:0.0240s ]
SQL: SELECT * FROM `dd_config`  [ RunTime:0.0010s ]
SQL: SHOW COLUMNS FROM `dd_product_cate` [ RunTime:0.0150s ]
SQL: SELECT * FROM `dd_product_cate`  [ RunTime:0.0010s ]
NOTIC: [8] Undefined variable: info D:\install\phpstudy\WWW\up\Application\Admin\Controller\PaperController.class.php 第 58 行.
INFO: [ view_parse ] --START--
INFO: [ template_filter ] --START--
INFO: Run Behavior\ContentReplaceBehavior [ RunTime:0.000000s ]
INFO: [ template_filter ] --END-- [ RunTime:0.000000s ]
INFO: Run Behavior\ParseTemplateBehavior [ RunTime:0.045003s ]
INFO: [ view_parse ] --END-- [ RunTime:0.045003s ]
INFO: [ view_filter ] --START--
INFO: Run Behavior\WriteHtmlCacheBehavior [ RunTime:0.001000s ]
INFO: [ view_filter ] --END-- [ RunTime:0.001000s ]
INFO: [ app_end ] --START--
INFO: Run Behavior\ShowPageTraceBehavior [ RunTime:0.001000s ]
INFO: [ app_end ] --END-- [ RunTime:0.002000s ]

[ 2019-07-11T16:28:24+08:00 ] ::1 /up/admin.php?m=Admin&c=Paper&a=get_child_cates&id=0
INFO: [ app_init ] --START--
INFO: Run Behavior\BuildLiteBehavior [ RunTime:0.000000s ]
INFO: [ app_init ] --END-- [ RunTime:0.001000s ]
INFO: [ app_begin ] --START--
INFO: Run Behavior\ReadHtmlCacheBehavior [ RunTime:0.002000s ]
INFO: [ app_begin ] --END-- [ RunTime:0.002000s ]
SQL: SHOW COLUMNS FROM `dd_config` [ RunTime:0.0180s ]
SQL: SELECT * FROM `dd_config`  [ RunTime:0.0010s ]
SQL: SHOW COLUMNS FROM `dd_product_cate` [ RunTime:0.0170s ]
SQL: SELECT * FROM `dd_product_cate` WHERE `pid` = 0  [ RunTime:0.0010s ]

[ 2019-07-11T16:28:26+08:00 ] ::1 /up/admin.php?m=Admin&c=Paper&a=upload&event=setPic&url=
INFO: [ app_init ] --START--
INFO: Run Behavior\BuildLiteBehavior [ RunTime:0.000000s ]
INFO: [ app_init ] --END-- [ RunTime:0.001000s ]
INFO: [ app_begin ] --START--
INFO: Run Behavior\ReadHtmlCacheBehavior [ RunTime:0.002000s ]
INFO: [ app_begin ] --END-- [ RunTime:0.002000s ]
SQL: SHOW COLUMNS FROM `dd_config` [ RunTime:0.0130s ]
SQL: SELECT * FROM `dd_config`  [ RunTime:0.0010s ]
INFO: [ view_parse ] --START--
INFO: [ template_filter ] --START--
INFO: Run Behavior\ContentReplaceBehavior [ RunTime:0.000000s ]
INFO: [ template_filter ] --END-- [ RunTime:0.000000s ]
INFO: Run Behavior\ParseTemplateBehavior [ RunTime:0.037002s ]
INFO: [ view_parse ] --END-- [ RunTime:0.037002s ]
INFO: [ view_filter ] --START--
INFO: Run Behavior\WriteHtmlCacheBehavior [ RunTime:0.001001s ]
INFO: [ view_filter ] --END-- [ RunTime:0.001001s ]
INFO: [ app_end ] --START--
INFO: Run Behavior\ShowPageTraceBehavior [ RunTime:0.002000s ]
INFO: [ app_end ] --END-- [ RunTime:0.002000s ]

